#
# There is insufficient memory for the Java Runtime Environment to continue.
# Native memory allocation (mmap) failed to map 1379401728 bytes for committing reserved memory.
# Possible reasons:
#   The system is out of physical RAM or swap space
#   The process is running with CompressedOops enabled, and the Java Heap may be blocking the growth of the native heap
# Possible solutions:
#   Reduce memory load on the system
#   Increase physical memory or swap space
#   Check if swap backing store is full
#   Decrease Java heap size (-Xmx/-Xms)
#   Decrease number of Java threads
#   Decrease Java thread stack sizes (-Xss)
#   Set larger code cache with -XX:ReservedCodeCacheSize=
#   JVM is running with Zero Based Compressed Oops mode in which the Java heap is
#     placed in the first 32GB address space. The Java Heap base address is the
#     maximum limit for the native heap growth. Please use -XX:HeapBaseMinAddress
#     to set the Java Heap base and to place the Java Heap above 32GB virtual address.
# This output file may be truncated or incomplete.
#
#  Out of Memory Error (os_linux.cpp:2757), pid=28562, tid=0x00007f2cf6aea700
#
# JRE version: OpenJDK Runtime Environment (8.0_222-b10) (build 1.8.0_222-8u222-b10-1ubuntu1~18.04.1-b10)
# Java VM: OpenJDK 64-Bit Server VM (25.222-b10 mixed mode linux-amd64 compressed oops)
# Failed to write core dump. Core dumps have been disabled. To enable core dumping, try "ulimit -c unlimited" before starting Java again
#

---------------  T H R E A D  ---------------

Current thread (0x00007f2d2020c800):  VMThread [stack: 0x00007f2cf69eb000,0x00007f2cf6aeb000] [id=28577]

Stack: [0x00007f2cf69eb000,0x00007f2cf6aeb000],  sp=0x00007f2cf6ae94a0,  free space=1017k
Native frames: (J=compiled Java code, j=interpreted, Vv=VM code, C=native code)
V  [libjvm.so+0xab8992]
V  [libjvm.so+0x4dbfd7]
V  [libjvm.so+0x8f33a0]
V  [libjvm.so+0x8ea46e]
V  [libjvm.so+0x96e106]
V  [libjvm.so+0x96f478]
V  [libjvm.so+0x96ba76]
V  [libjvm.so+0x96be0c]
V  [libjvm.so+0x91a5a8]
V  [libjvm.so+0xaba662]
V  [libjvm.so+0xabf1d6]
V  [libjvm.so+0xabd4d5]
V  [libjvm.so+0xabddad]
V  [libjvm.so+0xabe1b8]
V  [libjvm.so+0x8f0732]

VM_Operation (0x00007f2cf51e8240): ParallelGCFailedAllocation, mode: safepoint, requested by thread 0x00007f2d20c34800


---------------  P R O C E S S  ---------------

Java Threads: ( => current thread )
  0x00007f2d20c3f000 JavaThread "Thread-12" [_thread_blocked, id=28609, stack(0x00007f2cf436b000,0x00007f2cf446c000)]
  0x00007f2d20c34800 JavaThread "pool-1-thread-1" [_thread_blocked, id=28608, stack(0x00007f2cf50e9000,0x00007f2cf51ea000)]
  0x00007f2d20a41800 JavaThread "process reaper" daemon [_thread_blocked, id=28588, stack(0x00007f2cf51ea000,0x00007f2cf5223000)]
  0x00007f2d2025e800 JavaThread "Service Thread" daemon [_thread_blocked, id=28585, stack(0x00007f2cf5813000,0x00007f2cf5914000)]
  0x00007f2d20253800 JavaThread "C1 CompilerThread3" daemon [_thread_blocked, id=28584, stack(0x00007f2cf5915000,0x00007f2cf5a15000)]
  0x00007f2d20251800 JavaThread "C2 CompilerThread2" daemon [_thread_blocked, id=28583, stack(0x00007f2cf5a16000,0x00007f2cf5b16000)]
  0x00007f2d2024f800 JavaThread "C2 CompilerThread1" daemon [_thread_blocked, id=28582, stack(0x00007f2cf5b17000,0x00007f2cf5c17000)]
  0x00007f2d2024c800 JavaThread "C2 CompilerThread0" daemon [_thread_blocked, id=28581, stack(0x00007f2cf5c18000,0x00007f2cf5d18000)]
  0x00007f2d2024b000 JavaThread "Signal Dispatcher" daemon [_thread_blocked, id=28580, stack(0x00007f2cf5d18000,0x00007f2cf5e19000)]
  0x00007f2d20218800 JavaThread "Finalizer" daemon [_thread_blocked, id=28579, stack(0x00007f2cf67e8000,0x00007f2cf68e9000)]
  0x00007f2d20216000 JavaThread "Reference Handler" daemon [_thread_blocked, id=28578, stack(0x00007f2cf68e9000,0x00007f2cf69ea000)]
  0x00007f2d2000b800 JavaThread "main" [_thread_blocked, id=28566, stack(0x00007f2d2954b000,0x00007f2d2964b000)]

Other Threads:
=>0x00007f2d2020c800 VMThread [stack: 0x00007f2cf69eb000,0x00007f2cf6aeb000] [id=28577]
  0x00007f2d20261000 WatcherThread [stack: 0x00007f2cf5713000,0x00007f2cf5813000] [id=28586]

VM state:at safepoint (normal execution)

VM Mutex/Monitor currently owned by a thread:  ([mutex/lock_event])
[0x00007f2d20007c60] Threads_lock - owner thread: 0x00007f2d2020c800
[0x00007f2d20008160] Heap_lock - owner thread: 0x00007f2d20c34800

heap address: 0x0000000455000000, size: 14000 MB, Compressed Oops mode: Zero based, Oop shift amount: 3
Narrow klass base: 0x0000000000000000, Narrow klass shift: 3
Compressed class space size: 1073741824 Address: 0x00000007c0000000

Heap:
 PSYoungGen      total 3388416K, used 23763K [0x000000069c580000, 0x000000076d080000, 0x00000007c0000000)
  eden space 3361280K, 0% used [0x000000069c580000,0x000000069c580000,0x0000000769800000)
  from space 27136K, 87% used [0x0000000769800000,0x000000076af34c98,0x000000076b280000)
  to   space 23552K, 0% used [0x000000076b280000,0x000000076b280000,0x000000076c980000)
 ParOldGen       total 171008K, used 45745K [0x0000000455000000, 0x000000045f700000, 0x000000069c580000)
  object space 171008K, 26% used [0x0000000455000000,0x0000000457cac580,0x000000045f700000)
 Metaspace       used 13365K, capacity 13668K, committed 13952K, reserved 1060864K
  class space    used 1546K, capacity 1622K, committed 1664K, reserved 1048576K

Card table byte_map: [0x00007f2d0f4a7000,0x00007f2d11000000] byte_map_base: 0x00007f2d0d1ff000

Marking Bits: (ParMarkBitMap*) 0x00007f2d287e5360
 Begin Bits: [0x00007f2cbca80000, 0x00007f2cca540000)
 End Bits:   [0x00007f2cca540000, 0x00007f2cd8000000)

Polling page: 0x00007f2d29666000

CodeCache: size=245760Kb used=6157Kb max_used=8317Kb free=239602Kb
 bounds [0x00007f2d11000000, 0x00007f2d11850000, 0x00007f2d20000000]
 total_blobs=2091 nmethods=1717 adapters=288
 compilation: enabled

Compilation events (10 events):
Event: 9,237 Thread 0x00007f2d20253800 2269       3       java.util.concurrent.locks.ReentrantLock$Sync::isHeldExclusively (16 bytes)
Event: 9,237 Thread 0x00007f2d20253800 nmethod 2269 0x00007f2d113c1310 code [0x00007f2d113c1480, 0x00007f2d113c16f0]
Event: 9,237 Thread 0x00007f2d20253800 2268       3       java.util.WeakHashMap::get (77 bytes)
Event: 9,238 Thread 0x00007f2d20253800 nmethod 2268 0x00007f2d114ff690 code [0x00007f2d114ff880, 0x00007f2d11500128]
Event: 9,238 Thread 0x00007f2d20253800 2270       3       java.nio.charset.Charset::forName (20 bytes)
Event: 9,238 Thread 0x00007f2d20253800 nmethod 2270 0x00007f2d11402bd0 code [0x00007f2d11402d40, 0x00007f2d11402f98]
Event: 9,775 Thread 0x00007f2d20253800 2271   !   3       org.apache.hadoop.util.ReflectionUtils::newInstance (70 bytes)
Event: 9,775 Thread 0x00007f2d20253800 nmethod 2271 0x00007f2d1154da90 code [0x00007f2d1154dd00, 0x00007f2d1154eb28]
Event: 9,776 Thread 0x00007f2d20253800 2272       3       java.util.concurrent.locks.AbstractQueuedSynchronizer$Node::predecessor (19 bytes)
Event: 9,776 Thread 0x00007f2d20253800 nmethod 2272 0x00007f2d11536750 code [0x00007f2d115368c0, 0x00007f2d11536b08]

GC Heap History (10 events):
Event: 3,155 GC heap after
Heap after GC invocations=12 (full 0):
 PSYoungGen      total 1328128K, used 3776K [0x000000069c580000, 0x00000006ee180000, 0x00000007c0000000)
  eden space 1318400K, 0% used [0x000000069c580000,0x000000069c580000,0x00000006ecd00000)
  from space 9728K, 38% used [0x00000006ed700000,0x00000006edab0000,0x00000006ee080000)
  to   space 10240K, 0% used [0x00000006ecd00000,0x00000006ecd00000,0x00000006ed700000)
 ParOldGen       total 171008K, used 22955K [0x0000000455000000, 0x000000045f700000, 0x000000069c580000)
  object space 171008K, 13% used [0x0000000455000000,0x000000045666aed0,0x000000045f700000)
 Metaspace       used 13151K, capacity 13446K, committed 13696K, reserved 1060864K
  class space    used 1528K, capacity 1617K, committed 1664K, reserved 1048576K
}
Event: 3,558 GC heap before
{Heap before GC invocations=13 (full 0):
 PSYoungGen      total 1328128K, used 1322176K [0x000000069c580000, 0x00000006ee180000, 0x00000007c0000000)
  eden space 1318400K, 100% used [0x000000069c580000,0x00000006ecd00000,0x00000006ecd00000)
  from space 9728K, 38% used [0x00000006ed700000,0x00000006edab0000,0x00000006ee080000)
  to   space 10240K, 0% used [0x00000006ecd00000,0x00000006ecd00000,0x00000006ed700000)
 ParOldGen       total 171008K, used 22955K [0x0000000455000000, 0x000000045f700000, 0x000000069c580000)
  object space 171008K, 13% used [0x0000000455000000,0x000000045666aed0,0x000000045f700000)
 Metaspace       used 13151K, capacity 13446K, committed 13696K, reserved 1060864K
  class space    used 1528K, capacity 1617K, committed 1664K, reserved 1048576K
Event: 3,584 GC heap after
Heap after GC invocations=13 (full 0):
 PSYoungGen      total 1328640K, used 10208K [0x000000069c580000, 0x000000071ea80000, 0x00000007c0000000)
  eden space 1318400K, 0% used [0x000000069c580000,0x000000069c580000,0x00000006ecd00000)
  from space 10240K, 99% used [0x00000006ecd00000,0x00000006ed6f8050,0x00000006ed700000)
  to   space 12800K, 0% used [0x000000071de00000,0x000000071de00000,0x000000071ea80000)
 ParOldGen       total 171008K, used 27939K [0x0000000455000000, 0x000000045f700000, 0x000000069c580000)
  object space 171008K, 16% used [0x0000000455000000,0x0000000456b48ed0,0x000000045f700000)
 Metaspace       used 13151K, capacity 13446K, committed 13696K, reserved 1060864K
  class space    used 1528K, capacity 1617K, committed 1664K, reserved 1048576K
}
Event: 4,528 GC heap before
{Heap before GC invocations=14 (full 0):
 PSYoungGen      total 1328640K, used 1328608K [0x000000069c580000, 0x000000071ea80000, 0x00000007c0000000)
  eden space 1318400K, 100% used [0x000000069c580000,0x00000006ecd00000,0x00000006ecd00000)
  from space 10240K, 99% used [0x00000006ecd00000,0x00000006ed6f8050,0x00000006ed700000)
  to   space 12800K, 0% used [0x000000071de00000,0x000000071de00000,0x000000071ea80000)
 ParOldGen       total 171008K, used 27939K [0x0000000455000000, 0x000000045f700000, 0x000000069c580000)
  object space 171008K, 16% used [0x0000000455000000,0x0000000456b48ed0,0x000000045f700000)
 Metaspace       used 13305K, capacity 13592K, committed 13952K, reserved 1060864K
  class space    used 1543K, capacity 1620K, committed 1664K, reserved 1048576K
Event: 4,585 GC heap after
Heap after GC invocations=14 (full 0):
 PSYoungGen      total 2115584K, used 12789K [0x000000069c580000, 0x000000071f780000, 0x00000007c0000000)
  eden space 2102784K, 0% used [0x000000069c580000,0x000000069c580000,0x000000071cb00000)
  from space 12800K, 99% used [0x000000071de00000,0x000000071ea7d510,0x000000071ea80000)
  to   space 19456K, 0% used [0x000000071cb00000,0x000000071cb00000,0x000000071de00000)
 ParOldGen       total 171008K, used 40898K [0x0000000455000000, 0x000000045f700000, 0x000000069c580000)
  object space 171008K, 23% used [0x0000000455000000,0x00000004577f0a30,0x000000045f700000)
 Metaspace       used 13305K, capacity 13592K, committed 13952K, reserved 1060864K
  class space    used 1543K, capacity 1620K, committed 1664K, reserved 1048576K
}
Event: 6,719 GC heap before
{Heap before GC invocations=15 (full 0):
 PSYoungGen      total 2115584K, used 2115573K [0x000000069c580000, 0x000000071f780000, 0x00000007c0000000)
  eden space 2102784K, 100% used [0x000000069c580000,0x000000071cb00000,0x000000071cb00000)
  from space 12800K, 99% used [0x000000071de00000,0x000000071ea7d510,0x000000071ea80000)
  to   space 19456K, 0% used [0x000000071cb00000,0x000000071cb00000,0x000000071de00000)
 ParOldGen       total 171008K, used 40898K [0x0000000455000000, 0x000000045f700000, 0x000000069c580000)
  object space 171008K, 23% used [0x0000000455000000,0x00000004577f0a30,0x000000045f700000)
 Metaspace       used 13354K, capacity 13656K, committed 13952K, reserved 1060864K
  class space    used 1545K, capacity 1620K, committed 1664K, reserved 1048576K
Event: 6,734 GC heap after
Heap after GC invocations=15 (full 0):
 PSYoungGen      total 2122240K, used 19445K [0x000000069c580000, 0x000000076c980000, 0x00000007c0000000)
  eden space 2102784K, 0% used [0x000000069c580000,0x000000069c580000,0x000000071cb00000)
  from space 19456K, 99% used [0x000000071cb00000,0x000000071ddfd598,0x000000071de00000)
  to   space 23552K, 0% used [0x000000076b280000,0x000000076b280000,0x000000076c980000)
 ParOldGen       total 171008K, used 45576K [0x0000000455000000, 0x000000045f700000, 0x000000069c580000)
  object space 171008K, 26% used [0x0000000455000000,0x0000000457c82008,0x000000045f700000)
 Metaspace       used 13354K, capacity 13656K, committed 13952K, reserved 1060864K
  class space    used 1545K, capacity 1620K, committed 1664K, reserved 1048576K
}
Event: 8,469 GC heap before
{Heap before GC invocations=16 (full 0):
 PSYoungGen      total 2122240K, used 2122229K [0x000000069c580000, 0x000000076c980000, 0x00000007c0000000)
  eden space 2102784K, 100% used [0x000000069c580000,0x000000071cb00000,0x000000071cb00000)
  from space 19456K, 99% used [0x000000071cb00000,0x000000071ddfd598,0x000000071de00000)
  to   space 23552K, 0% used [0x000000076b280000,0x000000076b280000,0x000000076c980000)
 ParOldGen       total 171008K, used 45576K [0x0000000455000000, 0x000000045f700000, 0x000000069c580000)
  object space 171008K, 26% used [0x0000000455000000,0x0000000457c82008,0x000000045f700000)
 Metaspace       used 13358K, capacity 13662K, committed 13952K, reserved 1060864K
  class space    used 1545K, capacity 1621K, committed 1664K, reserved 1048576K
Event: 8,508 GC heap after
Heap after GC invocations=16 (full 0):
 PSYoungGen      total 3384832K, used 23543K [0x000000069c580000, 0x000000076d080000, 0x00000007c0000000)
  eden space 3361280K, 0% used [0x000000069c580000,0x000000069c580000,0x0000000769800000)
  from space 23552K, 99% used [0x000000076b280000,0x000000076c97dd68,0x000000076c980000)
  to   space 27136K, 0% used [0x0000000769800000,0x0000000769800000,0x000000076b280000)
 ParOldGen       total 171008K, used 45681K [0x0000000455000000, 0x000000045f700000, 0x000000069c580000)
  object space 171008K, 26% used [0x0000000455000000,0x0000000457c9c580,0x000000045f700000)
 Metaspace       used 13358K, capacity 13662K, committed 13952K, reserved 1060864K
  class space    used 1545K, capacity 1621K, committed 1664K, reserved 1048576K
}
Event: 11,620 GC heap before
{Heap before GC invocations=17 (full 0):
 PSYoungGen      total 3384832K, used 3384823K [0x000000069c580000, 0x000000076d080000, 0x00000007c0000000)
  eden space 3361280K, 100% used [0x000000069c580000,0x0000000769800000,0x0000000769800000)
  from space 23552K, 99% used [0x000000076b280000,0x000000076c97dd68,0x000000076c980000)
  to   space 27136K, 0% used [0x0000000769800000,0x0000000769800000,0x000000076b280000)
 ParOldGen       total 171008K, used 45681K [0x0000000455000000, 0x000000045f700000, 0x000000069c580000)
  object space 171008K, 26% used [0x0000000455000000,0x0000000457c9c580,0x000000045f700000)
 Metaspace       used 13365K, capacity 13668K, committed 13952K, reserved 1060864K
  class space    used 1546K, capacity 1622K, committed 1664K, reserved 1048576K

Deoptimization events (10 events):
Event: 4,852 Thread 0x00007f2d20c34800 Uncommon trap: reason=unstable_if action=reinterpret pc=0x00007f2d117d2dfc method=org.apache.hama.graph.Vertex.readFields(Ljava/io/DataInput;)V @ 107
Event: 4,853 Thread 0x00007f2d20c34800 Uncommon trap: reason=unstable_if action=reinterpret pc=0x00007f2d117c6914 method=org.apache.hama.graph.Vertex.readFields(Ljava/io/DataInput;)V @ 107
Event: 4,853 Thread 0x00007f2c88075800 Uncommon trap: reason=unstable_if action=reinterpret pc=0x00007f2d117e5298 method=org.apache.hama.graph.GraphJobRunner$ComputeRunnable.run()V @ 9
Event: 4,853 Thread 0x00007f2c88075800 Uncommon trap: reason=class_check action=maybe_recompile pc=0x00007f2d11800944 method=com.mycompany.pageramk.IndependentCascade$IndependentCascadeVertex.compute(Ljava/lang/Iterable;)V @ 1
Event: 4,854 Thread 0x00007f2c88078800 Uncommon trap: reason=class_check action=maybe_recompile pc=0x00007f2d11800944 method=com.mycompany.pageramk.IndependentCascade$IndependentCascadeVertex.compute(Ljava/lang/Iterable;)V @ 1
Event: 4,857 Thread 0x00007f2c88072000 Uncommon trap: reason=class_check action=maybe_recompile pc=0x00007f2d11800944 method=com.mycompany.pageramk.IndependentCascade$IndependentCascadeVertex.compute(Ljava/lang/Iterable;)V @ 1
Event: 4,857 Thread 0x00007f2c88075800 Uncommon trap: reason=class_check action=maybe_recompile pc=0x00007f2d11800944 method=com.mycompany.pageramk.IndependentCascade$IndependentCascadeVertex.compute(Ljava/lang/Iterable;)V @ 1
Event: 5,612 Thread 0x00007f2d20c34800 Uncommon trap: reason=unstable_if action=reinterpret pc=0x00007f2d1136abe4 method=org.apache.hama.graph.GraphJobRunner.doSuperstep(Lorg/apache/hama/graph/GraphJobMessage;Lorg/apache/hama/bsp/BSPPeer;)V @ 241
Event: 7,030 Thread 0x00007f2d20c34800 Uncommon trap: reason=unstable_if action=reinterpret pc=0x00007f2d116fed24 method=java.util.concurrent.locks.AbstractQueuedSynchronizer.release(I)Z @ 14
Event: 9,776 Thread 0x00007f2c88072000 Uncommon trap: reason=unstable_if action=reinterpret pc=0x00007f2d117ed32c method=java.util.concurrent.ThreadPoolExecutor.runWorker(Ljava/util/concurrent/ThreadPoolExecutor$Worker;)V @ 56

Classes redefined (0 events):
No events

Internal exceptions (10 events):
Event: 3,710 Thread 0x00007f2c88047800 Implicit null exception at 0x00007f2d116d2a4c to 0x00007f2d116d2b75
Event: 3,710 Thread 0x00007f2c88075800 Implicit null exception at 0x00007f2d116d2a4c to 0x00007f2d116d2b75
Event: 3,710 Thread 0x00007f2c88070000 Implicit null exception at 0x00007f2d116d2a4c to 0x00007f2d116d2b75
Event: 3,710 Thread 0x00007f2c88078800 Implicit null exception at 0x00007f2d116d2a4c to 0x00007f2d116d2b75
Event: 3,710 Thread 0x00007f2c88072000 Implicit null exception at 0x00007f2d116d2a4c to 0x00007f2d116d2b75
Event: 3,710 Thread 0x00007f2c88049800 Implicit null exception at 0x00007f2d116d2a4c to 0x00007f2d116d2b75
Event: 3,710 Thread 0x00007f2c88073800 Implicit null exception at 0x00007f2d116d2a4c to 0x00007f2d116d2b75
Event: 3,715 Thread 0x00007f2d20c34800 Implicit null exception at 0x00007f2d116c2c95 to 0x00007f2d116c2cc5
Event: 4,830 Thread 0x00007f2d20c34800 Implicit null exception at 0x00007f2d111189c7 to 0x00007f2d11118f19
Event: 4,852 Thread 0x00007f2d20c34800 Implicit null exception at 0x00007f2d11783c6b to 0x00007f2d11783dbd

Events (10 events):
Event: 9,776 Thread 0x00007f2c88075800 Thread exited: 0x00007f2c88075800
Event: 9,776 Thread 0x00007f2d20253800 flushing nmethod 0x00007f2d1162c1d0
Event: 9,776 Thread 0x00007f2d20253800 flushing nmethod 0x00007f2d116b32d0
Event: 10,379 Thread 0x00007f2c88049000 Thread added: 0x00007f2c88049000
Event: 10,379 Thread 0x00007f2c88075800 Thread added: 0x00007f2c88075800
Event: 10,379 Thread 0x00007f2c88049000 Thread exited: 0x00007f2c88049000
Event: 10,379 Thread 0x00007f2c88075800 Thread exited: 0x00007f2c88075800
Event: 11,134 Thread 0x00007f2c88049000 Thread added: 0x00007f2c88049000
Event: 11,134 Thread 0x00007f2c88049000 Thread exited: 0x00007f2c88049000
Event: 11,620 Executing VM operation: ParallelGCFailedAllocation


Dynamic libraries:
455000000-45f700000 rw-p 00000000 00:00 0 
45f700000-69c580000 ---p 00000000 00:00 0 
69c580000-76d080000 rw-p 00000000 00:00 0 
7bf400000-7c0000000 ---p 00000000 00:00 0 
7c0000000-7c01a0000 rw-p 00000000 00:00 0 
7c01a0000-800000000 ---p 00000000 00:00 0 
56245b1c1000-56245b1c2000 r-xp 00000000 08:12 14684004                   /usr/lib/jvm/java-8-openjdk-amd64/jre/bin/java
56245b3c1000-56245b3c2000 r--p 00000000 08:12 14684004                   /usr/lib/jvm/java-8-openjdk-amd64/jre/bin/java
56245b3c2000-56245b3c3000 rw-p 00001000 08:12 14684004                   /usr/lib/jvm/java-8-openjdk-amd64/jre/bin/java
56245c9cb000-56245c9ec000 rw-p 00000000 00:00 0                          [heap]
7f2c58000000-7f2c58021000 rw-p 00000000 00:00 0 
7f2c58021000-7f2c5c000000 ---p 00000000 00:00 0 
7f2c60000000-7f2c60021000 rw-p 00000000 00:00 0 
7f2c60021000-7f2c64000000 ---p 00000000 00:00 0 
7f2c64000000-7f2c64021000 rw-p 00000000 00:00 0 
7f2c64021000-7f2c68000000 ---p 00000000 00:00 0 
7f2c68000000-7f2c68021000 rw-p 00000000 00:00 0 
7f2c68021000-7f2c6c000000 ---p 00000000 00:00 0 
7f2c6c000000-7f2c6c021000 rw-p 00000000 00:00 0 
7f2c6c021000-7f2c70000000 ---p 00000000 00:00 0 
7f2c70000000-7f2c70021000 rw-p 00000000 00:00 0 
7f2c70021000-7f2c74000000 ---p 00000000 00:00 0 
7f2c74000000-7f2c74021000 rw-p 00000000 00:00 0 
7f2c74021000-7f2c78000000 ---p 00000000 00:00 0 
7f2c78000000-7f2c78021000 rw-p 00000000 00:00 0 
7f2c78021000-7f2c7c000000 ---p 00000000 00:00 0 
7f2c7c000000-7f2c7c021000 rw-p 00000000 00:00 0 
7f2c7c021000-7f2c80000000 ---p 00000000 00:00 0 
7f2c80000000-7f2c80021000 rw-p 00000000 00:00 0 
7f2c80021000-7f2c84000000 ---p 00000000 00:00 0 
7f2c84000000-7f2c84021000 rw-p 00000000 00:00 0 
7f2c84021000-7f2c88000000 ---p 00000000 00:00 0 
7f2c88000000-7f2c8809d000 rw-p 00000000 00:00 0 
7f2c8809d000-7f2c8c000000 ---p 00000000 00:00 0 
7f2c8c000000-7f2c8c021000 rw-p 00000000 00:00 0 
7f2c8c021000-7f2c90000000 ---p 00000000 00:00 0 
7f2c90000000-7f2c90021000 rw-p 00000000 00:00 0 
7f2c90021000-7f2c94000000 ---p 00000000 00:00 0 
7f2c94000000-7f2c94021000 rw-p 00000000 00:00 0 
7f2c94021000-7f2c98000000 ---p 00000000 00:00 0 
7f2c98000000-7f2c98471000 rw-p 00000000 00:00 0 
7f2c98471000-7f2c9c000000 ---p 00000000 00:00 0 
7f2c9c000000-7f2c9c021000 rw-p 00000000 00:00 0 
7f2c9c021000-7f2ca0000000 ---p 00000000 00:00 0 
7f2ca0000000-7f2ca1010000 rw-p 00000000 00:00 0 
7f2ca1010000-7f2ca4000000 ---p 00000000 00:00 0 
7f2ca4000000-7f2ca49df000 rw-p 00000000 00:00 0 
7f2ca49df000-7f2ca8000000 ---p 00000000 00:00 0 
7f2ca8000000-7f2ca8021000 rw-p 00000000 00:00 0 
7f2ca8021000-7f2cac000000 ---p 00000000 00:00 0 
7f2cac000000-7f2cacaeb000 rw-p 00000000 00:00 0 
7f2cacaeb000-7f2cb0000000 ---p 00000000 00:00 0 
7f2cb0000000-7f2cb0021000 rw-p 00000000 00:00 0 
7f2cb0021000-7f2cb4000000 ---p 00000000 00:00 0 
7f2cb4000000-7f2cb4021000 rw-p 00000000 00:00 0 
7f2cb4021000-7f2cb8000000 ---p 00000000 00:00 0 
7f2cb8000000-7f2cb8021000 rw-p 00000000 00:00 0 
7f2cb8021000-7f2cbc000000 ---p 00000000 00:00 0 
7f2cbca80000-7f2cd8000000 rw-p 00000000 00:00 0 
7f2cd8000000-7f2cd8021000 rw-p 00000000 00:00 0 
7f2cd8021000-7f2cdc000000 ---p 00000000 00:00 0 
7f2cdc000000-7f2cdc021000 rw-p 00000000 00:00 0 
7f2cdc021000-7f2ce0000000 ---p 00000000 00:00 0 
7f2ce0000000-7f2ce0021000 rw-p 00000000 00:00 0 
7f2ce0021000-7f2ce4000000 ---p 00000000 00:00 0 
7f2ce7eff000-7f2ce7f02000 ---p 00000000 00:00 0 
7f2ce7f02000-7f2ce8000000 rw-p 00000000 00:00 0 
7f2ce8000000-7f2ce8021000 rw-p 00000000 00:00 0 
7f2ce8021000-7f2cec000000 ---p 00000000 00:00 0 
7f2cec0c1000-7f2cec0c4000 ---p 00000000 00:00 0 
7f2cec0c4000-7f2cec1c2000 rw-p 00000000 00:00 0 
7f2cec1c2000-7f2cec1c5000 ---p 00000000 00:00 0 
7f2cec1c5000-7f2cec2c3000 rw-p 00000000 00:00 0 
7f2cec2c3000-7f2cec2c6000 ---p 00000000 00:00 0 
7f2cec2c6000-7f2cec3c4000 rw-p 00000000 00:00 0 
7f2cec3c4000-7f2cec3c7000 ---p 00000000 00:00 0 
7f2cec3c7000-7f2cec4c5000 rw-p 00000000 00:00 0 
7f2cec4c5000-7f2cec4c8000 ---p 00000000 00:00 0 
7f2cec4c8000-7f2cec5c6000 rw-p 00000000 00:00 0 
7f2cec5c6000-7f2cec5c9000 ---p 00000000 00:00 0 
7f2cec5c9000-7f2cec6c7000 rw-p 00000000 00:00 0 
7f2cec6c7000-7f2cec6ca000 ---p 00000000 00:00 0 
7f2cec6ca000-7f2cec7c8000 rw-p 00000000 00:00 0 
7f2cec7c8000-7f2cec7cb000 ---p 00000000 00:00 0 
7f2cec7cb000-7f2cec8c9000 rw-p 00000000 00:00 0 
7f2cec8c9000-7f2cec8cc000 ---p 00000000 00:00 0 
7f2cec8cc000-7f2cec9ca000 rw-p 00000000 00:00 0 
7f2cec9ca000-7f2cec9d9000 r-xp 00000000 08:12 13893924                   /lib/x86_64-linux-gnu/libnss_myhostname.so.2
7f2cec9d9000-7f2cecbd9000 ---p 0000f000 08:12 13893924                   /lib/x86_64-linux-gnu/libnss_myhostname.so.2
7f2cecbd9000-7f2cecbdc000 r--p 0000f000 08:12 13893924                   /lib/x86_64-linux-gnu/libnss_myhostname.so.2
7f2cecbdc000-7f2cecbdd000 rw-p 00012000 08:12 13893924                   /lib/x86_64-linux-gnu/libnss_myhostname.so.2
7f2cecbdd000-7f2cecbf4000 r-xp 00000000 08:12 13898593                   /lib/x86_64-linux-gnu/libresolv-2.27.so
7f2cecbf4000-7f2cecdf4000 ---p 00017000 08:12 13898593                   /lib/x86_64-linux-gnu/libresolv-2.27.so
7f2cecdf4000-7f2cecdf5000 r--p 00017000 08:12 13898593                   /lib/x86_64-linux-gnu/libresolv-2.27.so
7f2cecdf5000-7f2cecdf6000 rw-p 00018000 08:12 13898593                   /lib/x86_64-linux-gnu/libresolv-2.27.so
7f2cecdf6000-7f2cecdf8000 rw-p 00000000 00:00 0 
7f2cecdf8000-7f2cecdfd000 r-xp 00000000 08:12 13898542                   /lib/x86_64-linux-gnu/libnss_dns-2.27.so
7f2cecdfd000-7f2cecffd000 ---p 00005000 08:12 13898542                   /lib/x86_64-linux-gnu/libnss_dns-2.27.so
7f2cecffd000-7f2cecffe000 r--p 00005000 08:12 13898542                   /lib/x86_64-linux-gnu/libnss_dns-2.27.so
7f2cecffe000-7f2cecfff000 rw-p 00006000 08:12 13898542                   /lib/x86_64-linux-gnu/libnss_dns-2.27.so
7f2cecfff000-7f2cf0000000 rw-p 00000000 00:00 0 
7f2cf0000000-7f2cf0021000 rw-p 00000000 00:00 0 
7f2cf0021000-7f2cf4000000 ---p 00000000 00:00 0 
7f2cf404d000-7f2cf4050000 ---p 00000000 00:00 0 
7f2cf4050000-7f2cf414e000 rw-p 00000000 00:00 0 
7f2cf414e000-7f2cf4150000 r-xp 00000000 08:12 13898550                   /lib/x86_64-linux-gnu/libnss_mdns4_minimal.so.2
7f2cf4150000-7f2cf434f000 ---p 00002000 08:12 13898550                   /lib/x86_64-linux-gnu/libnss_mdns4_minimal.so.2
7f2cf434f000-7f2cf4350000 r--p 00001000 08:12 13898550                   /lib/x86_64-linux-gnu/libnss_mdns4_minimal.so.2
7f2cf4350000-7f2cf4351000 rw-p 00002000 08:12 13898550                   /lib/x86_64-linux-gnu/libnss_mdns4_minimal.so.2
7f2cf436b000-7f2cf436e000 ---p 00000000 00:00 0 
7f2cf436e000-7f2cf446c000 rw-p 00000000 00:00 0 
7f2cf446c000-7f2cf447d000 r-xp 00000000 08:12 14684056                   /usr/lib/jvm/java-8-openjdk-amd64/jre/lib/amd64/libnio.so
7f2cf447d000-7f2cf467c000 ---p 00011000 08:12 14684056                   /usr/lib/jvm/java-8-openjdk-amd64/jre/lib/amd64/libnio.so
7f2cf467c000-7f2cf467d000 r--p 00010000 08:12 14684056                   /usr/lib/jvm/java-8-openjdk-amd64/jre/lib/amd64/libnio.so
7f2cf467d000-7f2cf467e000 rw-p 00011000 08:12 14684056                   /usr/lib/jvm/java-8-openjdk-amd64/jre/lib/amd64/libnio.so
7f2cf467e000-7f2cf4694000 r-xp 00000000 08:12 14684055                   /usr/lib/jvm/java-8-openjdk-amd64/jre/lib/amd64/libnet.so
7f2cf4694000-7f2cf4893000 ---p 00016000 08:12 14684055                   /usr/lib/jvm/java-8-openjdk-amd64/jre/lib/amd64/libnet.so
7f2cf4893000-7f2cf4894000 r--p 00015000 08:12 14684055                   /usr/lib/jvm/java-8-openjdk-amd64/jre/lib/amd64/libnet.so
7f2cf4894000-7f2cf4895000 rw-p 00016000 08:12 14684055                   /usr/lib/jvm/java-8-openjdk-amd64/jre/lib/amd64/libnet.so
7f2cf4895000-7f2cf489a000 r--s 002f9000 08:12 14684066                   /usr/lib/jvm/java-8-openjdk-amd64/jre/lib/charsets.jar
7f2cf489a000-7f2cf48ad000 r--s 00346000 08:12 14684099                   /usr/lib/jvm/java-8-openjdk-amd64/jre/lib/resources.jar
7f2cf48ad000-7f2cf4aad000 rw-p 00000000 00:00 0 
7f2cf4aad000-7f2cf4aae000 r--p 00000000 00:00 0 
7f2cf4aae000-7f2cf4ab0000 r--s 00016000 08:12 14684093                   /usr/lib/jvm/java-8-openjdk-amd64/jre/lib/jce.jar
7f2cf4ab0000-7f2cf4ab5000 r--s 000a3000 08:12 14684095                   /usr/lib/jvm/java-8-openjdk-amd64/jre/lib/jsse.jar
7f2cf4ab5000-7f2cf4ab6000 r-xp 00000000 08:12 14684039                   /usr/lib/jvm/java-8-openjdk-amd64/jre/lib/amd64/libjaas_unix.so
7f2cf4ab6000-7f2cf4cb5000 ---p 00001000 08:12 14684039                   /usr/lib/jvm/java-8-openjdk-amd64/jre/lib/amd64/libjaas_unix.so
7f2cf4cb5000-7f2cf4cb6000 r--p 00000000 08:12 14684039                   /usr/lib/jvm/java-8-openjdk-amd64/jre/lib/amd64/libjaas_unix.so
7f2cf4cb6000-7f2cf4cb7000 rw-p 00001000 08:12 14684039                   /usr/lib/jvm/java-8-openjdk-amd64/jre/lib/amd64/libjaas_unix.so
7f2cf4cb7000-7f2cf4eb7000 rw-p 00000000 00:00 0 
7f2cf4eb7000-7f2cf4ebe000 r--s 00000000 08:12 14945123                   /usr/lib/x86_64-linux-gnu/gconv/gconv-modules.cache
7f2cf4ebe000-7f2cf4edf000 r--p 00000000 08:12 531564                     /usr/share/locale-langpack/it/LC_MESSAGES/libc.mo
7f2cf4edf000-7f2cf4ee8000 r-xp 00000000 08:12 14684053                   /usr/lib/jvm/java-8-openjdk-amd64/jre/lib/amd64/libmanagement.so
7f2cf4ee8000-7f2cf50e7000 ---p 00009000 08:12 14684053                   /usr/lib/jvm/java-8-openjdk-amd64/jre/lib/amd64/libmanagement.so
7f2cf50e7000-7f2cf50e8000 r--p 00008000 08:12 14684053                   /usr/lib/jvm/java-8-openjdk-amd64/jre/lib/amd64/libmanagement.so
7f2cf50e8000-7f2cf50e9000 rw-p 00009000 08:12 14684053                   /usr/lib/jvm/java-8-openjdk-amd64/jre/lib/amd64/libmanagement.so
7f2cf50e9000-7f2cf50ec000 ---p 00000000 00:00 0 
7f2cf50ec000-7f2cf51ea000 rw-p 00000000 00:00 0 
7f2cf51ea000-7f2cf51ed000 ---p 00000000 00:00 0 
7f2cf51ed000-7f2cf5223000 rw-p 00000000 00:00 0 
7f2cf5223000-7f2cf5226000 r--s 00007000 08:12 6554245                    /home/silvio/.m2/repository/org/apache/maven/surefire/surefire-junit4/2.12.4/surefire-junit4-2.12.4.jar
7f2cf5226000-7f2cf5229000 r--s 00014000 08:12 6292101                    /home/silvio/.m2/repository/org/apache/hama/hama-ml/0.7.2-SNAPSHOT/hama-ml-0.7.2-SNAPSHOT.jar
7f2cf5229000-7f2cf522b000 r--s 0000e000 08:12 6292097                    /home/silvio/.m2/repository/org/apache/hama/hama-graph/0.7.2-SNAPSHOT/hama-graph-0.7.2-SNAPSHOT.jar
7f2cf522b000-7f2cf522e000 r--s 00014000 08:12 6422829                    /home/silvio/.m2/repository/org/apache/hama/hama-examples/0.7.2-SNAPSHOT/hama-examples-0.7.2-SNAPSHOT.jar
7f2cf522e000-7f2cf5266000 r--s 004ca000 08:12 6947462                    /home/silvio/.m2/repository/org/scala-lang/scala-library/2.12.4/scala-library-2.12.4.jar
7f2cf5266000-7f2cf5282000 r--s 0018b000 08:12 6292138                    /home/silvio/.m2/repository/io/netty/netty-all/4.0.21.Final/netty-all-4.0.21.Final.jar
7f2cf5282000-7f2cf5291000 r--s 000b1000 08:12 6292135                    /home/silvio/.m2/repository/org/jboss/netty/netty/3.2.2.Final/netty-3.2.2.Final.jar
7f2cf5291000-7f2cf5293000 r--s 00014000 08:12 6292133                    /home/silvio/.m2/repository/jline/jline/0.9.94/jline-0.9.94.jar
7f2cf5293000-7f2cf529f000 r--s 000b3000 08:12 6292129                    /home/silvio/.m2/repository/org/apache/zookeeper/zookeeper/3.4.5/zookeeper-3.4.5.jar
7f2cf529f000-7f2cf52a0000 r--s 00002000 08:12 6166426                    /home/silvio/.m2/repository/org/slf4j/slf4j-log4j12/1.5.8/slf4j-log4j12-1.5.8.jar
7f2cf52a0000-7f2cf52a1000 r--s 00005000 08:12 6166424                    /home/silvio/.m2/repository/org/slf4j/slf4j-api/1.5.8/slf4j-api-1.5.8.jar
7f2cf52a1000-7f2cf52af000 r--s 000ad000 08:12 6166422                    /home/silvio/.m2/repository/org/codehaus/jackson/jackson-mapper-asl/1.9.2/jackson-mapper-asl-1.9.2.jar
7f2cf52af000-7f2cf52b3000 r--s 00034000 08:12 6166420                    /home/silvio/.m2/repository/org/codehaus/jackson/jackson-core-asl/1.9.2/jackson-core-asl-1.9.2.jar
7f2cf52b3000-7f2cf52c2000 r--s 000ee000 08:12 6292130                    /home/silvio/.m2/repository/ant/ant/1.6.5/ant-1.6.5.jar
7f2cf52c2000-7f2cf52e5000 r--s 00344000 08:12 6292128                    /home/silvio/.m2/repository/org/eclipse/jdt/core/3.1.1/core-3.1.1.jar
7f2cf52e5000-7f2cf52f6000 r--s 000ea000 08:12 6292127                    /home/silvio/.m2/repository/org/mortbay/jetty/jsp-2.1/6.1.14/jsp-2.1-6.1.14.jar
7f2cf52f6000-7f2cf52f9000 r--s 0001e000 08:12 6292126                    /home/silvio/.m2/repository/org/mortbay/jetty/jsp-api-2.1/6.1.14/jsp-api-2.1-6.1.14.jar
7f2cf52f9000-7f2cf52fc000 r--s 00025000 08:12 6166418                    /home/silvio/.m2/repository/org/mortbay/jetty/jetty-util/6.1.14/jetty-util-6.1.14.jar
7f2cf52fc000-7f2cf52fd000 r--s 00002000 08:12 6292123                    /home/silvio/.m2/repository/org/apache/geronimo/specs/geronimo-annotation_1.0_spec/1.0/geronimo-annotation_1.0_spec-1.0.jar
7f2cf52fd000-7f2cf52ff000 r--s 00002000 08:12 6292119                    /home/silvio/.m2/repository/geronimo-spec/geronimo-spec-jta/1.0.1B-rc4/geronimo-spec-jta-1.0.1B-rc4.jar
7f2cf52ff000-7f2cf5301000 r--s 0000e000 08:12 6292117                    /home/silvio/.m2/repository/org/mortbay/jetty/jetty-plus/6.1.14/jetty-plus-6.1.14.jar
7f2cf5301000-7f2cf5303000 r--s 00002000 08:12 6292116                    /home/silvio/.m2/repository/org/mortbay/jetty/jetty-annotations/6.1.14/jetty-annotations-6.1.14.jar
7f2cf5303000-7f2cf5305000 r--s 00014000 08:12 6292113                    /home/silvio/.m2/repository/org/apache/tomcat/servlet-api/6.0.32/servlet-api-6.0.32.jar
7f2cf5305000-7f2cf5308000 r--s 0001e000 08:12 6166416                    /home/silvio/.m2/repository/org/mortbay/jetty/servlet-api-2.5/6.1.14/servlet-api-2.5-6.1.14.jar
7f2cf5308000-7f2cf530f000 r--s 00078000 08:12 6166404                    /home/silvio/.m2/repository/org/mortbay/jetty/jetty/6.1.14/jetty-6.1.14.jar
7f2cf530f000-7f2cf5310000 r--s 00002000 08:12 6292111                    /home/silvio/.m2/repository/org/apache/ant/ant-launcher/1.7.1/ant-launcher-1.7.1.jar
7f2cf5310000-7f2cf5324000 r--s 0012f000 08:12 6292110                    /home/silvio/.m2/repository/org/apache/ant/ant/1.7.1/ant-1.7.1.jar
7f2cf5324000-7f2cf5328000 r--s 0002a000 08:12 6166414                    /home/silvio/.m2/repository/commons-io/commons-io/2.4/commons-io-2.4.jar
7f2cf5328000-7f2cf532d000 r--s 00040000 08:12 6166408                    /home/silvio/.m2/repository/commons-httpclient/commons-httpclient/3.0.1/commons-httpclient-3.0.1.jar
7f2cf532d000-7f2cf5344000 r--s 00123000 08:12 6292107                    /home/silvio/.m2/repository/org/apache/commons/commons-math3/3.0/commons-math3-3.0.jar
7f2cf5344000-7f2cf5349000 r--s 00041000 08:12 6166406                    /home/silvio/.m2/repository/commons-lang/commons-lang/2.6/commons-lang-2.6.jar
7f2cf5349000-7f2cf5357000 r--s 0007f000 08:12 6166405                    /home/silvio/.m2/repository/commons-collections/commons-collections/3.2.1/commons-collections-3.2.1.jar
7f2cf5357000-7f2cf535c000 r--s 00034000 08:12 6166402                    /home/silvio/.m2/repository/commons-beanutils/commons-beanutils/1.8.3/commons-beanutils-1.8.3.jar
7f2cf535c000-7f2cf5360000 r--s 00020000 08:12 6166400                    /home/silvio/.m2/repository/commons-digester/commons-digester/1.8.1/commons-digester-1.8.1.jar
7f2cf5360000-7f2cf5367000 r--s 0004f000 08:12 6166398                    /home/silvio/.m2/repository/commons-configuration/commons-configuration/1.7/commons-configuration-1.7.jar
7f2cf5367000-7f2cf536e000 r--s 00056000 08:12 6292105                    /home/silvio/.m2/repository/org/apache/commons/commons-compress/1.9/commons-compress-1.9.jar
7f2cf536e000-7f2cf5370000 r--s 00009000 08:12 5768848                    /home/silvio/.m2/repository/commons-cli/commons-cli/1.2/commons-cli-1.2.jar
7f2cf5370000-7f2cf5372000 r--s 0000d000 08:12 6166396                    /home/silvio/.m2/repository/commons-logging/commons-logging/1.1.1/commons-logging-1.1.1.jar
7f2cf5372000-7f2cf5374000 r--s 00130000 08:12 6292103                    /home/silvio/.m2/repository/org/xerial/snappy/snappy-java/1.0.5/snappy-java-1.0.5.jar
7f2cf5374000-7f2cf5380000 r--s 000ab000 08:12 6292093                    /home/silvio/.m2/repository/org/apache/hama/hama-core/0.7.2-SNAPSHOT/hama-core-0.7.2-SNAPSHOT.jar
7f2cf5380000-7f2cf5381000 r--s 00003000 08:12 6292139                    /home/silvio/.m2/repository/com/googlecode/json-simple/json-simple/1.1/json-simple-1.1.jar
7f2cf5381000-7f2cf539d000 r--s 001d0000 08:12 6292210                    /home/silvio/.m2/repository/org/apache/hadoop/hadoop-yarn-api/2.7.0/hadoop-yarn-api-2.7.0.jar
7f2cf539d000-7f2cf53a0000 r--s 00020000 08:12 6292207                    /home/silvio/.m2/repository/org/apache/hadoop/hadoop-yarn-client/2.7.0/hadoop-yarn-client-2.7.0.jar
7f2cf53a0000-7f2cf53a8000 r--s 0007b000 08:12 6292206                    /home/silvio/.m2/repository/com/google/protobuf/protobuf-java/2.5.0/protobuf-java-2.5.0.jar
7f2cf53a8000-7f2cf53b8000 r--s 0008d000 08:12 6423592                    /home/silvio/.m2/repository/joda-time/joda-time/2.10.5/joda-time-2.10.5.jar
7f2cf53b8000-7f2cf54c1000 r--s 00a5d000 08:12 6292201                    /home/silvio/.m2/repository/com/amazonaws/aws-java-sdk/1.7.4/aws-java-sdk-1.7.4.jar
7f2cf54c1000-7f2cf54c4000 r--s 00006000 08:12 6292200                    /home/silvio/.m2/repository/com/fasterxml/jackson/core/jackson-annotations/2.2.3/jackson-annotations-2.2.3.jar
7f2cf54c4000-7f2cf54c8000 r--s 0002c000 08:12 6292197                    /home/silvio/.m2/repository/com/fasterxml/jackson/core/jackson-core/2.2.3/jackson-core-2.2.3.jar
7f2cf54c8000-7f2cf54d9000 r--s 000c3000 08:12 6292195                    /home/silvio/.m2/repository/com/fasterxml/jackson/core/jackson-databind/2.2.3/jackson-databind-2.2.3.jar
7f2cf54d9000-7f2cf54dc000 r--s 00017000 08:12 6292194                    /home/silvio/.m2/repository/org/apache/hadoop/hadoop-aws/2.7.0/hadoop-aws-2.7.0.jar
7f2cf54dc000-7f2cf54f3000 r--s 0010e000 08:12 6292193                    /home/silvio/.m2/repository/io/netty/netty/3.6.2.Final/netty-3.6.2.Final.jar
7f2cf54f3000-7f2cf54f5000 r--s 0000e000 08:12 6292190                    /home/silvio/.m2/repository/com/google/inject/extensions/guice-servlet/3.0/guice-servlet-3.0.jar
7f2cf54f5000-7f2cf54f6000 r--s 00003000 08:12 6292189                    /home/silvio/.m2/repository/com/sun/jersey/contribs/jersey-guice/1.9/jersey-guice-1.9.jar
7f2cf54f6000-7f2cf54f8000 r--s 00000000 08:12 6292186                    /home/silvio/.m2/repository/aopalliance/aopalliance/1.0/aopalliance-1.0.jar
7f2cf54f8000-7f2cf54f9000 r--s 00000000 08:12 6292185                    /home/silvio/.m2/repository/javax/inject/javax.inject/1/javax.inject-1.jar
7f2cf54f9000-7f2cf5508000 r--s 0009f000 08:12 6292181                    /home/silvio/.m2/repository/com/google/inject/guice/3.0/guice-3.0.jar
7f2cf5508000-7f2cf550b000 r--s 0001d000 08:12 6292179                    /home/silvio/.m2/repository/com/sun/jersey/jersey-client/1.9/jersey-client-1.9.jar
7f2cf550b000-7f2cf550d000 r--s 0000e000 08:12 6166476                    /home/silvio/.m2/repository/javax/activation/activation/1.1/activation-1.1.jar
7f2cf550d000-7f2cf550f000 r--s 00004000 08:12 6166475                    /home/silvio/.m2/repository/javax/xml/stream/stax-api/1.0-2/stax-api-1.0-2.jar
7f2cf550f000-7f2cf5512000 r--s 00017000 08:12 6166463                    /home/silvio/.m2/repository/javax/xml/bind/jaxb-api/2.2.2/jaxb-api-2.2.2.jar
7f2cf5512000-7f2cf5529000 r--s 0017d000 08:12 6292177                    /home/silvio/.m2/repository/org/apache/hadoop/hadoop-yarn-common/2.7.0/hadoop-yarn-common-2.7.0.jar
7f2cf5529000-7f2cf5542000 r--s 0015d000 08:12 6292175                    /home/silvio/.m2/repository/org/apache/hadoop/hadoop-mapreduce-client-core/2.7.0/hadoop-mapreduce-client-core-2.7.0.jar
7f2cf5542000-7f2cf5565000 r--s 002f7000 08:12 6292174                    /home/silvio/.m2/repository/org/apache/hadoop/hadoop-hdfs/2.7.0/hadoop-hdfs-2.7.0-tests.jar
7f2cf5565000-7f2cf5568000 r--s 000fd000 08:12 6292171                    /home/silvio/.m2/repository/org/fusesource/leveldbjni/leveldbjni-all/1.8/leveldbjni-all-1.8.jar
7f2cf5568000-7f2cf5570000 r--s 00028000 08:12 6292170                    /home/silvio/.m2/repository/xml-apis/xml-apis/1.3.04/xml-apis-1.3.04.jar
7f2cf5570000-7f2cf5588000 r--s 00115000 08:12 6292167                    /home/silvio/.m2/repository/xerces/xercesImpl/2.9.1/xercesImpl-2.9.1.jar
7f2cf5588000-7f2cf5589000 r--s 00005000 08:12 6292165                    /home/silvio/.m2/repository/commons-daemon/commons-daemon/1.0.13/commons-daemon-1.0.13.jar
7f2cf5589000-7f2cf55f3000 r--s 00771000 08:12 6292163                    /home/silvio/.m2/repository/org/apache/hadoop/hadoop-hdfs/2.7.0/hadoop-hdfs-2.7.0.jar
7f2cf55f3000-7f2cf560c000 r--s 00150000 08:12 6292146                    /home/silvio/.m2/repository/org/apache/htrace/htrace-core/3.1.0-incubating/htrace-core-3.1.0-incubating.jar
7f2cf560c000-7f2cf560f000 r--s 00006000 08:12 5768661                    /home/silvio/.m2/repository/com/google/code/findbugs/jsr305/3.0.0/jsr305-3.0.0.jar
7f2cf560f000-7f2cf5617000 r--s 0003b000 08:12 6292159                    /home/silvio/.m2/repository/org/apache/curator/curator-recipes/2.7.1/curator-recipes-2.7.1.jar
7f2cf5617000-7f2cf5619000 r--s 0000f000 08:12 6292157                    /home/silvio/.m2/repository/org/apache/curator/curator-client/2.7.1/curator-client-2.7.1.jar
7f2cf5619000-7f2cf561c000 r--s 0002b000 08:12 6292156                    /home/silvio/.m2/repository/com/jcraft/jsch/0.1.42/jsch-0.1.42.jar
7f2cf561c000-7f2cf5622000 r--s 00028000 08:12 6292154                    /home/silvio/.m2/repository/org/apache/curator/curator-framework/2.7.1/curator-framework-2.7.1.jar
7f2cf5622000-7f2cf5624000 r--s 00012000 08:12 6292152                    /home/silvio/.m2/repository/org/apache/directory/api/api-util/1.0.0-M20/api-util-1.0.0-M20.jar
7f2cf5624000-7f2cf5626000 r--s 00003000 08:12 6292150                    /home/silvio/.m2/repository/org/apache/directory/api/api-asn1-api/1.0.0-M20/api-asn1-api-1.0.0-M20.jar
7f2cf5626000-7f2cf5627000 r--s 0000a000 08:12 6292147                    /home/silvio/.m2/repository/org/apache/directory/server/apacheds-i18n/2.0.0-M15/apacheds-i18n-2.0.0-M15.jar
7f2cf5627000-7f2cf5639000 r--s 00097000 08:12 6292145                    /home/silvio/.m2/repository/org/apache/directory/server/apacheds-kerberos-codec/2.0.0-M15/apacheds-kerberos-codec-2.0.0-M15.jar
7f2cf5639000-7f2cf563c000 r--s 0000f000 08:12 6292144                    /home/silvio/.m2/repository/org/apache/hadoop/hadoop-auth/2.7.0/hadoop-auth-2.7.0.jar
7f2cf563c000-7f2cf5641000 r--s 0002a000 08:12 6292137                    /home/silvio/.m2/repository/com/google/code/gson/gson/2.2.4/gson-2.2.4.jar
7f2cf5641000-7f2cf5643000 r--s 00006000 08:12 6166471                    /home/silvio/.m2/repository/com/thoughtworks/paranamer/paranamer/2.3/paranamer-2.3.jar
7f2cf5643000-7f2cf564a000 r--s 00044000 08:12 6166468                    /home/silvio/.m2/repository/org/apache/avro/avro/1.7.4/avro-1.7.4.jar
7f2cf564a000-7f2cf564b000 r--s 00004000 08:12 6166467                    /home/silvio/.m2/repository/com/jamesmurty/utils/java-xmlbuilder/0.4/java-xmlbuilder-0.4.jar
7f2cf564b000-7f2cf5650000 r--s 00028000 08:12 6166464                    /home/silvio/.m2/repository/org/apache/httpcomponents/httpcore/4.1.2/httpcore-4.1.2.jar
7f2cf5650000-7f2cf5658000 r--s 0004e000 08:12 6166462                    /home/silvio/.m2/repository/org/apache/httpcomponents/httpclient/4.1.2/httpclient-4.1.2.jar
7f2cf5658000-7f2cf5661000 r--s 0007b000 08:12 6166460                    /home/silvio/.m2/repository/net/java/dev/jets3t/jets3t/0.9.0/jets3t-0.9.0.jar
7f2cf5661000-7f2cf566a000 r--s 0006f000 08:12 6554783                    /home/silvio/.m2/repository/log4j/log4j/1.2.17/log4j-1.2.17.jar
7f2cf566a000-7f2cf567c000 r--s 0009d000 08:12 6166455                    /home/silvio/.m2/repository/com/sun/jersey/jersey-server/1.9/jersey-server-1.9.jar
7f2cf567c000-7f2cf568f000 r--s 000c7000 08:12 6166450                    /home/silvio/.m2/repository/com/sun/xml/bind/jaxb-impl/2.2.3-1/jaxb-impl-2.2.3-1.jar
7f2cf568f000-7f2cf5699000 r--s 00066000 08:12 6166442                    /home/silvio/.m2/repository/com/sun/jersey/jersey-core/1.9/jersey-core-1.9.jar
7f2cf5699000-7f2cf5712000 r--s 01104000 08:12 14690074                   /usr/lib/jvm/java-8-openjdk-amd64/lib/tools.jar
7f2cf5712000-7f2cf5713000 ---p 00000000 00:00 0 
7f2cf5713000-7f2cf5813000 rw-p 00000000 00:00 0 
7f2cf5813000-7f2cf5816000 ---p 00000000 00:00 0 
7f2cf5816000-7f2cf5914000 rw-p 00000000 00:00 0 
7f2cf5914000-7f2cf5915000 ---p 00000000 00:00 0 
7f2cf5915000-7f2cf5918000 ---p 00000000 00:00 0 
7f2cf5918000-7f2cf5a15000 rw-p 00000000 00:00 0 
7f2cf5a15000-7f2cf5a16000 ---p 00000000 00:00 0 
7f2cf5a16000-7f2cf5a19000 ---p 00000000 00:00 0 
7f2cf5a19000-7f2cf5b16000 rw-p 00000000 00:00 0 
7f2cf5b16000-7f2cf5b17000 ---p 00000000 00:00 0 
7f2cf5b17000-7f2cf5b1a000 ---p 00000000 00:00 0 
7f2cf5b1a000-7f2cf5c17000 rw-p 00000000 00:00 0 
7f2cf5c17000-7f2cf5c18000 ---p 00000000 00:00 0 
7f2cf5c18000-7f2cf5c1b000 ---p 00000000 00:00 0 
7f2cf5c1b000-7f2cf5d18000 rw-p 00000000 00:00 0 
7f2cf5d18000-7f2cf5d1b000 ---p 00000000 00:00 0 
7f2cf5d1b000-7f2cf5e19000 rw-p 00000000 00:00 0 
7f2cf5e19000-7f2cf67e8000 r--p 00000000 08:12 14686883                   /usr/lib/locale/locale-archive
7f2cf67e8000-7f2cf67eb000 ---p 00000000 00:00 0 
7f2cf67eb000-7f2cf68e9000 rw-p 00000000 00:00 0 
7f2cf68e9000-7f2cf68ec000 ---p 00000000 00:00 0 
7f2cf68ec000-7f2cf69ea000 rw-p 00000000 00:00 0 
7f2cf69ea000-7f2cf69eb000 ---p 00000000 00:00 0 
7f2cf69eb000-7f2cf8000000 rw-p 00000000 00:00 0 
7f2cf8000000-7f2cf8021000 rw-p 00000000 00:00 0 
7f2cf8021000-7f2cfc000000 ---p 00000000 00:00 0 
7f2cfc000000-7f2cfc021000 rw-p 00000000 00:00 0 
7f2cfc021000-7f2d00000000 ---p 00000000 00:00 0 
7f2d00000000-7f2d00021000 rw-p 00000000 00:00 0 
7f2d00021000-7f2d04000000 ---p 00000000 00:00 0 
7f2d04000000-7f2d04021000 rw-p 00000000 00:00 0 
7f2d04021000-7f2d08000000 ---p 00000000 00:00 0 
7f2d08000000-7f2d08021000 rw-p 00000000 00:00 0 
7f2d08021000-7f2d0c000000 ---p 00000000 00:00 0 
7f2d0c000000-7f2d0c001000 r--s 0000a000 08:12 6166456                    /home/silvio/.m2/repository/asm/asm/3.1/asm-3.1.jar
7f2d0c001000-7f2d0c002000 r--s 00007000 08:12 6166452                    /home/silvio/.m2/repository/org/codehaus/jackson/jackson-xc/1.8.3/jackson-xc-1.8.3.jar
7f2d0c002000-7f2d0c003000 r--s 00004000 08:12 6166451                    /home/silvio/.m2/repository/org/codehaus/jackson/jackson-jaxrs/1.8.3/jackson-jaxrs-1.8.3.jar
7f2d0c003000-7f2d0c005000 r--s 0000f000 08:12 6166446                    /home/silvio/.m2/repository/org/codehaus/jettison/jettison/1.1/jettison-1.1.jar
7f2d0c005000-7f2d0c03b000 r--s 0030f000 08:12 6166421                    /home/silvio/.m2/repository/org/apache/hadoop/hadoop-common/2.7.0/hadoop-common-2.7.0.jar
7f2d0c03b000-7f2d0c05f000 r--s 001aa000 08:12 6166394                    /home/silvio/.m2/repository/com/google/guava/guava/13.0.1/guava-13.0.1.jar
7f2d0c05f000-7f2d0cc6b000 rw-p 00000000 00:00 0 
7f2d0cc6b000-7f2d0ce3b000 r--s 03c5c000 08:12 14684100                   /usr/lib/jvm/java-8-openjdk-amd64/jre/lib/rt.jar
7f2d0ce3b000-7f2d0f2a5000 rw-p 00000000 00:00 0 
7f2d0f2a5000-7f2d0f2a6000 ---p 00000000 00:00 0 
7f2d0f2a6000-7f2d0f3a6000 rw-p 00000000 00:00 0 
7f2d0f3a6000-7f2d0f3a7000 ---p 00000000 00:00 0 
7f2d0f3a7000-7f2d0f4fb000 rw-p 00000000 00:00 0 
7f2d0f4fb000-7f2d106e1000 ---p 00000000 00:00 0 
7f2d106e1000-7f2d10d68000 rw-p 00000000 00:00 0 
7f2d10d68000-7f2d10fff000 ---p 00000000 00:00 0 
7f2d10fff000-7f2d11000000 rw-p 00000000 00:00 0 
7f2d11000000-7f2d11850000 rwxp 00000000 00:00 0 
7f2d11850000-7f2d20000000 ---p 00000000 00:00 0 
7f2d20000000-7f2d20c41000 rw-p 00000000 00:00 0 
7f2d20c41000-7f2d24000000 ---p 00000000 00:00 0 
7f2d24000000-7f2d24004000 r--s 00021000 08:12 6166445                    /home/silvio/.m2/repository/com/sun/jersey/jersey-json/1.9/jersey-json-1.9.jar
7f2d24004000-7f2d24007000 r--s 00016000 08:12 6166441                    /home/silvio/.m2/repository/javax/servlet/jsp/jsp-api/2.1/jsp-api-2.1.jar
7f2d24007000-7f2d24009000 r--s 00018000 08:12 6166440                    /home/silvio/.m2/repository/javax/servlet/servlet-api/2.5/servlet-api-2.5.jar
7f2d24009000-7f2d2400e000 r--s 0003e000 08:12 6166436                    /home/silvio/.m2/repository/commons-net/commons-net/3.1/commons-net-3.1.jar
7f2d2400e000-7f2d24010000 r--s 0000d000 08:12 6166435                    /home/silvio/.m2/repository/commons-codec/commons-codec/1.4/commons-codec-1.4.jar
7f2d24010000-7f2d24012000 r--s 00003000 08:12 6166430                    /home/silvio/.m2/repository/org/apache/hadoop/hadoop-annotations/2.7.0/hadoop-annotations-2.7.0.jar
7f2d24012000-7f2d24018000 r--s 00034000 08:12 6166410                    /home/silvio/.m2/repository/junit/junit/4.8.1/junit-4.8.1.jar
7f2d24018000-7f2d2401b000 r--s 00013000 08:12 6166390                    /home/silvio/.m2/repository/org/apache/hama/hama-commons/0.7.2-SNAPSHOT/hama-commons-0.7.2-SNAPSHOT.jar
7f2d2401b000-7f2d2401f000 r--s 00019000 08:12 5768613                    /home/silvio/.m2/repository/org/apache/maven/surefire/surefire-api/2.12.4/surefire-api-2.12.4.jar
7f2d2401f000-7f2d2403a000 r--s 00394000 08:12 14684074                   /usr/lib/jvm/java-8-openjdk-amd64/jre/lib/ext/cldrdata.jar
7f2d2403a000-7f2d24055000 r--s 001d6000 08:12 14684079                   /usr/lib/jvm/java-8-openjdk-amd64/jre/lib/ext/nashorn.jar
7f2d24055000-7f2d240a3000 rw-p 00000000 00:00 0 
7f2d240a3000-7f2d240a4000 ---p 00000000 00:00 0 
7f2d240a4000-7f2d241a4000 rw-p 00000000 00:00 0 
7f2d241a4000-7f2d241a5000 ---p 00000000 00:00 0 
7f2d241a5000-7f2d242a5000 rw-p 00000000 00:00 0 
7f2d242a5000-7f2d242a6000 ---p 00000000 00:00 0 
7f2d242a6000-7f2d243a6000 rw-p 00000000 00:00 0 
7f2d243a6000-7f2d243a7000 ---p 00000000 00:00 0 
7f2d243a7000-7f2d244a7000 rw-p 00000000 00:00 0 
7f2d244a7000-7f2d244a8000 ---p 00000000 00:00 0 
7f2d244a8000-7f2d245a8000 rw-p 00000000 00:00 0 
7f2d245a8000-7f2d245a9000 ---p 00000000 00:00 0 
7f2d245a9000-7f2d246a9000 rw-p 00000000 00:00 0 
7f2d246a9000-7f2d246aa000 ---p 00000000 00:00 0 
7f2d246aa000-7f2d247aa000 rw-p 00000000 00:00 0 
7f2d247aa000-7f2d247ab000 ---p 00000000 00:00 0 
7f2d247ab000-7f2d248ff000 rw-p 00000000 00:00 0 
7f2d248ff000-7f2d25ae6000 ---p 00000000 00:00 0 
7f2d25ae6000-7f2d25b08000 rw-p 00000000 00:00 0 
7f2d25b08000-7f2d25ea6000 ---p 00000000 00:00 0 
7f2d25ea6000-7f2d25eae000 r-xp 00000000 08:12 14684063                   /usr/lib/jvm/java-8-openjdk-amd64/jre/lib/amd64/libzip.so
7f2d25eae000-7f2d260ad000 ---p 00008000 08:12 14684063                   /usr/lib/jvm/java-8-openjdk-amd64/jre/lib/amd64/libzip.so
7f2d260ad000-7f2d260ae000 r--p 00007000 08:12 14684063                   /usr/lib/jvm/java-8-openjdk-amd64/jre/lib/amd64/libzip.so
7f2d260ae000-7f2d260af000 rw-p 00008000 08:12 14684063                   /usr/lib/jvm/java-8-openjdk-amd64/jre/lib/amd64/libzip.so
7f2d260af000-7f2d260ba000 r-xp 00000000 08:12 13898544                   /lib/x86_64-linux-gnu/libnss_files-2.27.so
7f2d260ba000-7f2d262b9000 ---p 0000b000 08:12 13898544                   /lib/x86_64-linux-gnu/libnss_files-2.27.so
7f2d262b9000-7f2d262ba000 r--p 0000a000 08:12 13898544                   /lib/x86_64-linux-gnu/libnss_files-2.27.so
7f2d262ba000-7f2d262bb000 rw-p 0000b000 08:12 13898544                   /lib/x86_64-linux-gnu/libnss_files-2.27.so
7f2d262bb000-7f2d262c1000 rw-p 00000000 00:00 0 
7f2d262c1000-7f2d262d8000 r-xp 00000000 08:12 13898538                   /lib/x86_64-linux-gnu/libnsl-2.27.so
7f2d262d8000-7f2d264d7000 ---p 00017000 08:12 13898538                   /lib/x86_64-linux-gnu/libnsl-2.27.so
7f2d264d7000-7f2d264d8000 r--p 00016000 08:12 13898538                   /lib/x86_64-linux-gnu/libnsl-2.27.so
7f2d264d8000-7f2d264d9000 rw-p 00017000 08:12 13898538                   /lib/x86_64-linux-gnu/libnsl-2.27.so
7f2d264d9000-7f2d264db000 rw-p 00000000 00:00 0 
7f2d264db000-7f2d264e6000 r-xp 00000000 08:12 13898555                   /lib/x86_64-linux-gnu/libnss_nis-2.27.so
7f2d264e6000-7f2d266e5000 ---p 0000b000 08:12 13898555                   /lib/x86_64-linux-gnu/libnss_nis-2.27.so
7f2d266e5000-7f2d266e6000 r--p 0000a000 08:12 13898555                   /lib/x86_64-linux-gnu/libnss_nis-2.27.so
7f2d266e6000-7f2d266e7000 rw-p 0000b000 08:12 13898555                   /lib/x86_64-linux-gnu/libnss_nis-2.27.so
7f2d266e7000-7f2d266ef000 r-xp 00000000 08:12 13898540                   /lib/x86_64-linux-gnu/libnss_compat-2.27.so
7f2d266ef000-7f2d268ef000 ---p 00008000 08:12 13898540                   /lib/x86_64-linux-gnu/libnss_compat-2.27.so
7f2d268ef000-7f2d268f0000 r--p 00008000 08:12 13898540                   /lib/x86_64-linux-gnu/libnss_compat-2.27.so
7f2d268f0000-7f2d268f1000 rw-p 00009000 08:12 13898540                   /lib/x86_64-linux-gnu/libnss_compat-2.27.so
7f2d268f1000-7f2d2691b000 r-xp 00000000 08:12 14684040                   /usr/lib/jvm/java-8-openjdk-amd64/jre/lib/amd64/libjava.so
7f2d2691b000-7f2d26b1a000 ---p 0002a000 08:12 14684040                   /usr/lib/jvm/java-8-openjdk-amd64/jre/lib/amd64/libjava.so
7f2d26b1a000-7f2d26b1b000 r--p 00029000 08:12 14684040                   /usr/lib/jvm/java-8-openjdk-amd64/jre/lib/amd64/libjava.so
7f2d26b1b000-7f2d26b1d000 rw-p 0002a000 08:12 14684040                   /usr/lib/jvm/java-8-openjdk-amd64/jre/lib/amd64/libjava.so
7f2d26b1d000-7f2d26b2d000 r-xp 00000000 08:12 14684062                   /usr/lib/jvm/java-8-openjdk-amd64/jre/lib/amd64/libverify.so
7f2d26b2d000-7f2d26d2c000 ---p 00010000 08:12 14684062                   /usr/lib/jvm/java-8-openjdk-amd64/jre/lib/amd64/libverify.so
7f2d26d2c000-7f2d26d2e000 r--p 0000f000 08:12 14684062                   /usr/lib/jvm/java-8-openjdk-amd64/jre/lib/amd64/libverify.so
7f2d26d2e000-7f2d26d2f000 rw-p 00011000 08:12 14684062                   /usr/lib/jvm/java-8-openjdk-amd64/jre/lib/amd64/libverify.so
7f2d26d2f000-7f2d26d36000 r-xp 00000000 08:12 13898595                   /lib/x86_64-linux-gnu/librt-2.27.so
7f2d26d36000-7f2d26f35000 ---p 00007000 08:12 13898595                   /lib/x86_64-linux-gnu/librt-2.27.so
7f2d26f35000-7f2d26f36000 r--p 00006000 08:12 13898595                   /lib/x86_64-linux-gnu/librt-2.27.so
7f2d26f36000-7f2d26f37000 rw-p 00007000 08:12 13898595                   /lib/x86_64-linux-gnu/librt-2.27.so
7f2d26f37000-7f2d26f4e000 r-xp 00000000 08:12 13893655                   /lib/x86_64-linux-gnu/libgcc_s.so.1
7f2d26f4e000-7f2d2714d000 ---p 00017000 08:12 13893655                   /lib/x86_64-linux-gnu/libgcc_s.so.1
7f2d2714d000-7f2d2714e000 r--p 00016000 08:12 13893655                   /lib/x86_64-linux-gnu/libgcc_s.so.1
7f2d2714e000-7f2d2714f000 rw-p 00017000 08:12 13893655                   /lib/x86_64-linux-gnu/libgcc_s.so.1
7f2d2714f000-7f2d272ec000 r-xp 00000000 08:12 13898517                   /lib/x86_64-linux-gnu/libm-2.27.so
7f2d272ec000-7f2d274eb000 ---p 0019d000 08:12 13898517                   /lib/x86_64-linux-gnu/libm-2.27.so
7f2d274eb000-7f2d274ec000 r--p 0019c000 08:12 13898517                   /lib/x86_64-linux-gnu/libm-2.27.so
7f2d274ec000-7f2d274ed000 rw-p 0019d000 08:12 13898517                   /lib/x86_64-linux-gnu/libm-2.27.so
7f2d274ed000-7f2d27666000 r-xp 00000000 08:12 14683005                   /usr/lib/x86_64-linux-gnu/libstdc++.so.6.0.25
7f2d27666000-7f2d27866000 ---p 00179000 08:12 14683005                   /usr/lib/x86_64-linux-gnu/libstdc++.so.6.0.25
7f2d27866000-7f2d27870000 r--p 00179000 08:12 14683005                   /usr/lib/x86_64-linux-gnu/libstdc++.so.6.0.25
7f2d27870000-7f2d27872000 rw-p 00183000 08:12 14683005                   /usr/lib/x86_64-linux-gnu/libstdc++.so.6.0.25
7f2d27872000-7f2d27876000 rw-p 00000000 00:00 0 
7f2d27876000-7f2d28515000 r-xp 00000000 08:12 14684065                   /usr/lib/jvm/java-8-openjdk-amd64/jre/lib/amd64/server/libjvm.so
7f2d28515000-7f2d28715000 ---p 00c9f000 08:12 14684065                   /usr/lib/jvm/java-8-openjdk-amd64/jre/lib/amd64/server/libjvm.so
7f2d28715000-7f2d287a9000 r--p 00c9f000 08:12 14684065                   /usr/lib/jvm/java-8-openjdk-amd64/jre/lib/amd64/server/libjvm.so
7f2d287a9000-7f2d287d2000 rw-p 00d33000 08:12 14684065                   /usr/lib/jvm/java-8-openjdk-amd64/jre/lib/amd64/server/libjvm.so
7f2d287d2000-7f2d28802000 rw-p 00000000 00:00 0 
7f2d28802000-7f2d2881c000 r-xp 00000000 08:12 13898587                   /lib/x86_64-linux-gnu/libpthread-2.27.so
7f2d2881c000-7f2d28a1b000 ---p 0001a000 08:12 13898587                   /lib/x86_64-linux-gnu/libpthread-2.27.so
7f2d28a1b000-7f2d28a1c000 r--p 00019000 08:12 13898587                   /lib/x86_64-linux-gnu/libpthread-2.27.so
7f2d28a1c000-7f2d28a1d000 rw-p 0001a000 08:12 13898587                   /lib/x86_64-linux-gnu/libpthread-2.27.so
7f2d28a1d000-7f2d28a21000 rw-p 00000000 00:00 0 
7f2d28a21000-7f2d28a24000 r-xp 00000000 08:12 13898477                   /lib/x86_64-linux-gnu/libdl-2.27.so
7f2d28a24000-7f2d28c23000 ---p 00003000 08:12 13898477                   /lib/x86_64-linux-gnu/libdl-2.27.so
7f2d28c23000-7f2d28c24000 r--p 00002000 08:12 13898477                   /lib/x86_64-linux-gnu/libdl-2.27.so
7f2d28c24000-7f2d28c25000 rw-p 00003000 08:12 13898477                   /lib/x86_64-linux-gnu/libdl-2.27.so
7f2d28c25000-7f2d28c41000 r-xp 00000000 08:12 13898626                   /lib/x86_64-linux-gnu/libz.so.1.2.11
7f2d28c41000-7f2d28e40000 ---p 0001c000 08:12 13898626                   /lib/x86_64-linux-gnu/libz.so.1.2.11
7f2d28e40000-7f2d28e41000 r--p 0001b000 08:12 13898626                   /lib/x86_64-linux-gnu/libz.so.1.2.11
7f2d28e41000-7f2d28e42000 rw-p 0001c000 08:12 13898626                   /lib/x86_64-linux-gnu/libz.so.1.2.11
7f2d28e42000-7f2d29029000 r-xp 00000000 08:12 13898454                   /lib/x86_64-linux-gnu/libc-2.27.so
7f2d29029000-7f2d29229000 ---p 001e7000 08:12 13898454                   /lib/x86_64-linux-gnu/libc-2.27.so
7f2d29229000-7f2d2922d000 r--p 001e7000 08:12 13898454                   /lib/x86_64-linux-gnu/libc-2.27.so
7f2d2922d000-7f2d2922f000 rw-p 001eb000 08:12 13898454                   /lib/x86_64-linux-gnu/libc-2.27.so
7f2d2922f000-7f2d29233000 rw-p 00000000 00:00 0 
7f2d29233000-7f2d29241000 r-xp 00000000 08:12 14684025                   /usr/lib/jvm/java-8-openjdk-amd64/jre/lib/amd64/jli/libjli.so
7f2d29241000-7f2d29440000 ---p 0000e000 08:12 14684025                   /usr/lib/jvm/java-8-openjdk-amd64/jre/lib/amd64/jli/libjli.so
7f2d29440000-7f2d29441000 r--p 0000d000 08:12 14684025                   /usr/lib/jvm/java-8-openjdk-amd64/jre/lib/amd64/jli/libjli.so
7f2d29441000-7f2d29442000 rw-p 0000e000 08:12 14684025                   /usr/lib/jvm/java-8-openjdk-amd64/jre/lib/amd64/jli/libjli.so
7f2d29442000-7f2d29469000 r-xp 00000000 08:12 13898426                   /lib/x86_64-linux-gnu/ld-2.27.so
7f2d29469000-7f2d2946a000 r--s 00003000 08:12 6166432                    /home/silvio/.m2/repository/xmlenc/xmlenc/0.52/xmlenc-0.52.jar
7f2d2946a000-7f2d2946c000 r--s 00007000 08:12 5768611                    /home/silvio/.m2/repository/org/apache/maven/surefire/surefire-booter/2.12.4/surefire-booter-2.12.4.jar
7f2d2946c000-7f2d2946d000 r--s 00002000 08:12 5767711                    /home/silvio/NetBeansProjects/pageramk/target/surefire/surefirebooter6003345960255977774.jar
7f2d2946d000-7f2d2946e000 r--s 0000d000 08:12 14684080                   /usr/lib/jvm/java-8-openjdk-amd64/jre/lib/ext/sunec.jar
7f2d2946e000-7f2d29471000 r--s 00039000 08:12 14684082                   /usr/lib/jvm/java-8-openjdk-amd64/jre/lib/ext/sunpkcs11.jar
7f2d29471000-7f2d29474000 r--s 0000f000 08:12 14684076                   /usr/lib/jvm/java-8-openjdk-amd64/jre/lib/ext/icedtea-sound.jar
7f2d29474000-7f2d29479000 r--s 0003c000 08:12 14684081                   /usr/lib/jvm/java-8-openjdk-amd64/jre/lib/ext/sunjce_provider.jar
7f2d29479000-7f2d2954a000 rw-p 00000000 00:00 0 
7f2d2954a000-7f2d2954b000 ---p 00000000 00:00 0 
7f2d2954b000-7f2d2954e000 ---p 00000000 00:00 0 
7f2d2954e000-7f2d2964d000 rw-p 00000000 00:00 0 
7f2d2964d000-7f2d2964e000 r--s 00010000 08:12 14684083                   /usr/lib/jvm/java-8-openjdk-amd64/jre/lib/ext/zipfs.jar
7f2d2964e000-7f2d2964f000 r--s 0000a000 08:12 14684077                   /usr/lib/jvm/java-8-openjdk-amd64/jre/lib/ext/jaccess.jar
7f2d2964f000-7f2d29651000 r--s 00007000 08:12 15075574                   /usr/share/java/java-atk-wrapper.jar
7f2d29651000-7f2d29653000 r--s 00001000 08:12 14684075                   /usr/lib/jvm/java-8-openjdk-amd64/jre/lib/ext/dnsns.jar
7f2d29653000-7f2d2965d000 r--s 00116000 08:12 14684078                   /usr/lib/jvm/java-8-openjdk-amd64/jre/lib/ext/localedata.jar
7f2d2965d000-7f2d29665000 rw-s 00000000 08:12 2622376                    /tmp/hsperfdata_silvio/28562
7f2d29665000-7f2d29666000 rw-p 00000000 00:00 0 
7f2d29666000-7f2d29667000 ---p 00000000 00:00 0 
7f2d29667000-7f2d29669000 rw-p 00000000 00:00 0 
7f2d29669000-7f2d2966a000 r--p 00027000 08:12 13898426                   /lib/x86_64-linux-gnu/ld-2.27.so
7f2d2966a000-7f2d2966b000 rw-p 00028000 08:12 13898426                   /lib/x86_64-linux-gnu/ld-2.27.so
7f2d2966b000-7f2d2966c000 rw-p 00000000 00:00 0 
7ffe530f9000-7ffe5311a000 rw-p 00000000 00:00 0                          [stack]
7ffe531bb000-7ffe531be000 r--p 00000000 00:00 0                          [vvar]
7ffe531be000-7ffe531bf000 r-xp 00000000 00:00 0                          [vdso]
ffffffffff600000-ffffffffff601000 r-xp 00000000 00:00 0                  [vsyscall]

VM Arguments:
jvm_args: -Xmx14000m 
java_command: /home/silvio/NetBeansProjects/pageramk/target/surefire/surefirebooter6003345960255977774.jar /home/silvio/NetBeansProjects/pageramk/target/surefire/surefire523279808595595613tmp /home/silvio/NetBeansProjects/pageramk/target/surefire/surefire_06040573034095446555tmp
java_class_path (initial): /home/silvio/NetBeansProjects/pageramk/target/surefire/surefirebooter6003345960255977774.jar
Launcher Type: SUN_STANDARD

Environment Variables:
JAVA_HOME=/usr/lib/jvm/java-8-openjdk-amd64
_JAVA_OPTIONS=-Xmx14000m
PATH=/home/silvio/.local/bin:/usr/local/sbin:/usr/local/bin:/usr/sbin:/usr/bin:/sbin:/bin:/usr/games:/usr/local/games:/snap/bin:/home/silvio/bin:/usr/lib/jvm/java-8-openjdk-amd64/bin:/home/silvio/Scrivania/Cloud/hadoop-3.1.2/hadoop-3.1.2/bin:/home/silvio/Scrivania/Cloud/hama-dist-0.7.1/hama-0.7.1/bin
USERNAME=silvio
SHELL=/bin/bash
DISPLAY=:0

Signal Handlers:
SIGSEGV: [libjvm.so+0xab92f0], sa_mask[0]=11111111011111111101111111111110, sa_flags=SA_RESTART|SA_SIGINFO
SIGBUS: [libjvm.so+0xab92f0], sa_mask[0]=11111111011111111101111111111110, sa_flags=SA_RESTART|SA_SIGINFO
SIGFPE: [libjvm.so+0x8ee560], sa_mask[0]=11111111011111111101111111111110, sa_flags=SA_RESTART|SA_SIGINFO
SIGPIPE: [libjvm.so+0x8ee560], sa_mask[0]=11111111011111111101111111111110, sa_flags=SA_RESTART|SA_SIGINFO
SIGXFSZ: [libjvm.so+0x8ee560], sa_mask[0]=11111111011111111101111111111110, sa_flags=SA_RESTART|SA_SIGINFO
SIGILL: [libjvm.so+0x8ee560], sa_mask[0]=11111111011111111101111111111110, sa_flags=SA_RESTART|SA_SIGINFO
SIGUSR1: SIG_DFL, sa_mask[0]=00000000000000000000000000000000, sa_flags=none
SIGUSR2: [libjvm.so+0x8ee410], sa_mask[0]=00100000000000000000000000000000, sa_flags=SA_RESTART|SA_SIGINFO
SIGHUP: [libjvm.so+0x8eea80], sa_mask[0]=11111111011111111101111111111110, sa_flags=SA_RESTART|SA_SIGINFO
SIGINT: SIG_IGN, sa_mask[0]=00000000000000000000000000000000, sa_flags=none
SIGTERM: [libjvm.so+0x8eea80], sa_mask[0]=11111111011111111101111111111110, sa_flags=SA_RESTART|SA_SIGINFO
SIGQUIT: [libjvm.so+0x8eea80], sa_mask[0]=11111111011111111101111111111110, sa_flags=SA_RESTART|SA_SIGINFO


---------------  S Y S T E M  ---------------

OS:DISTRIB_ID=Ubuntu
DISTRIB_RELEASE=18.04
DISTRIB_CODENAME=bionic
DISTRIB_DESCRIPTION="Ubuntu 18.04.2 LTS"

uname:Linux 5.0.0-29-generic #31~18.04.1-Ubuntu SMP Thu Sep 12 18:29:21 UTC 2019 x86_64
libc:glibc 2.27 NPTL 2.27 
rlimit: STACK 8192k, CORE 0k, NPROC 63366, NOFILE 1048576, AS infinity
load average:2,81 2,46 2,21

/proc/meminfo:
MemTotal:       16269588 kB
MemFree:          163344 kB
MemAvailable:     113188 kB
Buffers:             920 kB
Cached:           289236 kB
SwapCached:        90088 kB
Active:         14234060 kB
Inactive:        1375712 kB
Active(anon):   14147676 kB
Inactive(anon):  1285284 kB
Active(file):      86384 kB
Inactive(file):    90428 kB
Unevictable:         276 kB
Mlocked:              16 kB
SwapTotal:       2097148 kB
SwapFree:         879780 kB
Dirty:               156 kB
Writeback:             0 kB
AnonPages:      15231036 kB
Mapped:           370372 kB
Shmem:            113192 kB
KReclaimable:      69300 kB
Slab:             172356 kB
SReclaimable:      69300 kB
SUnreclaim:       103056 kB
KernelStack:       20160 kB
PageTables:        88872 kB
NFS_Unstable:          0 kB
Bounce:                0 kB
WritebackTmp:          0 kB
CommitLimit:    10231940 kB
Committed_AS:   26239464 kB
VmallocTotal:   34359738367 kB
VmallocUsed:           0 kB
VmallocChunk:          0 kB
Percpu:             6016 kB
HardwareCorrupted:     0 kB
AnonHugePages:         0 kB
ShmemHugePages:        0 kB
ShmemPmdMapped:        0 kB
CmaTotal:              0 kB
CmaFree:               0 kB
HugePages_Total:       0
HugePages_Free:        0
HugePages_Rsvd:        0
HugePages_Surp:        0
Hugepagesize:       2048 kB
Hugetlb:               0 kB
DirectMap4k:      544384 kB
DirectMap2M:    16080896 kB
DirectMap1G:           0 kB

container (cgroup) information:
container_type: cgroupv1
cpu_cpuset_cpus: 0-11
cpu_memory_nodes: 0
active_processor_count: 12
cpu_quota: -1
cpu_period: 100000
cpu_shares: -1
memory_limit_in_bytes: -1
memory_and_swap_limit_in_bytes: -2
memory_soft_limit_in_bytes: -1
memory_usage_in_bytes: 15926116352
memory_max_usage_in_bytes: 66183168


CPU:total 12 (initial active 12) (6 cores per cpu, 2 threads per core) family 6 model 158 stepping 10, cmov, cx8, fxsr, mmx, sse, sse2, sse3, ssse3, sse4.1, sse4.2, popcnt, avx, avx2, aes, clmul, erms, 3dnowpref, lzcnt, ht, tsc, tscinvbit, bmi1, bmi2, adx

/proc/cpuinfo:
processor	: 0
vendor_id	: GenuineIntel
cpu family	: 6
model		: 158
model name	: Intel(R) Core(TM) i7-8750H CPU @ 2.20GHz
stepping	: 10
microcode	: 0xb4
cpu MHz		: 1873.747
cache size	: 9216 KB
physical id	: 0
siblings	: 12
core id		: 0
cpu cores	: 6
apicid		: 0
initial apicid	: 0
fpu		: yes
fpu_exception	: yes
cpuid level	: 22
wp		: yes
flags		: fpu vme de pse tsc msr pae mce cx8 apic sep mtrr pge mca cmov pat pse36 clflush dts acpi mmx fxsr sse sse2 ss ht tm pbe syscall nx pdpe1gb rdtscp lm constant_tsc art arch_perfmon pebs bts rep_good nopl xtopology nonstop_tsc cpuid aperfmperf tsc_known_freq pni pclmulqdq dtes64 monitor ds_cpl vmx est tm2 ssse3 sdbg fma cx16 xtpr pdcm pcid sse4_1 sse4_2 x2apic movbe popcnt tsc_deadline_timer aes xsave avx f16c rdrand lahf_lm abm 3dnowprefetch cpuid_fault epb invpcid_single pti ssbd ibrs ibpb stibp tpr_shadow vnmi flexpriority ept vpid ept_ad fsgsbase tsc_adjust bmi1 avx2 smep bmi2 erms invpcid mpx rdseed adx smap clflushopt intel_pt xsaveopt xsavec xgetbv1 xsaves dtherm ida arat pln pts hwp hwp_notify hwp_act_window hwp_epp md_clear flush_l1d
bugs		: cpu_meltdown spectre_v1 spectre_v2 spec_store_bypass l1tf mds swapgs
bogomips	: 4416.00
clflush size	: 64
cache_alignment	: 64
address sizes	: 39 bits physical, 48 bits virtual
power management:

processor	: 1
vendor_id	: GenuineIntel
cpu family	: 6
model		: 158
model name	: Intel(R) Core(TM) i7-8750H CPU @ 2.20GHz
stepping	: 10
microcode	: 0xb4
cpu MHz		: 2058.757
cache size	: 9216 KB
physical id	: 0
siblings	: 12
core id		: 1
cpu cores	: 6
apicid		: 2
initial apicid	: 2
fpu		: yes
fpu_exception	: yes
cpuid level	: 22
wp		: yes
flags		: fpu vme de pse tsc msr pae mce cx8 apic sep mtrr pge mca cmov pat pse36 clflush dts acpi mmx fxsr sse sse2 ss ht tm pbe syscall nx pdpe1gb rdtscp lm constant_tsc art arch_perfmon pebs bts rep_good nopl xtopology nonstop_tsc cpuid aperfmperf tsc_known_freq pni pclmulqdq dtes64 monitor ds_cpl vmx est tm2 ssse3 sdbg fma cx16 xtpr pdcm pcid sse4_1 sse4_2 x2apic movbe popcnt tsc_deadline_timer aes xsave avx f16c rdrand lahf_lm abm 3dnowprefetch cpuid_fault epb invpcid_single pti ssbd ibrs ibpb stibp tpr_shadow vnmi flexpriority ept vpid ept_ad fsgsbase tsc_adjust bmi1 avx2 smep bmi2 erms invpcid mpx rdseed adx smap clflushopt intel_pt xsaveopt xsavec xgetbv1 xsaves dtherm ida arat pln pts hwp hwp_notify hwp_act_window hwp_epp flush_l1d
bugs		: cpu_meltdown spectre_v1 spectre_v2 spec_store_bypass l1tf mds swapgs
bogomips	: 4416.00
clflush size	: 64
cache_alignment	: 64
address sizes	: 39 bits physical, 48 bits virtual
power management:

processor	: 2
vendor_id	: GenuineIntel
cpu family	: 6
model		: 158
model name	: Intel(R) Core(TM) i7-8750H CPU @ 2.20GHz
stepping	: 10
microcode	: 0xb4
cpu MHz		: 1954.566
cache size	: 9216 KB
physical id	: 0
siblings	: 12
core id		: 2
cpu cores	: 6
apicid		: 4
initial apicid	: 4
fpu		: yes
fpu_exception	: yes
cpuid level	: 22
wp		: yes
flags		: fpu vme de pse tsc msr pae mce cx8 apic sep mtrr pge mca cmov pat pse36 clflush dts acpi mmx fxsr sse sse2 ss ht tm pbe syscall nx pdpe1gb rdtscp lm constant_tsc art arch_perfmon pebs bts rep_good nopl xtopology nonstop_tsc cpuid aperfmperf tsc_known_freq pni pclmulqdq dtes64 monitor ds_cpl vmx est tm2 ssse3 sdbg fma cx16 xtpr pdcm pcid sse4_1 sse4_2 x2apic movbe popcnt tsc_deadline_timer aes xsave avx f16c rdrand lahf_lm abm 3dnowprefetch cpuid_fault epb invpcid_single pti ssbd ibrs ibpb stibp tpr_shadow vnmi flexpriority ept vpid ept_ad fsgsbase tsc_adjust bmi1 avx2 smep bmi2 erms invpcid mpx rdseed adx smap clflushopt intel_pt xsaveopt xsavec xgetbv1 xsaves dtherm ida arat pln pts hwp hwp_notify hwp_act_window hwp_epp flush_l1d
bugs		: cpu_meltdown spectre_v1 spectre_v2 spec_store_bypass l1tf mds swapgs
bogomips	: 4416.00
clflush size	: 64
cache_alignment	: 64
address sizes	: 39 bits physical, 48 bits virtual
power management:

processor	: 3
vendor_id	: GenuineIntel
cpu family	: 6
model		: 158
model name	: Intel(R) Core(TM) i7-8750H CPU @ 2.20GHz
stepping	: 10
microcode	: 0xb4
cpu MHz		: 1973.496
cache size	: 9216 KB
physical id	: 0
siblings	: 12
core id		: 3
cpu cores	: 6
apicid		: 6
initial apicid	: 6
fpu		: yes
fpu_exception	: yes
cpuid level	: 22
wp		: yes
flags		: fpu vme de pse tsc msr pae mce cx8 apic sep mtrr pge mca cmov pat pse36 clflush dts acpi mmx fxsr sse sse2 ss ht tm pbe syscall nx pdpe1gb rdtscp lm constant_tsc art arch_perfmon pebs bts rep_good nopl xtopology nonstop_tsc cpuid aperfmperf tsc_known_freq pni pclmulqdq dtes64 monitor ds_cpl vmx est tm2 ssse3 sdbg fma cx16 xtpr pdcm pcid sse4_1 sse4_2 x2apic movbe popcnt tsc_deadline_timer aes xsave avx f16c rdrand lahf_lm abm 3dnowprefetch cpuid_fault epb invpcid_single pti ssbd ibrs ibpb stibp tpr_shadow vnmi flexpriority ept vpid ept_ad fsgsbase tsc_adjust bmi1 avx2 smep bmi2 erms invpcid mpx rdseed adx smap clflushopt intel_pt xsaveopt xsavec xgetbv1 xsaves dtherm ida arat pln pts hwp hwp_notify hwp_act_window hwp_epp flush_l1d
bugs		: cpu_meltdown spectre_v1 spectre_v2 spec_store_bypass l1tf mds swapgs
bogomips	: 4416.00
clflush size	: 64
cache_alignment	: 64
address sizes	: 39 bits physical, 48 bits virtual
power management:

processor	: 4
vendor_id	: GenuineIntel
cpu family	: 6
model		: 158
model name	: Intel(R) Core(TM) i7-8750H CPU @ 2.20GHz
stepping	: 10
microcode	: 0xb4
cpu MHz		: 1755.450
cache size	: 9216 KB
physical id	: 0
siblings	: 12
core id		: 4
cpu cores	: 6
apicid		: 8
initial apicid	: 8
fpu		: yes
fpu_exception	: yes
cpuid level	: 22
wp		: yes
flags		: fpu vme de pse tsc msr pae mce cx8 apic sep mtrr pge mca cmov pat pse36 clflush dts acpi mmx fxsr sse sse2 ss ht tm pbe syscall nx pdpe1gb rdtscp lm constant_tsc art arch_perfmon pebs bts rep_good nopl xtopology nonstop_tsc cpuid aperfmperf tsc_known_freq pni pclmulqdq dtes64 monitor ds_cpl vmx est tm2 ssse3 sdbg fma cx16 xtpr pdcm pcid sse4_1 sse4_2 x2apic movbe popcnt tsc_deadline_timer aes xsave avx f16c rdrand lahf_lm abm 3dnowprefetch cpuid_fault epb invpcid_single pti ssbd ibrs ibpb stibp tpr_shadow vnmi flexpriority ept vpid ept_ad fsgsbase tsc_adjust bmi1 avx2 smep bmi2 erms invpcid mpx rdseed adx smap clflushopt intel_pt xsaveopt xsavec xgetbv1 xsaves dtherm ida arat pln pts hwp hwp_notify hwp_act_window hwp_epp flush_l1d
bugs		: cpu_meltdown spectre_v1 spectre_v2 spec_store_bypass l1tf mds swapgs
bogomips	: 4416.00
clflush size	: 64
cache_alignment	: 64
address sizes	: 39 bits physical, 48 bits virtual
power management:

processor	: 5
vendor_id	: GenuineIntel
cpu family	: 6
model		: 158
model name	: Intel(R) Core(TM) i7-8750H CPU @ 2.20GHz
stepping	: 10
microcode	: 0xb4
cpu MHz		: 2043.630
cache size	: 9216 KB
physical id	: 0
siblings	: 12
core id		: 5
cpu cores	: 6
apicid		: 10
initial apicid	: 10
fpu		: yes
fpu_exception	: yes
cpuid level	: 22
wp		: yes
flags		: fpu vme de pse tsc msr pae mce cx8 apic sep mtrr pge mca cmov pat pse36 clflush dts acpi mmx fxsr sse sse2 ss ht tm pbe syscall nx pdpe1gb rdtscp lm constant_tsc art arch_perfmon pebs bts rep_good nopl xtopology nonstop_tsc cpuid aperfmperf tsc_known_freq pni pclmulqdq dtes64 monitor ds_cpl vmx est tm2 ssse3 sdbg fma cx16 xtpr pdcm pcid sse4_1 sse4_2 x2apic movbe popcnt tsc_deadline_timer aes xsave avx f16c rdrand lahf_lm abm 3dnowprefetch cpuid_fault epb invpcid_single pti ssbd ibrs ibpb stibp tpr_shadow vnmi flexpriority ept vpid ept_ad fsgsbase tsc_adjust bmi1 avx2 smep bmi2 erms invpcid mpx rdseed adx smap clflushopt intel_pt xsaveopt xsavec xgetbv1 xsaves dtherm ida arat pln pts hwp hwp_notify hwp_act_window hwp_epp flush_l1d
bugs		: cpu_meltdown spectre_v1 spectre_v2 spec_store_bypass l1tf mds swapgs
bogomips	: 4416.00
clflush size	: 64
cache_alignment	: 64
address sizes	: 39 bits physical, 48 bits virtual
power management:

processor	: 6
vendor_id	: GenuineIntel
cpu family	: 6
model		: 158
model name	: Intel(R) Core(TM) i7-8750H CPU @ 2.20GHz
stepping	: 10
microcode	: 0xb4
cpu MHz		: 2123.536
cache size	: 9216 KB
physical id	: 0
siblings	: 12
core id		: 0
cpu cores	: 6
apicid		: 1
initial apicid	: 1
fpu		: yes
fpu_exception	: yes
cpuid level	: 22
wp		: yes
flags		: fpu vme de pse tsc msr pae mce cx8 apic sep mtrr pge mca cmov pat pse36 clflush dts acpi mmx fxsr sse sse2 ss ht tm pbe syscall nx pdpe1gb rdtscp lm constant_tsc art arch_perfmon pebs bts rep_good nopl xtopology nonstop_tsc cpuid aperfmperf tsc_known_freq pni pclmulqdq dtes64 monitor ds_cpl vmx est tm2 ssse3 sdbg fma cx16 xtpr pdcm pcid sse4_1 sse4_2 x2apic movbe popcnt tsc_deadline_timer aes xsave avx f16c rdrand lahf_lm abm 3dnowprefetch cpuid_fault epb invpcid_single pti ssbd ibrs ibpb stibp tpr_shadow vnmi flexpriority ept vpid ept_ad fsgsbase tsc_adjust bmi1 avx2 smep bmi2 erms invpcid mpx rdseed adx smap clflushopt intel_pt xsaveopt xsavec xgetbv1 xsaves dtherm ida arat pln pts hwp hwp_notify hwp_act_window hwp_epp md_clear flush_l1d
bugs		: cpu_meltdown spectre_v1 spectre_v2 spec_store_bypass l1tf mds swapgs
bogomips	: 4416.00
clflush size	: 64
cache_alignment	: 64
address sizes	: 39 bits physical, 48 bits virtual
power management:

processor	: 7
vendor_id	: GenuineIntel
cpu family	: 6
model		: 158
model name	: Intel(R) Core(TM) i7-8750H CPU @ 2.20GHz
stepping	: 10
microcode	: 0xb4
cpu MHz		: 1880.475
cache size	: 9216 KB
physical id	: 0
siblings	: 12
core id		: 1
cpu cores	: 6
apicid		: 3
initial apicid	: 3
fpu		: yes
fpu_exception	: yes
cpuid level	: 22
wp		: yes
flags		: fpu vme de pse tsc msr pae mce cx8 apic sep mtrr pge mca cmov pat pse36 clflush dts acpi mmx fxsr sse sse2 ss ht tm pbe syscall nx pdpe1gb rdtscp lm constant_tsc art arch_perfmon pebs bts rep_good nopl xtopology nonstop_tsc cpuid aperfmperf tsc_known_freq pni pclmulqdq dtes64 monitor ds_cpl vmx est tm2 ssse3 sdbg fma cx16 xtpr pdcm pcid sse4_1 sse4_2 x2apic movbe popcnt tsc_deadline_timer aes xsave avx f16c rdrand lahf_lm abm 3dnowprefetch cpuid_fault epb invpcid_single pti ssbd ibrs ibpb stibp tpr_shadow vnmi flexpriority ept vpid ept_ad fsgsbase tsc_adjust bmi1 avx2 smep bmi2 erms invpcid mpx rdseed adx smap clflushopt intel_pt xsaveopt xsavec xgetbv1 xsaves dtherm ida arat pln pts hwp hwp_notify hwp_act_window hwp_epp md_clear flush_l1d
bugs		: cpu_meltdown spectre_v1 spectre_v2 spec_store_bypass l1tf mds swapgs
bogomips	: 4416.00
clflush size	: 64
cache_alignment	: 64
address sizes	: 39 bits physical, 48 bits virtual
power management:

processor	: 8
vendor_id	: GenuineIntel
cpu family	: 6
model		: 158
model name	: Intel(R) Core(TM) i7-8750H CPU @ 2.20GHz
stepping	: 10
microcode	: 0xb4
cpu MHz		: 2052.823
cache size	: 9216 KB
physical id	: 0
siblings	: 12
core id		: 2
cpu cores	: 6
apicid		: 5
initial apicid	: 5
fpu		: yes
fpu_exception	: yes
cpuid level	: 22
wp		: yes
flags		: fpu vme de pse tsc msr pae mce cx8 apic sep mtrr pge mca cmov pat pse36 clflush dts acpi mmx fxsr sse sse2 ss ht tm pbe syscall nx pdpe1gb rdtscp lm constant_tsc art arch_perfmon pebs bts rep_good nopl xtopology nonstop_tsc cpuid aperfmperf tsc_known_freq pni pclmulqdq dtes64 monitor ds_cpl vmx est tm2 ssse3 sdbg fma cx16 xtpr pdcm pcid sse4_1 sse4_2 x2apic movbe popcnt tsc_deadline_timer aes xsave avx f16c rdrand lahf_lm abm 3dnowprefetch cpuid_fault epb invpcid_single pti ssbd ibrs ibpb stibp tpr_shadow vnmi flexpriority ept vpid ept_ad fsgsbase tsc_adjust bmi1 avx2 smep bmi2 erms invpcid mpx rdseed adx smap clflushopt intel_pt xsaveopt xsavec xgetbv1 xsaves dtherm ida arat pln pts hwp hwp_notify hwp_act_window hwp_epp md_clear flush_l1d
bugs		: cpu_meltdown spectre_v1 spectre_v2 spec_store_bypass l1tf mds swapgs
bogomips	: 4416.00
clflush size	: 64
cache_alignment	: 64
address sizes	: 39 bits physical, 48 bits virtual
power management:

processor	: 9
vendor_id	: GenuineIntel
cpu family	: 6
model		: 158
model name	: Intel(R) Core(TM) i7-8750H CPU @ 2.20GHz
stepping	: 10
microcode	: 0xb4
cpu MHz		: 1662.590
cache size	: 9216 KB
physical id	: 0
siblings	: 12
core id		: 3
cpu cores	: 6
apicid		: 7
initial apicid	: 7
fpu		: yes
fpu_exception	: yes
cpuid level	: 22
wp		: yes
flags		: fpu vme de pse tsc msr pae mce cx8 apic sep mtrr pge mca cmov pat pse36 clflush dts acpi mmx fxsr sse sse2 ss ht tm pbe syscall nx pdpe1gb rdtscp lm constant_tsc art arch_perfmon pebs bts rep_good nopl xtopology nonstop_tsc cpuid aperfmperf tsc_known_freq pni pclmulqdq dtes64 monitor ds_cpl vmx est tm2 ssse3 sdbg fma cx16 xtpr pdcm pcid sse4_1 sse4_2 x2apic movbe popcnt tsc_deadline_timer aes xsave avx f16c rdrand lahf_lm abm 3dnowprefetch cpuid_fault epb invpcid_single pti ssbd ibrs ibpb stibp tpr_shadow vnmi flexpriority ept vpid ept_ad fsgsbase tsc_adjust bmi1 avx2 smep bmi2 erms invpcid mpx rdseed adx smap clflushopt intel_pt xsaveopt xsavec xgetbv1 xsaves dtherm ida arat pln pts hwp hwp_notify hwp_act_window hwp_epp md_clear flush_l1d
bugs		: cpu_meltdown spectre_v1 spectre_v2 spec_store_bypass l1tf mds swapgs
bogomips	: 4416.00
clflush size	: 64
cache_alignment	: 64
address sizes	: 39 bits physical, 48 bits virtual
power management:

processor	: 10
vendor_id	: GenuineIntel
cpu family	: 6
model		: 158
model name	: Intel(R) Core(TM) i7-8750H CPU @ 2.20GHz
stepping	: 10
microcode	: 0xb4
cpu MHz		: 2059.431
cache size	: 9216 KB
physical id	: 0
siblings	: 12
core id		: 4
cpu cores	: 6
apicid		: 9
initial apicid	: 9
fpu		: yes
fpu_exception	: yes
cpuid level	: 22
wp		: yes
flags		: fpu vme de pse tsc msr pae mce cx8 apic sep mtrr pge mca cmov pat pse36 clflush dts acpi mmx fxsr sse sse2 ss ht tm pbe syscall nx pdpe1gb rdtscp lm constant_tsc art arch_perfmon pebs bts rep_good nopl xtopology nonstop_tsc cpuid aperfmperf tsc_known_freq pni pclmulqdq dtes64 monitor ds_cpl vmx est tm2 ssse3 sdbg fma cx16 xtpr pdcm pcid sse4_1 sse4_2 x2apic movbe popcnt tsc_deadline_timer aes xsave avx f16c rdrand lahf_lm abm 3dnowprefetch cpuid_fault epb invpcid_single pti ssbd ibrs ibpb stibp tpr_shadow vnmi flexpriority ept vpid ept_ad fsgsbase tsc_adjust bmi1 avx2 smep bmi2 erms invpcid mpx rdseed adx smap clflushopt intel_pt xsaveopt xsavec xgetbv1 xsaves dtherm ida arat pln pts hwp hwp_notify hwp_act_window hwp_epp md_clear flush_l1d
bugs		: cpu_meltdown spectre_v1 spectre_v2 spec_store_bypass l1tf mds swapgs
bogomips	: 4416.00
clflush size	: 64
cache_alignment	: 64
address sizes	: 39 bits physical, 48 bits virtual
power management:

processor	: 11
vendor_id	: GenuineIntel
cpu family	: 6
model		: 158
model name	: Intel(R) Core(TM) i7-8750H CPU @ 2.20GHz
stepping	: 10
microcode	: 0xb4
cpu MHz		: 1986.702
cache size	: 9216 KB
physical id	: 0
siblings	: 12
core id		: 5
cpu cores	: 6
apicid		: 11
initial apicid	: 11
fpu		: yes
fpu_exception	: yes
cpuid level	: 22
wp		: yes
flags		: fpu vme de pse tsc msr pae mce cx8 apic sep mtrr pge mca cmov pat pse36 clflush dts acpi mmx fxsr sse sse2 ss ht tm pbe syscall nx pdpe1gb rdtscp lm constant_tsc art arch_perfmon pebs bts rep_good nopl xtopology nonstop_tsc cpuid aperfmperf tsc_known_freq pni pclmulqdq dtes64 monitor ds_cpl vmx est tm2 ssse3 sdbg fma cx16 xtpr pdcm pcid sse4_1 sse4_2 x2apic movbe popcnt tsc_deadline_timer aes xsave avx f16c rdrand lahf_lm abm 3dnowprefetch cpuid_fault epb invpcid_single pti ssbd ibrs ibpb stibp tpr_shadow vnmi flexpriority ept vpid ept_ad fsgsbase tsc_adjust bmi1 avx2 smep bmi2 erms invpcid mpx rdseed adx smap clflushopt intel_pt xsaveopt xsavec xgetbv1 xsaves dtherm ida arat pln pts hwp hwp_notify hwp_act_window hwp_epp md_clear flush_l1d
bugs		: cpu_meltdown spectre_v1 spectre_v2 spec_store_bypass l1tf mds swapgs
bogomips	: 4416.00
clflush size	: 64
cache_alignment	: 64
address sizes	: 39 bits physical, 48 bits virtual
power management:



Memory: 4k page, physical 16269588k(169864k free), swap 2097148k(879780k free)

vm_info: OpenJDK 64-Bit Server VM (25.222-b10) for linux-amd64 JRE (1.8.0_222-8u222-b10-1ubuntu1~18.04.1-b10), built on Jul 18 2019 18:52:48 by "buildd" with gcc 7.4.0

time: Sun Mar  1 17:51:41 2020
timezone: CET
elapsed time: 11 seconds (0d 0h 0m 11s)

