#
# There is insufficient memory for the Java Runtime Environment to continue.
# Native memory allocation (mmap) failed to map 1620049920 bytes for committing reserved memory.
# Possible reasons:
#   The system is out of physical RAM or swap space
#   The process is running with CompressedOops enabled, and the Java Heap may be blocking the growth of the native heap
# Possible solutions:
#   Reduce memory load on the system
#   Increase physical memory or swap space
#   Check if swap backing store is full
#   Decrease Java heap size (-Xmx/-Xms)
#   Decrease number of Java threads
#   Decrease Java thread stack sizes (-Xss)
#   Set larger code cache with -XX:ReservedCodeCacheSize=
#   JVM is running with Zero Based Compressed Oops mode in which the Java heap is
#     placed in the first 32GB address space. The Java Heap base address is the
#     maximum limit for the native heap growth. Please use -XX:HeapBaseMinAddress
#     to set the Java Heap base and to place the Java Heap above 32GB virtual address.
# This output file may be truncated or incomplete.
#
#  Out of Memory Error (os_linux.cpp:2757), pid=18746, tid=0x00007f18d7dfd700
#
# JRE version: OpenJDK Runtime Environment (8.0_222-b10) (build 1.8.0_222-8u222-b10-1ubuntu1~18.04.1-b10)
# Java VM: OpenJDK 64-Bit Server VM (25.222-b10 mixed mode linux-amd64 compressed oops)
# Failed to write core dump. Core dumps have been disabled. To enable core dumping, try "ulimit -c unlimited" before starting Java again
#

---------------  T H R E A D  ---------------

Current thread (0x00007f18f820c800):  VMThread [stack: 0x00007f18d7cfe000,0x00007f18d7dfe000] [id=18761]

Stack: [0x00007f18d7cfe000,0x00007f18d7dfe000],  sp=0x00007f18d7dfc4a0,  free space=1017k
Native frames: (J=compiled Java code, j=interpreted, Vv=VM code, C=native code)
V  [libjvm.so+0xab8992]
V  [libjvm.so+0x4dbfd7]
V  [libjvm.so+0x8f33a0]
V  [libjvm.so+0x8ea46e]
V  [libjvm.so+0x96e106]
V  [libjvm.so+0x96f478]
V  [libjvm.so+0x96ba76]
V  [libjvm.so+0x96be0c]
V  [libjvm.so+0x91a5a8]
V  [libjvm.so+0xaba662]
V  [libjvm.so+0xabf1d6]
V  [libjvm.so+0xabd4d5]
V  [libjvm.so+0xabddad]
V  [libjvm.so+0xabe1b8]
V  [libjvm.so+0x8f0732]

VM_Operation (0x00007f18d656a210): ParallelGCFailedAllocation, mode: safepoint, requested by thread 0x00007f18f8c9e000


---------------  P R O C E S S  ---------------

Java Threads: ( => current thread )
  0x00007f18f8ca6800 JavaThread "Thread-12" [_thread_blocked, id=18793, stack(0x00007f18d5687000,0x00007f18d5788000)]
  0x00007f18f8c9e000 JavaThread "pool-1-thread-1" [_thread_blocked, id=18792, stack(0x00007f18d646b000,0x00007f18d656c000)]
  0x00007f18f8a99800 JavaThread "process reaper" daemon [_thread_blocked, id=18772, stack(0x00007f18d656c000,0x00007f18d65a5000)]
  0x00007f18f8256800 JavaThread "Service Thread" daemon [_thread_blocked, id=18769, stack(0x00007f18d6b26000,0x00007f18d6c27000)]
  0x00007f18f8253800 JavaThread "C1 CompilerThread3" daemon [_thread_blocked, id=18768, stack(0x00007f18d6c28000,0x00007f18d6d28000)]
  0x00007f18f8251800 JavaThread "C2 CompilerThread2" daemon [_thread_blocked, id=18767, stack(0x00007f18d6d29000,0x00007f18d6e29000)]
  0x00007f18f824f800 JavaThread "C2 CompilerThread1" daemon [_thread_blocked, id=18766, stack(0x00007f18d6e2a000,0x00007f18d6f2a000)]
  0x00007f18f824c800 JavaThread "C2 CompilerThread0" daemon [_thread_blocked, id=18765, stack(0x00007f18d6f2b000,0x00007f18d702b000)]
  0x00007f18f824b000 JavaThread "Signal Dispatcher" daemon [_thread_blocked, id=18764, stack(0x00007f18d702b000,0x00007f18d712c000)]
  0x00007f18f8218800 JavaThread "Finalizer" daemon [_thread_blocked, id=18763, stack(0x00007f18d7afb000,0x00007f18d7bfc000)]
  0x00007f18f8216000 JavaThread "Reference Handler" daemon [_thread_blocked, id=18762, stack(0x00007f18d7bfc000,0x00007f18d7cfd000)]
  0x00007f18f800b800 JavaThread "main" [_thread_blocked, id=18750, stack(0x00007f18fe8cd000,0x00007f18fe9cd000)]

Other Threads:
=>0x00007f18f820c800 VMThread [stack: 0x00007f18d7cfe000,0x00007f18d7dfe000] [id=18761]
  0x00007f18f8259000 WatcherThread [stack: 0x00007f18d6a26000,0x00007f18d6b26000] [id=18770]

VM state:at safepoint (normal execution)

VM Mutex/Monitor currently owned by a thread:  ([mutex/lock_event])
[0x00007f18f8007c60] Threads_lock - owner thread: 0x00007f18f820c800
[0x00007f18f8008160] Heap_lock - owner thread: 0x00007f18f8c9e000

heap address: 0x0000000455000000, size: 14000 MB, Compressed Oops mode: Zero based, Oop shift amount: 3
Narrow klass base: 0x0000000000000000, Narrow klass shift: 3
Compressed class space size: 1073741824 Address: 0x00000007c0000000

Heap:
 PSYoungGen      total 2653696K, used 18216K [0x000000069c580000, 0x000000073fb80000, 0x00000007c0000000)
  eden space 2632704K, 0% used [0x000000069c580000,0x000000069c580000,0x000000073d080000)
  from space 20992K, 86% used [0x000000073d080000,0x000000073e24a318,0x000000073e500000)
  to   space 18944K, 0% used [0x000000073e500000,0x000000073e500000,0x000000073f780000)
 ParOldGen       total 171008K, used 32941K [0x0000000455000000, 0x000000045f700000, 0x000000069c580000)
  object space 171008K, 19% used [0x0000000455000000,0x000000045702b768,0x000000045f700000)
 Metaspace       used 13373K, capacity 13672K, committed 13952K, reserved 1060864K
  class space    used 1546K, capacity 1622K, committed 1664K, reserved 1048576K

Card table byte_map: [0x00007f18e625e000,0x00007f18e7db7000] byte_map_base: 0x00007f18e3fb6000

Marking Bits: (ParMarkBitMap*) 0x00007f18fdb67360
 Begin Bits: [0x00007f187ca80000, 0x00007f188a540000)
 End Bits:   [0x00007f188a540000, 0x00007f1898000000)

Polling page: 0x00007f18fe9e8000

CodeCache: size=245760Kb used=8854Kb max_used=8950Kb free=236905Kb
 bounds [0x00007f18e8177000, 0x00007f18e8a47000, 0x00007f18f7177000]
 total_blobs=2578 nmethods=2204 adapters=288
 compilation: enabled

Compilation events (10 events):
Event: 6,637 Thread 0x00007f18f8253800 2239       3       org.apache.hama.bsp.message.AbstractMessageManager::getCurrentMessage (10 bytes)
Event: 6,637 Thread 0x00007f18f8253800 nmethod 2239 0x00007f18e8297fd0 code [0x00007f18e8298140, 0x00007f18e8298368]
Event: 6,637 Thread 0x00007f18f8253800 2237       3       java.lang.reflect.Constructor::setConstructorAccessor (21 bytes)
Event: 6,638 Thread 0x00007f18f8253800 nmethod 2237 0x00007f18e8330850 code [0x00007f18e83309c0, 0x00007f18e8330d88]
Event: 6,638 Thread 0x00007f18f8253800 2240       1       java.lang.Thread::getThreadGroup (5 bytes)
Event: 6,638 Thread 0x00007f18f8253800 nmethod 2240 0x00007f18e82c6c90 code [0x00007f18e82c6de0, 0x00007f18e82c6ef0]
Event: 6,638 Thread 0x00007f18f8253800 2236       1       java.lang.reflect.Constructor::getConstructorAccessor (5 bytes)
Event: 6,639 Thread 0x00007f18f8253800 nmethod 2236 0x00007f18e82c69d0 code [0x00007f18e82c6b20, 0x00007f18e82c6c30]
Event: 7,216 Thread 0x00007f18f8253800 2241       3       java.util.WeakHashMap::get (77 bytes)
Event: 7,217 Thread 0x00007f18f8253800 nmethod 2241 0x00007f18e829ca50 code [0x00007f18e829cc40, 0x00007f18e829d4e8]

GC Heap History (10 events):
Event: 2,026 GC heap after
Heap after GC invocations=8 (full 0):
 PSYoungGen      total 1040384K, used 8894K [0x000000069c580000, 0x00000006dc880000, 0x00000007c0000000)
  eden space 1029120K, 0% used [0x000000069c580000,0x000000069c580000,0x00000006db280000)
  from space 11264K, 78% used [0x00000006dbd80000,0x00000006dc62f890,0x00000006dc880000)
  to   space 11264K, 0% used [0x00000006db280000,0x00000006db280000,0x00000006dbd80000)
 ParOldGen       total 171008K, used 6759K [0x0000000455000000, 0x000000045f700000, 0x000000069c580000)
  object space 171008K, 3% used [0x0000000455000000,0x0000000455699c58,0x000000045f700000)
 Metaspace       used 13128K, capacity 13450K, committed 13696K, reserved 1060864K
  class space    used 1529K, capacity 1617K, committed 1664K, reserved 1048576K
}
Event: 2,364 GC heap before
{Heap before GC invocations=9 (full 0):
 PSYoungGen      total 1040384K, used 1038014K [0x000000069c580000, 0x00000006dc880000, 0x00000007c0000000)
  eden space 1029120K, 100% used [0x000000069c580000,0x00000006db280000,0x00000006db280000)
  from space 11264K, 78% used [0x00000006dbd80000,0x00000006dc62f890,0x00000006dc880000)
  to   space 11264K, 0% used [0x00000006db280000,0x00000006db280000,0x00000006dbd80000)
 ParOldGen       total 171008K, used 6759K [0x0000000455000000, 0x000000045f700000, 0x000000069c580000)
  object space 171008K, 3% used [0x0000000455000000,0x0000000455699c58,0x000000045f700000)
 Metaspace       used 13151K, capacity 13450K, committed 13696K, reserved 1060864K
  class space    used 1529K, capacity 1617K, committed 1664K, reserved 1048576K
Event: 2,370 GC heap after
Heap after GC invocations=9 (full 0):
 PSYoungGen      total 1040384K, used 10710K [0x000000069c580000, 0x0000000702580000, 0x00000007c0000000)
  eden space 1029120K, 0% used [0x000000069c580000,0x000000069c580000,0x00000006db280000)
  from space 11264K, 95% used [0x00000006db280000,0x00000006dbcf5a08,0x00000006dbd80000)
  to   space 12288K, 0% used [0x0000000701980000,0x0000000701980000,0x0000000702580000)
 ParOldGen       total 171008K, used 9696K [0x0000000455000000, 0x000000045f700000, 0x000000069c580000)
  object space 171008K, 5% used [0x0000000455000000,0x0000000455978390,0x000000045f700000)
 Metaspace       used 13151K, capacity 13450K, committed 13696K, reserved 1060864K
  class space    used 1529K, capacity 1617K, committed 1664K, reserved 1048576K
}
Event: 2,567 GC heap before
{Heap before GC invocations=10 (full 0):
 PSYoungGen      total 1040384K, used 1039830K [0x000000069c580000, 0x0000000702580000, 0x00000007c0000000)
  eden space 1029120K, 100% used [0x000000069c580000,0x00000006db280000,0x00000006db280000)
  from space 11264K, 95% used [0x00000006db280000,0x00000006dbcf5a08,0x00000006dbd80000)
  to   space 12288K, 0% used [0x0000000701980000,0x0000000701980000,0x0000000702580000)
 ParOldGen       total 171008K, used 9696K [0x0000000455000000, 0x000000045f700000, 0x000000069c580000)
  object space 171008K, 5% used [0x0000000455000000,0x0000000455978390,0x000000045f700000)
 Metaspace       used 13151K, capacity 13450K, committed 13696K, reserved 1060864K
  class space    used 1529K, capacity 1617K, committed 1664K, reserved 1048576K
Event: 2,575 GC heap after
Heap after GC invocations=10 (full 0):
 PSYoungGen      total 1658880K, used 9920K [0x000000069c580000, 0x0000000702580000, 0x00000007c0000000)
  eden space 1646592K, 0% used [0x000000069c580000,0x000000069c580000,0x0000000700d80000)
  from space 12288K, 80% used [0x0000000701980000,0x0000000702330010,0x0000000702580000)
  to   space 12288K, 0% used [0x0000000700d80000,0x0000000700d80000,0x0000000701980000)
 ParOldGen       total 171008K, used 15045K [0x0000000455000000, 0x000000045f700000, 0x000000069c580000)
  object space 171008K, 8% used [0x0000000455000000,0x0000000455eb1448,0x000000045f700000)
 Metaspace       used 13151K, capacity 13450K, committed 13696K, reserved 1060864K
  class space    used 1529K, capacity 1617K, committed 1664K, reserved 1048576K
}
Event: 3,623 GC heap before
{Heap before GC invocations=11 (full 0):
 PSYoungGen      total 1658880K, used 1656512K [0x000000069c580000, 0x0000000702580000, 0x00000007c0000000)
  eden space 1646592K, 100% used [0x000000069c580000,0x0000000700d80000,0x0000000700d80000)
  from space 12288K, 80% used [0x0000000701980000,0x0000000702330010,0x0000000702580000)
  to   space 12288K, 0% used [0x0000000700d80000,0x0000000700d80000,0x0000000701980000)
 ParOldGen       total 171008K, used 15045K [0x0000000455000000, 0x000000045f700000, 0x000000069c580000)
  object space 171008K, 8% used [0x0000000455000000,0x0000000455eb1448,0x000000045f700000)
 Metaspace       used 13305K, capacity 13596K, committed 13952K, reserved 1060864K
  class space    used 1541K, capacity 1620K, committed 1664K, reserved 1048576K
Event: 3,644 GC heap after
Heap after GC invocations=11 (full 0):
 PSYoungGen      total 1658880K, used 12276K [0x000000069c580000, 0x000000073f780000, 0x00000007c0000000)
  eden space 1646592K, 0% used [0x000000069c580000,0x000000069c580000,0x0000000700d80000)
  from space 12288K, 99% used [0x0000000700d80000,0x000000070197d160,0x0000000701980000)
  to   space 18944K, 0% used [0x000000073e500000,0x000000073e500000,0x000000073f780000)
 ParOldGen       total 171008K, used 29477K [0x0000000455000000, 0x000000045f700000, 0x000000069c580000)
  object space 171008K, 17% used [0x0000000455000000,0x0000000456cc9738,0x000000045f700000)
 Metaspace       used 13305K, capacity 13596K, committed 13952K, reserved 1060864K
  class space    used 1541K, capacity 1620K, committed 1664K, reserved 1048576K
}
Event: 5,076 GC heap before
{Heap before GC invocations=12 (full 0):
 PSYoungGen      total 1658880K, used 1658868K [0x000000069c580000, 0x000000073f780000, 0x00000007c0000000)
  eden space 1646592K, 100% used [0x000000069c580000,0x0000000700d80000,0x0000000700d80000)
  from space 12288K, 99% used [0x0000000700d80000,0x000000070197d160,0x0000000701980000)
  to   space 18944K, 0% used [0x000000073e500000,0x000000073e500000,0x000000073f780000)
 ParOldGen       total 171008K, used 29477K [0x0000000455000000, 0x000000045f700000, 0x000000069c580000)
  object space 171008K, 17% used [0x0000000455000000,0x0000000456cc9738,0x000000045f700000)
 Metaspace       used 13364K, capacity 13660K, committed 13952K, reserved 1060864K
  class space    used 1545K, capacity 1620K, committed 1664K, reserved 1048576K
Event: 5,088 GC heap after
Heap after GC invocations=12 (full 0):
 PSYoungGen      total 2651648K, used 18260K [0x000000069c580000, 0x000000073fb80000, 0x00000007c0000000)
  eden space 2632704K, 0% used [0x000000069c580000,0x000000069c580000,0x000000073d080000)
  from space 18944K, 96% used [0x000000073e500000,0x000000073f6d50c0,0x000000073f780000)
  to   space 20992K, 0% used [0x000000073d080000,0x000000073d080000,0x000000073e500000)
 ParOldGen       total 171008K, used 32909K [0x0000000455000000, 0x000000045f700000, 0x000000069c580000)
  object space 171008K, 19% used [0x0000000455000000,0x0000000457023768,0x000000045f700000)
 Metaspace       used 13364K, capacity 13660K, committed 13952K, reserved 1060864K
  class space    used 1545K, capacity 1620K, committed 1664K, reserved 1048576K
}
Event: 7,227 GC heap before
{Heap before GC invocations=13 (full 0):
 PSYoungGen      total 2651648K, used 2650964K [0x000000069c580000, 0x000000073fb80000, 0x00000007c0000000)
  eden space 2632704K, 100% used [0x000000069c580000,0x000000073d080000,0x000000073d080000)
  from space 18944K, 96% used [0x000000073e500000,0x000000073f6d50c0,0x000000073f780000)
  to   space 20992K, 0% used [0x000000073d080000,0x000000073d080000,0x000000073e500000)
 ParOldGen       total 171008K, used 32909K [0x0000000455000000, 0x000000045f700000, 0x000000069c580000)
  object space 171008K, 19% used [0x0000000455000000,0x0000000457023768,0x000000045f700000)
 Metaspace       used 13373K, capacity 13672K, committed 13952K, reserved 1060864K
  class space    used 1546K, capacity 1622K, committed 1664K, reserved 1048576K

Deoptimization events (10 events):
Event: 3,791 Thread 0x00007f1848055000 Uncommon trap: reason=class_check action=maybe_recompile pc=0x00007f18e890b3dc method=com.mycompany.pageramk.IndependentCascade$IndependentCascadeVertex.compute(Ljava/lang/Iterable;)V @ 1
Event: 3,791 Thread 0x00007f1848055000 Uncommon trap: reason=class_check action=maybe_recompile pc=0x00007f18e890b3dc method=com.mycompany.pageramk.IndependentCascade$IndependentCascadeVertex.compute(Ljava/lang/Iterable;)V @ 1
Event: 4,273 Thread 0x00007f18f8c9e000 Uncommon trap: reason=bimorphic action=maybe_recompile pc=0x00007f18e89ff8ec method=com.mycompany.pageramk.IndependentCascade$IndependentCascadeVertex.compute(Ljava/lang/Iterable;)V @ 1
Event: 4,273 Thread 0x00007f18f8c9e000 Uncommon trap: reason=bimorphic action=maybe_recompile pc=0x00007f18e89ff8ec method=com.mycompany.pageramk.IndependentCascade$IndependentCascadeVertex.compute(Ljava/lang/Iterable;)V @ 1
Event: 4,273 Thread 0x00007f18f8c9e000 Uncommon trap: reason=bimorphic action=maybe_recompile pc=0x00007f18e89ff8ec method=com.mycompany.pageramk.IndependentCascade$IndependentCascadeVertex.compute(Ljava/lang/Iterable;)V @ 1
Event: 4,273 Thread 0x00007f18f8c9e000 Uncommon trap: reason=bimorphic action=maybe_recompile pc=0x00007f18e89ff8ec method=com.mycompany.pageramk.IndependentCascade$IndependentCascadeVertex.compute(Ljava/lang/Iterable;)V @ 1
Event: 4,382 Thread 0x00007f18f8c9e000 Uncommon trap: reason=unstable_if action=reinterpret pc=0x00007f18e89bc964 method=org.apache.hama.graph.GraphJobRunner.doSuperstep(Lorg/apache/hama/graph/GraphJobMessage;Lorg/apache/hama/bsp/BSPPeer;)V @ 241
Event: 4,382 Thread 0x00007f18f8c9e000 Uncommon trap: reason=unstable_if action=reinterpret pc=0x00007f18e89ab698 method=org.apache.hama.bsp.message.AbstractOutgoingMessageManager.getSocketAddress(Ljava/lang/String;)Ljava/net/InetSocketAddress; @ 51
Event: 4,385 Thread 0x00007f18f8c9e000 Uncommon trap: reason=unstable_if action=reinterpret pc=0x00007f18e89b85b4 method=java.util.concurrent.ConcurrentLinkedQueue.first()Ljava/util/concurrent/ConcurrentLinkedQueue$Node; @ 32
Event: 7,217 Thread 0x00007f1848055000 Uncommon trap: reason=unstable_if action=reinterpret pc=0x00007f18e88dd7e0 method=java.util.concurrent.ThreadPoolExecutor.runWorker(Ljava/util/concurrent/ThreadPoolExecutor$Worker;)V @ 56

Classes redefined (0 events):
No events

Internal exceptions (10 events):
Event: 2,740 Thread 0x00007f1848059000 Implicit null exception at 0x00007f18e884414c to 0x00007f18e8844275
Event: 2,740 Thread 0x00007f1848055000 Implicit null exception at 0x00007f18e884414c to 0x00007f18e8844275
Event: 2,740 Thread 0x00007f1848059800 Implicit null exception at 0x00007f18e884414c to 0x00007f18e8844275
Event: 2,740 Thread 0x00007f1848053800 Implicit null exception at 0x00007f18e884414c to 0x00007f18e8844275
Event: 2,741 Thread 0x00007f184805a800 Implicit null exception at 0x00007f18e884414c to 0x00007f18e8844275
Event: 2,741 Thread 0x00007f184804a000 Implicit null exception at 0x00007f18e884414c to 0x00007f18e8844275
Event: 3,776 Thread 0x00007f18f8c9e000 Implicit null exception at 0x00007f18e89630ac to 0x00007f18e896357d
Event: 3,776 Thread 0x00007f18f8c9e000 Implicit null exception at 0x00007f18e88c5193 to 0x00007f18e88c5891
Event: 3,790 Thread 0x00007f18f8c9e000 Implicit null exception at 0x00007f18e88df5ab to 0x00007f18e88df6fd
Event: 4,382 Thread 0x00007f18f8c9e000 Implicit null exception at 0x00007f18e89aa656 to 0x00007f18e89ab674

Events (10 events):
Event: 7,217 Thread 0x00007f1848055000 Uncommon trap: trap_request=0xffffff65 fr.pc=0x00007f18e88dd7e0
Event: 7,217 Thread 0x00007f1848055000 DEOPT PACKING pc=0x00007f18e88dd7e0 sp=0x00007f18d48ac8e0
Event: 7,217 Executing VM operation: RevokeBias
Event: 7,217 Thread 0x00007f1848055000 DEOPT UNPACKING pc=0x00007f18e81bc47a sp=0x00007f18d48ac888 mode 2
Event: 7,217 Executing VM operation: RevokeBias done
Event: 7,217 Thread 0x00007f184805a800 Thread exited: 0x00007f184805a800
Event: 7,217 Thread 0x00007f1848049000 Thread exited: 0x00007f1848049000
Event: 7,217 Thread 0x00007f1848050000 Thread exited: 0x00007f1848050000
Event: 7,217 Thread 0x00007f1848055000 Thread exited: 0x00007f1848055000
Event: 7,227 Executing VM operation: ParallelGCFailedAllocation


Dynamic libraries:
455000000-45f700000 rw-p 00000000 00:00 0 
45f700000-69c580000 ---p 00000000 00:00 0 
69c580000-73fb80000 rw-p 00000000 00:00 0 
7a0480000-7c0000000 ---p 00000000 00:00 0 
7c0000000-7c01a0000 rw-p 00000000 00:00 0 
7c01a0000-800000000 ---p 00000000 00:00 0 
55581c7eb000-55581c7ec000 r-xp 00000000 08:12 14684004                   /usr/lib/jvm/java-8-openjdk-amd64/jre/bin/java
55581c9eb000-55581c9ec000 r--p 00000000 08:12 14684004                   /usr/lib/jvm/java-8-openjdk-amd64/jre/bin/java
55581c9ec000-55581c9ed000 rw-p 00001000 08:12 14684004                   /usr/lib/jvm/java-8-openjdk-amd64/jre/bin/java
55581d91a000-55581d93b000 rw-p 00000000 00:00 0                          [heap]
7f1818000000-7f1818021000 rw-p 00000000 00:00 0 
7f1818021000-7f181c000000 ---p 00000000 00:00 0 
7f181c000000-7f181c021000 rw-p 00000000 00:00 0 
7f181c021000-7f1820000000 ---p 00000000 00:00 0 
7f1820000000-7f1820021000 rw-p 00000000 00:00 0 
7f1820021000-7f1824000000 ---p 00000000 00:00 0 
7f1824000000-7f1824021000 rw-p 00000000 00:00 0 
7f1824021000-7f1828000000 ---p 00000000 00:00 0 
7f1828000000-7f1828021000 rw-p 00000000 00:00 0 
7f1828021000-7f182c000000 ---p 00000000 00:00 0 
7f182c000000-7f182c021000 rw-p 00000000 00:00 0 
7f182c021000-7f1830000000 ---p 00000000 00:00 0 
7f1830000000-7f1830021000 rw-p 00000000 00:00 0 
7f1830021000-7f1834000000 ---p 00000000 00:00 0 
7f1834000000-7f1834021000 rw-p 00000000 00:00 0 
7f1834021000-7f1838000000 ---p 00000000 00:00 0 
7f1838000000-7f1838021000 rw-p 00000000 00:00 0 
7f1838021000-7f183c000000 ---p 00000000 00:00 0 
7f183c000000-7f183c021000 rw-p 00000000 00:00 0 
7f183c021000-7f1840000000 ---p 00000000 00:00 0 
7f1840000000-7f1840021000 rw-p 00000000 00:00 0 
7f1840021000-7f1844000000 ---p 00000000 00:00 0 
7f1844000000-7f1844021000 rw-p 00000000 00:00 0 
7f1844021000-7f1848000000 ---p 00000000 00:00 0 
7f1848000000-7f184809d000 rw-p 00000000 00:00 0 
7f184809d000-7f184c000000 ---p 00000000 00:00 0 
7f184c000000-7f184c021000 rw-p 00000000 00:00 0 
7f184c021000-7f1850000000 ---p 00000000 00:00 0 
7f1850000000-7f1850021000 rw-p 00000000 00:00 0 
7f1850021000-7f1854000000 ---p 00000000 00:00 0 
7f1854000000-7f1854021000 rw-p 00000000 00:00 0 
7f1854021000-7f1858000000 ---p 00000000 00:00 0 
7f1858000000-7f185842b000 rw-p 00000000 00:00 0 
7f185842b000-7f185c000000 ---p 00000000 00:00 0 
7f185c000000-7f185c021000 rw-p 00000000 00:00 0 
7f185c021000-7f1860000000 ---p 00000000 00:00 0 
7f1860000000-7f1860bc0000 rw-p 00000000 00:00 0 
7f1860bc0000-7f1864000000 ---p 00000000 00:00 0 
7f1864000000-7f1864aac000 rw-p 00000000 00:00 0 
7f1864aac000-7f1868000000 ---p 00000000 00:00 0 
7f1868000000-7f1868021000 rw-p 00000000 00:00 0 
7f1868021000-7f186c000000 ---p 00000000 00:00 0 
7f186c000000-7f186cdec000 rw-p 00000000 00:00 0 
7f186cdec000-7f1870000000 ---p 00000000 00:00 0 
7f1870000000-7f1870021000 rw-p 00000000 00:00 0 
7f1870021000-7f1874000000 ---p 00000000 00:00 0 
7f1874000000-7f1874021000 rw-p 00000000 00:00 0 
7f1874021000-7f1878000000 ---p 00000000 00:00 0 
7f1878000000-7f1878038000 rw-p 00000000 00:00 0 
7f1878038000-7f187c000000 ---p 00000000 00:00 0 
7f187ca80000-7f1898000000 rw-p 00000000 00:00 0 
7f1898000000-7f1898021000 rw-p 00000000 00:00 0 
7f1898021000-7f189c000000 ---p 00000000 00:00 0 
7f18a0000000-7f18a0021000 rw-p 00000000 00:00 0 
7f18a0021000-7f18a4000000 ---p 00000000 00:00 0 
7f18a8000000-7f18a8021000 rw-p 00000000 00:00 0 
7f18a8021000-7f18ac000000 ---p 00000000 00:00 0 
7f18b0000000-7f18b0021000 rw-p 00000000 00:00 0 
7f18b0021000-7f18b4000000 ---p 00000000 00:00 0 
7f18b8000000-7f18b8021000 rw-p 00000000 00:00 0 
7f18b8021000-7f18bc000000 ---p 00000000 00:00 0 
7f18c0000000-7f18c0021000 rw-p 00000000 00:00 0 
7f18c0021000-7f18c4000000 ---p 00000000 00:00 0 
7f18c8000000-7f18c8021000 rw-p 00000000 00:00 0 
7f18c8021000-7f18cc000000 ---p 00000000 00:00 0 
7f18ccfff000-7f18d0000000 rw-p 00000000 00:00 0 
7f18d0000000-7f18d0021000 rw-p 00000000 00:00 0 
7f18d0021000-7f18d4000000 ---p 00000000 00:00 0 
7f18d41a7000-7f18d41aa000 ---p 00000000 00:00 0 
7f18d41aa000-7f18d42a8000 rw-p 00000000 00:00 0 
7f18d42a8000-7f18d42ab000 ---p 00000000 00:00 0 
7f18d42ab000-7f18d43a9000 rw-p 00000000 00:00 0 
7f18d43a9000-7f18d43ac000 ---p 00000000 00:00 0 
7f18d43ac000-7f18d44aa000 rw-p 00000000 00:00 0 
7f18d44aa000-7f18d44ad000 ---p 00000000 00:00 0 
7f18d44ad000-7f18d45ab000 rw-p 00000000 00:00 0 
7f18d45ab000-7f18d45ae000 ---p 00000000 00:00 0 
7f18d45ae000-7f18d46ac000 rw-p 00000000 00:00 0 
7f18d46ac000-7f18d46af000 ---p 00000000 00:00 0 
7f18d46af000-7f18d47ad000 rw-p 00000000 00:00 0 
7f18d47ad000-7f18d47b0000 ---p 00000000 00:00 0 
7f18d47b0000-7f18d48ae000 rw-p 00000000 00:00 0 
7f18d48ae000-7f18d48b1000 ---p 00000000 00:00 0 
7f18d48b1000-7f18d49af000 rw-p 00000000 00:00 0 
7f18d4a4b000-7f18d4a4e000 ---p 00000000 00:00 0 
7f18d4a4e000-7f18d4b4c000 rw-p 00000000 00:00 0 
7f18d4b4c000-7f18d4b4f000 ---p 00000000 00:00 0 
7f18d4b4f000-7f18d4c4d000 rw-p 00000000 00:00 0 
7f18d4c4d000-7f18d4c50000 ---p 00000000 00:00 0 
7f18d4c50000-7f18d4d4e000 rw-p 00000000 00:00 0 
7f18d4d4e000-7f18d4d51000 ---p 00000000 00:00 0 
7f18d4d51000-7f18d4e4f000 rw-p 00000000 00:00 0 
7f18d4e4f000-7f18d4e5e000 r-xp 00000000 08:12 13893924                   /lib/x86_64-linux-gnu/libnss_myhostname.so.2
7f18d4e5e000-7f18d505e000 ---p 0000f000 08:12 13893924                   /lib/x86_64-linux-gnu/libnss_myhostname.so.2
7f18d505e000-7f18d5061000 r--p 0000f000 08:12 13893924                   /lib/x86_64-linux-gnu/libnss_myhostname.so.2
7f18d5061000-7f18d5062000 rw-p 00012000 08:12 13893924                   /lib/x86_64-linux-gnu/libnss_myhostname.so.2
7f18d5062000-7f18d5079000 r-xp 00000000 08:12 13898593                   /lib/x86_64-linux-gnu/libresolv-2.27.so
7f18d5079000-7f18d5279000 ---p 00017000 08:12 13898593                   /lib/x86_64-linux-gnu/libresolv-2.27.so
7f18d5279000-7f18d527a000 r--p 00017000 08:12 13898593                   /lib/x86_64-linux-gnu/libresolv-2.27.so
7f18d527a000-7f18d527b000 rw-p 00018000 08:12 13898593                   /lib/x86_64-linux-gnu/libresolv-2.27.so
7f18d527b000-7f18d527d000 rw-p 00000000 00:00 0 
7f18d527d000-7f18d5282000 r-xp 00000000 08:12 13898542                   /lib/x86_64-linux-gnu/libnss_dns-2.27.so
7f18d5282000-7f18d5482000 ---p 00005000 08:12 13898542                   /lib/x86_64-linux-gnu/libnss_dns-2.27.so
7f18d5482000-7f18d5483000 r--p 00005000 08:12 13898542                   /lib/x86_64-linux-gnu/libnss_dns-2.27.so
7f18d5483000-7f18d5484000 rw-p 00006000 08:12 13898542                   /lib/x86_64-linux-gnu/libnss_dns-2.27.so
7f18d5484000-7f18d5486000 r-xp 00000000 08:12 13898550                   /lib/x86_64-linux-gnu/libnss_mdns4_minimal.so.2
7f18d5486000-7f18d5685000 ---p 00002000 08:12 13898550                   /lib/x86_64-linux-gnu/libnss_mdns4_minimal.so.2
7f18d5685000-7f18d5686000 r--p 00001000 08:12 13898550                   /lib/x86_64-linux-gnu/libnss_mdns4_minimal.so.2
7f18d5686000-7f18d5687000 rw-p 00002000 08:12 13898550                   /lib/x86_64-linux-gnu/libnss_mdns4_minimal.so.2
7f18d5687000-7f18d568a000 ---p 00000000 00:00 0 
7f18d568a000-7f18d5788000 rw-p 00000000 00:00 0 
7f18d5788000-7f18d5799000 r-xp 00000000 08:12 14684056                   /usr/lib/jvm/java-8-openjdk-amd64/jre/lib/amd64/libnio.so
7f18d5799000-7f18d5998000 ---p 00011000 08:12 14684056                   /usr/lib/jvm/java-8-openjdk-amd64/jre/lib/amd64/libnio.so
7f18d5998000-7f18d5999000 r--p 00010000 08:12 14684056                   /usr/lib/jvm/java-8-openjdk-amd64/jre/lib/amd64/libnio.so
7f18d5999000-7f18d599a000 rw-p 00011000 08:12 14684056                   /usr/lib/jvm/java-8-openjdk-amd64/jre/lib/amd64/libnio.so
7f18d599a000-7f18d59b0000 r-xp 00000000 08:12 14684055                   /usr/lib/jvm/java-8-openjdk-amd64/jre/lib/amd64/libnet.so
7f18d59b0000-7f18d5baf000 ---p 00016000 08:12 14684055                   /usr/lib/jvm/java-8-openjdk-amd64/jre/lib/amd64/libnet.so
7f18d5baf000-7f18d5bb0000 r--p 00015000 08:12 14684055                   /usr/lib/jvm/java-8-openjdk-amd64/jre/lib/amd64/libnet.so
7f18d5bb0000-7f18d5bb1000 rw-p 00016000 08:12 14684055                   /usr/lib/jvm/java-8-openjdk-amd64/jre/lib/amd64/libnet.so
7f18d5c17000-7f18d5c1c000 r--s 002f9000 08:12 14684066                   /usr/lib/jvm/java-8-openjdk-amd64/jre/lib/charsets.jar
7f18d5c1c000-7f18d5c2f000 r--s 00346000 08:12 14684099                   /usr/lib/jvm/java-8-openjdk-amd64/jre/lib/resources.jar
7f18d5c2f000-7f18d5e2f000 rw-p 00000000 00:00 0 
7f18d5e2f000-7f18d5e30000 r--p 00000000 00:00 0 
7f18d5e30000-7f18d5e32000 r--s 00016000 08:12 14684093                   /usr/lib/jvm/java-8-openjdk-amd64/jre/lib/jce.jar
7f18d5e32000-7f18d5e37000 r--s 000a3000 08:12 14684095                   /usr/lib/jvm/java-8-openjdk-amd64/jre/lib/jsse.jar
7f18d5e37000-7f18d5e38000 r-xp 00000000 08:12 14684039                   /usr/lib/jvm/java-8-openjdk-amd64/jre/lib/amd64/libjaas_unix.so
7f18d5e38000-7f18d6037000 ---p 00001000 08:12 14684039                   /usr/lib/jvm/java-8-openjdk-amd64/jre/lib/amd64/libjaas_unix.so
7f18d6037000-7f18d6038000 r--p 00000000 08:12 14684039                   /usr/lib/jvm/java-8-openjdk-amd64/jre/lib/amd64/libjaas_unix.so
7f18d6038000-7f18d6039000 rw-p 00001000 08:12 14684039                   /usr/lib/jvm/java-8-openjdk-amd64/jre/lib/amd64/libjaas_unix.so
7f18d6039000-7f18d6239000 rw-p 00000000 00:00 0 
7f18d6239000-7f18d6240000 r--s 00000000 08:12 14945123                   /usr/lib/x86_64-linux-gnu/gconv/gconv-modules.cache
7f18d6240000-7f18d6261000 r--p 00000000 08:12 531564                     /usr/share/locale-langpack/it/LC_MESSAGES/libc.mo
7f18d6261000-7f18d626a000 r-xp 00000000 08:12 14684053                   /usr/lib/jvm/java-8-openjdk-amd64/jre/lib/amd64/libmanagement.so
7f18d626a000-7f18d6469000 ---p 00009000 08:12 14684053                   /usr/lib/jvm/java-8-openjdk-amd64/jre/lib/amd64/libmanagement.so
7f18d6469000-7f18d646a000 r--p 00008000 08:12 14684053                   /usr/lib/jvm/java-8-openjdk-amd64/jre/lib/amd64/libmanagement.so
7f18d646a000-7f18d646b000 rw-p 00009000 08:12 14684053                   /usr/lib/jvm/java-8-openjdk-amd64/jre/lib/amd64/libmanagement.so
7f18d646b000-7f18d646e000 ---p 00000000 00:00 0 
7f18d646e000-7f18d656c000 rw-p 00000000 00:00 0 
7f18d656c000-7f18d656f000 ---p 00000000 00:00 0 
7f18d656f000-7f18d65a5000 rw-p 00000000 00:00 0 
7f18d65a5000-7f18d65a8000 r--s 00007000 08:12 6554245                    /home/silvio/.m2/repository/org/apache/maven/surefire/surefire-junit4/2.12.4/surefire-junit4-2.12.4.jar
7f18d65a8000-7f18d65ab000 r--s 00014000 08:12 6292101                    /home/silvio/.m2/repository/org/apache/hama/hama-ml/0.7.2-SNAPSHOT/hama-ml-0.7.2-SNAPSHOT.jar
7f18d65ab000-7f18d65ad000 r--s 0000e000 08:12 6292097                    /home/silvio/.m2/repository/org/apache/hama/hama-graph/0.7.2-SNAPSHOT/hama-graph-0.7.2-SNAPSHOT.jar
7f18d65ad000-7f18d65b0000 r--s 00014000 08:12 6422829                    /home/silvio/.m2/repository/org/apache/hama/hama-examples/0.7.2-SNAPSHOT/hama-examples-0.7.2-SNAPSHOT.jar
7f18d65b0000-7f18d65e8000 r--s 004ca000 08:12 6947462                    /home/silvio/.m2/repository/org/scala-lang/scala-library/2.12.4/scala-library-2.12.4.jar
7f18d65e8000-7f18d6604000 r--s 0018b000 08:12 6292138                    /home/silvio/.m2/repository/io/netty/netty-all/4.0.21.Final/netty-all-4.0.21.Final.jar
7f18d6604000-7f18d6613000 r--s 000b1000 08:12 6292135                    /home/silvio/.m2/repository/org/jboss/netty/netty/3.2.2.Final/netty-3.2.2.Final.jar
7f18d6613000-7f18d6615000 r--s 00014000 08:12 6292133                    /home/silvio/.m2/repository/jline/jline/0.9.94/jline-0.9.94.jar
7f18d6615000-7f18d6621000 r--s 000b3000 08:12 6292129                    /home/silvio/.m2/repository/org/apache/zookeeper/zookeeper/3.4.5/zookeeper-3.4.5.jar
7f18d6621000-7f18d6622000 r--s 00002000 08:12 6166426                    /home/silvio/.m2/repository/org/slf4j/slf4j-log4j12/1.5.8/slf4j-log4j12-1.5.8.jar
7f18d6622000-7f18d6623000 r--s 00005000 08:12 6166424                    /home/silvio/.m2/repository/org/slf4j/slf4j-api/1.5.8/slf4j-api-1.5.8.jar
7f18d6623000-7f18d6631000 r--s 000ad000 08:12 6166422                    /home/silvio/.m2/repository/org/codehaus/jackson/jackson-mapper-asl/1.9.2/jackson-mapper-asl-1.9.2.jar
7f18d6631000-7f18d6635000 r--s 00034000 08:12 6166420                    /home/silvio/.m2/repository/org/codehaus/jackson/jackson-core-asl/1.9.2/jackson-core-asl-1.9.2.jar
7f18d6635000-7f18d6644000 r--s 000ee000 08:12 6292130                    /home/silvio/.m2/repository/ant/ant/1.6.5/ant-1.6.5.jar
7f18d6644000-7f18d6667000 r--s 00344000 08:12 6292128                    /home/silvio/.m2/repository/org/eclipse/jdt/core/3.1.1/core-3.1.1.jar
7f18d6667000-7f18d6678000 r--s 000ea000 08:12 6292127                    /home/silvio/.m2/repository/org/mortbay/jetty/jsp-2.1/6.1.14/jsp-2.1-6.1.14.jar
7f18d6678000-7f18d667b000 r--s 0001e000 08:12 6292126                    /home/silvio/.m2/repository/org/mortbay/jetty/jsp-api-2.1/6.1.14/jsp-api-2.1-6.1.14.jar
7f18d667b000-7f18d667e000 r--s 00025000 08:12 6166418                    /home/silvio/.m2/repository/org/mortbay/jetty/jetty-util/6.1.14/jetty-util-6.1.14.jar
7f18d667e000-7f18d667f000 r--s 00002000 08:12 6292123                    /home/silvio/.m2/repository/org/apache/geronimo/specs/geronimo-annotation_1.0_spec/1.0/geronimo-annotation_1.0_spec-1.0.jar
7f18d667f000-7f18d6681000 r--s 00002000 08:12 6292119                    /home/silvio/.m2/repository/geronimo-spec/geronimo-spec-jta/1.0.1B-rc4/geronimo-spec-jta-1.0.1B-rc4.jar
7f18d6681000-7f18d6683000 r--s 0000e000 08:12 6292117                    /home/silvio/.m2/repository/org/mortbay/jetty/jetty-plus/6.1.14/jetty-plus-6.1.14.jar
7f18d6683000-7f18d6685000 r--s 00002000 08:12 6292116                    /home/silvio/.m2/repository/org/mortbay/jetty/jetty-annotations/6.1.14/jetty-annotations-6.1.14.jar
7f18d6685000-7f18d6687000 r--s 00014000 08:12 6292113                    /home/silvio/.m2/repository/org/apache/tomcat/servlet-api/6.0.32/servlet-api-6.0.32.jar
7f18d6687000-7f18d668a000 r--s 0001e000 08:12 6166416                    /home/silvio/.m2/repository/org/mortbay/jetty/servlet-api-2.5/6.1.14/servlet-api-2.5-6.1.14.jar
7f18d668a000-7f18d6691000 r--s 00078000 08:12 6166404                    /home/silvio/.m2/repository/org/mortbay/jetty/jetty/6.1.14/jetty-6.1.14.jar
7f18d6691000-7f18d6692000 r--s 00002000 08:12 6292111                    /home/silvio/.m2/repository/org/apache/ant/ant-launcher/1.7.1/ant-launcher-1.7.1.jar
7f18d6692000-7f18d66a6000 r--s 0012f000 08:12 6292110                    /home/silvio/.m2/repository/org/apache/ant/ant/1.7.1/ant-1.7.1.jar
7f18d66a6000-7f18d66aa000 r--s 0002a000 08:12 6166414                    /home/silvio/.m2/repository/commons-io/commons-io/2.4/commons-io-2.4.jar
7f18d66aa000-7f18d66af000 r--s 00040000 08:12 6166408                    /home/silvio/.m2/repository/commons-httpclient/commons-httpclient/3.0.1/commons-httpclient-3.0.1.jar
7f18d66af000-7f18d66c6000 r--s 00123000 08:12 6292107                    /home/silvio/.m2/repository/org/apache/commons/commons-math3/3.0/commons-math3-3.0.jar
7f18d66c6000-7f18d66cb000 r--s 00041000 08:12 6166406                    /home/silvio/.m2/repository/commons-lang/commons-lang/2.6/commons-lang-2.6.jar
7f18d66cb000-7f18d66d9000 r--s 0007f000 08:12 6166405                    /home/silvio/.m2/repository/commons-collections/commons-collections/3.2.1/commons-collections-3.2.1.jar
7f18d66d9000-7f18d66de000 r--s 00034000 08:12 6166402                    /home/silvio/.m2/repository/commons-beanutils/commons-beanutils/1.8.3/commons-beanutils-1.8.3.jar
7f18d66de000-7f18d66e2000 r--s 00020000 08:12 6166400                    /home/silvio/.m2/repository/commons-digester/commons-digester/1.8.1/commons-digester-1.8.1.jar
7f18d66e2000-7f18d66e9000 r--s 0004f000 08:12 6166398                    /home/silvio/.m2/repository/commons-configuration/commons-configuration/1.7/commons-configuration-1.7.jar
7f18d66e9000-7f18d66f0000 r--s 00056000 08:12 6292105                    /home/silvio/.m2/repository/org/apache/commons/commons-compress/1.9/commons-compress-1.9.jar
7f18d66f0000-7f18d66f2000 r--s 00009000 08:12 5768848                    /home/silvio/.m2/repository/commons-cli/commons-cli/1.2/commons-cli-1.2.jar
7f18d66f2000-7f18d66f4000 r--s 0000d000 08:12 6166396                    /home/silvio/.m2/repository/commons-logging/commons-logging/1.1.1/commons-logging-1.1.1.jar
7f18d66f4000-7f18d66f6000 r--s 00130000 08:12 6292103                    /home/silvio/.m2/repository/org/xerial/snappy/snappy-java/1.0.5/snappy-java-1.0.5.jar
7f18d66f6000-7f18d6702000 r--s 000ab000 08:12 6292093                    /home/silvio/.m2/repository/org/apache/hama/hama-core/0.7.2-SNAPSHOT/hama-core-0.7.2-SNAPSHOT.jar
7f18d6702000-7f18d6703000 r--s 00003000 08:12 6292139                    /home/silvio/.m2/repository/com/googlecode/json-simple/json-simple/1.1/json-simple-1.1.jar
7f18d6703000-7f18d671f000 r--s 001d0000 08:12 6292210                    /home/silvio/.m2/repository/org/apache/hadoop/hadoop-yarn-api/2.7.0/hadoop-yarn-api-2.7.0.jar
7f18d671f000-7f18d6722000 r--s 00020000 08:12 6292207                    /home/silvio/.m2/repository/org/apache/hadoop/hadoop-yarn-client/2.7.0/hadoop-yarn-client-2.7.0.jar
7f18d6722000-7f18d672a000 r--s 0007b000 08:12 6292206                    /home/silvio/.m2/repository/com/google/protobuf/protobuf-java/2.5.0/protobuf-java-2.5.0.jar
7f18d672a000-7f18d673a000 r--s 0008d000 08:12 6423592                    /home/silvio/.m2/repository/joda-time/joda-time/2.10.5/joda-time-2.10.5.jar
7f18d673a000-7f18d6843000 r--s 00a5d000 08:12 6292201                    /home/silvio/.m2/repository/com/amazonaws/aws-java-sdk/1.7.4/aws-java-sdk-1.7.4.jar
7f18d6843000-7f18d6846000 r--s 00006000 08:12 6292200                    /home/silvio/.m2/repository/com/fasterxml/jackson/core/jackson-annotations/2.2.3/jackson-annotations-2.2.3.jar
7f18d6846000-7f18d684a000 r--s 0002c000 08:12 6292197                    /home/silvio/.m2/repository/com/fasterxml/jackson/core/jackson-core/2.2.3/jackson-core-2.2.3.jar
7f18d684a000-7f18d685b000 r--s 000c3000 08:12 6292195                    /home/silvio/.m2/repository/com/fasterxml/jackson/core/jackson-databind/2.2.3/jackson-databind-2.2.3.jar
7f18d685b000-7f18d685e000 r--s 00017000 08:12 6292194                    /home/silvio/.m2/repository/org/apache/hadoop/hadoop-aws/2.7.0/hadoop-aws-2.7.0.jar
7f18d685e000-7f18d6875000 r--s 0010e000 08:12 6292193                    /home/silvio/.m2/repository/io/netty/netty/3.6.2.Final/netty-3.6.2.Final.jar
7f18d6875000-7f18d6877000 r--s 0000e000 08:12 6292190                    /home/silvio/.m2/repository/com/google/inject/extensions/guice-servlet/3.0/guice-servlet-3.0.jar
7f18d6877000-7f18d6878000 r--s 00003000 08:12 6292189                    /home/silvio/.m2/repository/com/sun/jersey/contribs/jersey-guice/1.9/jersey-guice-1.9.jar
7f18d6878000-7f18d687a000 r--s 00000000 08:12 6292186                    /home/silvio/.m2/repository/aopalliance/aopalliance/1.0/aopalliance-1.0.jar
7f18d687a000-7f18d687b000 r--s 00000000 08:12 6292185                    /home/silvio/.m2/repository/javax/inject/javax.inject/1/javax.inject-1.jar
7f18d687b000-7f18d688a000 r--s 0009f000 08:12 6292181                    /home/silvio/.m2/repository/com/google/inject/guice/3.0/guice-3.0.jar
7f18d688a000-7f18d688d000 r--s 0001d000 08:12 6292179                    /home/silvio/.m2/repository/com/sun/jersey/jersey-client/1.9/jersey-client-1.9.jar
7f18d688d000-7f18d688f000 r--s 0000e000 08:12 6166476                    /home/silvio/.m2/repository/javax/activation/activation/1.1/activation-1.1.jar
7f18d688f000-7f18d6891000 r--s 00004000 08:12 6166475                    /home/silvio/.m2/repository/javax/xml/stream/stax-api/1.0-2/stax-api-1.0-2.jar
7f18d6891000-7f18d6894000 r--s 00017000 08:12 6166463                    /home/silvio/.m2/repository/javax/xml/bind/jaxb-api/2.2.2/jaxb-api-2.2.2.jar
7f18d6894000-7f18d68ab000 r--s 0017d000 08:12 6292177                    /home/silvio/.m2/repository/org/apache/hadoop/hadoop-yarn-common/2.7.0/hadoop-yarn-common-2.7.0.jar
7f18d68ab000-7f18d68c4000 r--s 0015d000 08:12 6292175                    /home/silvio/.m2/repository/org/apache/hadoop/hadoop-mapreduce-client-core/2.7.0/hadoop-mapreduce-client-core-2.7.0.jar
7f18d68c4000-7f18d68e7000 r--s 002f7000 08:12 6292174                    /home/silvio/.m2/repository/org/apache/hadoop/hadoop-hdfs/2.7.0/hadoop-hdfs-2.7.0-tests.jar
7f18d68e7000-7f18d68ea000 r--s 000fd000 08:12 6292171                    /home/silvio/.m2/repository/org/fusesource/leveldbjni/leveldbjni-all/1.8/leveldbjni-all-1.8.jar
7f18d68ea000-7f18d68f2000 r--s 00028000 08:12 6292170                    /home/silvio/.m2/repository/xml-apis/xml-apis/1.3.04/xml-apis-1.3.04.jar
7f18d68f2000-7f18d690a000 r--s 00115000 08:12 6292167                    /home/silvio/.m2/repository/xerces/xercesImpl/2.9.1/xercesImpl-2.9.1.jar
7f18d690a000-7f18d6974000 r--s 00771000 08:12 6292163                    /home/silvio/.m2/repository/org/apache/hadoop/hadoop-hdfs/2.7.0/hadoop-hdfs-2.7.0.jar
7f18d6974000-7f18d698d000 r--s 00150000 08:12 6292146                    /home/silvio/.m2/repository/org/apache/htrace/htrace-core/3.1.0-incubating/htrace-core-3.1.0-incubating.jar
7f18d698d000-7f18d6990000 r--s 00006000 08:12 5768661                    /home/silvio/.m2/repository/com/google/code/findbugs/jsr305/3.0.0/jsr305-3.0.0.jar
7f18d6990000-7f18d6998000 r--s 0003b000 08:12 6292159                    /home/silvio/.m2/repository/org/apache/curator/curator-recipes/2.7.1/curator-recipes-2.7.1.jar
7f18d6998000-7f18d699a000 r--s 0000f000 08:12 6292157                    /home/silvio/.m2/repository/org/apache/curator/curator-client/2.7.1/curator-client-2.7.1.jar
7f18d699a000-7f18d69ac000 r--s 00097000 08:12 6292145                    /home/silvio/.m2/repository/org/apache/directory/server/apacheds-kerberos-codec/2.0.0-M15/apacheds-kerberos-codec-2.0.0-M15.jar
7f18d69ac000-7f18d6a25000 r--s 01104000 08:12 14690074                   /usr/lib/jvm/java-8-openjdk-amd64/lib/tools.jar
7f18d6a25000-7f18d6a26000 ---p 00000000 00:00 0 
7f18d6a26000-7f18d6b26000 rw-p 00000000 00:00 0 
7f18d6b26000-7f18d6b29000 ---p 00000000 00:00 0 
7f18d6b29000-7f18d6c27000 rw-p 00000000 00:00 0 
7f18d6c27000-7f18d6c28000 ---p 00000000 00:00 0 
7f18d6c28000-7f18d6c2b000 ---p 00000000 00:00 0 
7f18d6c2b000-7f18d6d28000 rw-p 00000000 00:00 0 
7f18d6d28000-7f18d6d29000 ---p 00000000 00:00 0 
7f18d6d29000-7f18d6d2c000 ---p 00000000 00:00 0 
7f18d6d2c000-7f18d6e29000 rw-p 00000000 00:00 0 
7f18d6e29000-7f18d6e2a000 ---p 00000000 00:00 0 
7f18d6e2a000-7f18d6e2d000 ---p 00000000 00:00 0 
7f18d6e2d000-7f18d6f2a000 rw-p 00000000 00:00 0 
7f18d6f2a000-7f18d6f2b000 ---p 00000000 00:00 0 
7f18d6f2b000-7f18d6f2e000 ---p 00000000 00:00 0 
7f18d6f2e000-7f18d702b000 rw-p 00000000 00:00 0 
7f18d702b000-7f18d702e000 ---p 00000000 00:00 0 
7f18d702e000-7f18d712c000 rw-p 00000000 00:00 0 
7f18d712c000-7f18d7afb000 r--p 00000000 08:12 14686883                   /usr/lib/locale/locale-archive
7f18d7afb000-7f18d7afe000 ---p 00000000 00:00 0 
7f18d7afe000-7f18d7bfc000 rw-p 00000000 00:00 0 
7f18d7bfc000-7f18d7bff000 ---p 00000000 00:00 0 
7f18d7bff000-7f18d7cfd000 rw-p 00000000 00:00 0 
7f18d7cfd000-7f18d7cfe000 ---p 00000000 00:00 0 
7f18d7cfe000-7f18d8000000 rw-p 00000000 00:00 0 
7f18d8000000-7f18d8021000 rw-p 00000000 00:00 0 
7f18d8021000-7f18dc000000 ---p 00000000 00:00 0 
7f18dc000000-7f18dc001000 r--s 00005000 08:12 6292165                    /home/silvio/.m2/repository/commons-daemon/commons-daemon/1.0.13/commons-daemon-1.0.13.jar
7f18dc001000-7f18dc004000 r--s 0002b000 08:12 6292156                    /home/silvio/.m2/repository/com/jcraft/jsch/0.1.42/jsch-0.1.42.jar
7f18dc004000-7f18dc00a000 r--s 00028000 08:12 6292154                    /home/silvio/.m2/repository/org/apache/curator/curator-framework/2.7.1/curator-framework-2.7.1.jar
7f18dc00a000-7f18dc00c000 r--s 00012000 08:12 6292152                    /home/silvio/.m2/repository/org/apache/directory/api/api-util/1.0.0-M20/api-util-1.0.0-M20.jar
7f18dc00c000-7f18dc00e000 r--s 00003000 08:12 6292150                    /home/silvio/.m2/repository/org/apache/directory/api/api-asn1-api/1.0.0-M20/api-asn1-api-1.0.0-M20.jar
7f18dc00e000-7f18dc00f000 r--s 0000a000 08:12 6292147                    /home/silvio/.m2/repository/org/apache/directory/server/apacheds-i18n/2.0.0-M15/apacheds-i18n-2.0.0-M15.jar
7f18dc00f000-7f18dc012000 r--s 0000f000 08:12 6292144                    /home/silvio/.m2/repository/org/apache/hadoop/hadoop-auth/2.7.0/hadoop-auth-2.7.0.jar
7f18dc012000-7f18dc017000 r--s 0002a000 08:12 6292137                    /home/silvio/.m2/repository/com/google/code/gson/gson/2.2.4/gson-2.2.4.jar
7f18dc017000-7f18dc019000 r--s 00006000 08:12 6166471                    /home/silvio/.m2/repository/com/thoughtworks/paranamer/paranamer/2.3/paranamer-2.3.jar
7f18dc019000-7f18dc020000 r--s 00044000 08:12 6166468                    /home/silvio/.m2/repository/org/apache/avro/avro/1.7.4/avro-1.7.4.jar
7f18dc020000-7f18dc028000 r--s 0004e000 08:12 6166462                    /home/silvio/.m2/repository/org/apache/httpcomponents/httpclient/4.1.2/httpclient-4.1.2.jar
7f18dc028000-7f18dc031000 r--s 0007b000 08:12 6166460                    /home/silvio/.m2/repository/net/java/dev/jets3t/jets3t/0.9.0/jets3t-0.9.0.jar
7f18dc031000-7f18dc043000 r--s 0009d000 08:12 6166455                    /home/silvio/.m2/repository/com/sun/jersey/jersey-server/1.9/jersey-server-1.9.jar
7f18dc043000-7f18dc056000 r--s 000c7000 08:12 6166450                    /home/silvio/.m2/repository/com/sun/xml/bind/jaxb-impl/2.2.3-1/jaxb-impl-2.2.3-1.jar
7f18dc056000-7f18dc08c000 r--s 0030f000 08:12 6166421                    /home/silvio/.m2/repository/org/apache/hadoop/hadoop-common/2.7.0/hadoop-common-2.7.0.jar
7f18dc08c000-7f18e0000000 rw-p 00000000 00:00 0 
7f18e0000000-7f18e0021000 rw-p 00000000 00:00 0 
7f18e0021000-7f18e4000000 ---p 00000000 00:00 0 
7f18e4000000-7f18e4001000 r--s 00004000 08:12 6166467                    /home/silvio/.m2/repository/com/jamesmurty/utils/java-xmlbuilder/0.4/java-xmlbuilder-0.4.jar
7f18e4001000-7f18e4006000 r--s 00028000 08:12 6166464                    /home/silvio/.m2/repository/org/apache/httpcomponents/httpcore/4.1.2/httpcore-4.1.2.jar
7f18e4006000-7f18e400f000 r--s 0006f000 08:12 6554783                    /home/silvio/.m2/repository/log4j/log4j/1.2.17/log4j-1.2.17.jar
7f18e400f000-7f18e4010000 r--s 0000a000 08:12 6166456                    /home/silvio/.m2/repository/asm/asm/3.1/asm-3.1.jar
7f18e4010000-7f18e4011000 r--s 00007000 08:12 6166452                    /home/silvio/.m2/repository/org/codehaus/jackson/jackson-xc/1.8.3/jackson-xc-1.8.3.jar
7f18e4011000-7f18e4012000 r--s 00004000 08:12 6166451                    /home/silvio/.m2/repository/org/codehaus/jackson/jackson-jaxrs/1.8.3/jackson-jaxrs-1.8.3.jar
7f18e4012000-7f18e4014000 r--s 0000f000 08:12 6166446                    /home/silvio/.m2/repository/org/codehaus/jettison/jettison/1.1/jettison-1.1.jar
7f18e4014000-7f18e4018000 r--s 00021000 08:12 6166445                    /home/silvio/.m2/repository/com/sun/jersey/jersey-json/1.9/jersey-json-1.9.jar
7f18e4018000-7f18e4022000 r--s 00066000 08:12 6166442                    /home/silvio/.m2/repository/com/sun/jersey/jersey-core/1.9/jersey-core-1.9.jar
7f18e4022000-7f18e4025000 r--s 00016000 08:12 6166441                    /home/silvio/.m2/repository/javax/servlet/jsp/jsp-api/2.1/jsp-api-2.1.jar
7f18e4025000-7f18e4027000 r--s 00018000 08:12 6166440                    /home/silvio/.m2/repository/javax/servlet/servlet-api/2.5/servlet-api-2.5.jar
7f18e4027000-7f18e402c000 r--s 0003e000 08:12 6166436                    /home/silvio/.m2/repository/commons-net/commons-net/3.1/commons-net-3.1.jar
7f18e402c000-7f18e402e000 r--s 0000d000 08:12 6166435                    /home/silvio/.m2/repository/commons-codec/commons-codec/1.4/commons-codec-1.4.jar
7f18e402e000-7f18e4034000 r--s 00034000 08:12 6166410                    /home/silvio/.m2/repository/junit/junit/4.8.1/junit-4.8.1.jar
7f18e4034000-7f18e4337000 rw-p 00000000 00:00 0 
7f18e4337000-7f18e4507000 r--s 03c5c000 08:12 14684100                   /usr/lib/jvm/java-8-openjdk-amd64/jre/lib/rt.jar
7f18e4507000-7f18e4619000 rw-p 00000000 00:00 0 
7f18e4619000-7f18e461a000 ---p 00000000 00:00 0 
7f18e461a000-7f18e471a000 rw-p 00000000 00:00 0 
7f18e471a000-7f18e471b000 ---p 00000000 00:00 0 
7f18e471b000-7f18e481b000 rw-p 00000000 00:00 0 
7f18e481b000-7f18e481c000 ---p 00000000 00:00 0 
7f18e481c000-7f18e491c000 rw-p 00000000 00:00 0 
7f18e491c000-7f18e491d000 ---p 00000000 00:00 0 
7f18e491d000-7f18e4a1d000 rw-p 00000000 00:00 0 
7f18e4a1d000-7f18e4a1e000 ---p 00000000 00:00 0 
7f18e4a1e000-7f18e4b1e000 rw-p 00000000 00:00 0 
7f18e4b1e000-7f18e4b1f000 ---p 00000000 00:00 0 
7f18e4b1f000-7f18e4c1f000 rw-p 00000000 00:00 0 
7f18e4c1f000-7f18e4c20000 ---p 00000000 00:00 0 
7f18e4c20000-7f18e4d20000 rw-p 00000000 00:00 0 
7f18e4d20000-7f18e4d21000 ---p 00000000 00:00 0 
7f18e4d21000-7f18e4e21000 rw-p 00000000 00:00 0 
7f18e4e21000-7f18e4e22000 ---p 00000000 00:00 0 
7f18e4e22000-7f18e4f22000 rw-p 00000000 00:00 0 
7f18e4f22000-7f18e4f23000 ---p 00000000 00:00 0 
7f18e4f23000-7f18e5077000 rw-p 00000000 00:00 0 
7f18e5077000-7f18e625e000 ---p 00000000 00:00 0 
7f18e625e000-7f18e62b2000 rw-p 00000000 00:00 0 
7f18e62b2000-7f18e7498000 ---p 00000000 00:00 0 
7f18e7498000-7f18e79b4000 rw-p 00000000 00:00 0 
7f18e79b4000-7f18e7db6000 ---p 00000000 00:00 0 
7f18e7db6000-7f18e7ddb000 rw-p 00000000 00:00 0 
7f18e7ddb000-7f18e8177000 ---p 00000000 00:00 0 
7f18e8177000-7f18e8a47000 rwxp 00000000 00:00 0 
7f18e8a47000-7f18f7177000 ---p 00000000 00:00 0 
7f18f7177000-7f18f717f000 r-xp 00000000 08:12 14684063                   /usr/lib/jvm/java-8-openjdk-amd64/jre/lib/amd64/libzip.so
7f18f717f000-7f18f737e000 ---p 00008000 08:12 14684063                   /usr/lib/jvm/java-8-openjdk-amd64/jre/lib/amd64/libzip.so
7f18f737e000-7f18f737f000 r--p 00007000 08:12 14684063                   /usr/lib/jvm/java-8-openjdk-amd64/jre/lib/amd64/libzip.so
7f18f737f000-7f18f7380000 rw-p 00008000 08:12 14684063                   /usr/lib/jvm/java-8-openjdk-amd64/jre/lib/amd64/libzip.so
7f18f7380000-7f18f738b000 r-xp 00000000 08:12 13898544                   /lib/x86_64-linux-gnu/libnss_files-2.27.so
7f18f738b000-7f18f758a000 ---p 0000b000 08:12 13898544                   /lib/x86_64-linux-gnu/libnss_files-2.27.so
7f18f758a000-7f18f758b000 r--p 0000a000 08:12 13898544                   /lib/x86_64-linux-gnu/libnss_files-2.27.so
7f18f758b000-7f18f758c000 rw-p 0000b000 08:12 13898544                   /lib/x86_64-linux-gnu/libnss_files-2.27.so
7f18f758c000-7f18f7592000 rw-p 00000000 00:00 0 
7f18f7592000-7f18f75a9000 r-xp 00000000 08:12 13898538                   /lib/x86_64-linux-gnu/libnsl-2.27.so
7f18f75a9000-7f18f77a8000 ---p 00017000 08:12 13898538                   /lib/x86_64-linux-gnu/libnsl-2.27.so
7f18f77a8000-7f18f77a9000 r--p 00016000 08:12 13898538                   /lib/x86_64-linux-gnu/libnsl-2.27.so
7f18f77a9000-7f18f77aa000 rw-p 00017000 08:12 13898538                   /lib/x86_64-linux-gnu/libnsl-2.27.so
7f18f77aa000-7f18f77ac000 rw-p 00000000 00:00 0 
7f18f77ac000-7f18f77b7000 r-xp 00000000 08:12 13898555                   /lib/x86_64-linux-gnu/libnss_nis-2.27.so
7f18f77b7000-7f18f79b6000 ---p 0000b000 08:12 13898555                   /lib/x86_64-linux-gnu/libnss_nis-2.27.so
7f18f79b6000-7f18f79b7000 r--p 0000a000 08:12 13898555                   /lib/x86_64-linux-gnu/libnss_nis-2.27.so
7f18f79b7000-7f18f79b8000 rw-p 0000b000 08:12 13898555                   /lib/x86_64-linux-gnu/libnss_nis-2.27.so
7f18f79b8000-7f18f79c0000 r-xp 00000000 08:12 13898540                   /lib/x86_64-linux-gnu/libnss_compat-2.27.so
7f18f79c0000-7f18f7bc0000 ---p 00008000 08:12 13898540                   /lib/x86_64-linux-gnu/libnss_compat-2.27.so
7f18f7bc0000-7f18f7bc1000 r--p 00008000 08:12 13898540                   /lib/x86_64-linux-gnu/libnss_compat-2.27.so
7f18f7bc1000-7f18f7bc2000 rw-p 00009000 08:12 13898540                   /lib/x86_64-linux-gnu/libnss_compat-2.27.so
7f18f7bc2000-7f18f7bec000 r-xp 00000000 08:12 14684040                   /usr/lib/jvm/java-8-openjdk-amd64/jre/lib/amd64/libjava.so
7f18f7bec000-7f18f7deb000 ---p 0002a000 08:12 14684040                   /usr/lib/jvm/java-8-openjdk-amd64/jre/lib/amd64/libjava.so
7f18f7deb000-7f18f7dec000 r--p 00029000 08:12 14684040                   /usr/lib/jvm/java-8-openjdk-amd64/jre/lib/amd64/libjava.so
7f18f7dec000-7f18f7dee000 rw-p 0002a000 08:12 14684040                   /usr/lib/jvm/java-8-openjdk-amd64/jre/lib/amd64/libjava.so
7f18f7dee000-7f18f7dfe000 r-xp 00000000 08:12 14684062                   /usr/lib/jvm/java-8-openjdk-amd64/jre/lib/amd64/libverify.so
7f18f7dfe000-7f18f7ffd000 ---p 00010000 08:12 14684062                   /usr/lib/jvm/java-8-openjdk-amd64/jre/lib/amd64/libverify.so
7f18f7ffd000-7f18f7fff000 r--p 0000f000 08:12 14684062                   /usr/lib/jvm/java-8-openjdk-amd64/jre/lib/amd64/libverify.so
7f18f7fff000-7f18f8000000 rw-p 00011000 08:12 14684062                   /usr/lib/jvm/java-8-openjdk-amd64/jre/lib/amd64/libverify.so
7f18f8000000-7f18f8ca9000 rw-p 00000000 00:00 0 
7f18f8ca9000-7f18fc000000 ---p 00000000 00:00 0 
7f18fc000000-7f18fc002000 r--s 00003000 08:12 6166430                    /home/silvio/.m2/repository/org/apache/hadoop/hadoop-annotations/2.7.0/hadoop-annotations-2.7.0.jar
7f18fc002000-7f18fc026000 r--s 001aa000 08:12 6166394                    /home/silvio/.m2/repository/com/google/guava/guava/13.0.1/guava-13.0.1.jar
7f18fc026000-7f18fc029000 r--s 00013000 08:12 6166390                    /home/silvio/.m2/repository/org/apache/hama/hama-commons/0.7.2-SNAPSHOT/hama-commons-0.7.2-SNAPSHOT.jar
7f18fc029000-7f18fc02d000 r--s 00019000 08:12 5768613                    /home/silvio/.m2/repository/org/apache/maven/surefire/surefire-api/2.12.4/surefire-api-2.12.4.jar
7f18fc02d000-7f18fc048000 r--s 00394000 08:12 14684074                   /usr/lib/jvm/java-8-openjdk-amd64/jre/lib/ext/cldrdata.jar
7f18fc048000-7f18fc063000 r--s 001d6000 08:12 14684079                   /usr/lib/jvm/java-8-openjdk-amd64/jre/lib/ext/nashorn.jar
7f18fc063000-7f18fc0b1000 rw-p 00000000 00:00 0 
7f18fc0b1000-7f18fc0b8000 r-xp 00000000 08:12 13898595                   /lib/x86_64-linux-gnu/librt-2.27.so
7f18fc0b8000-7f18fc2b7000 ---p 00007000 08:12 13898595                   /lib/x86_64-linux-gnu/librt-2.27.so
7f18fc2b7000-7f18fc2b8000 r--p 00006000 08:12 13898595                   /lib/x86_64-linux-gnu/librt-2.27.so
7f18fc2b8000-7f18fc2b9000 rw-p 00007000 08:12 13898595                   /lib/x86_64-linux-gnu/librt-2.27.so
7f18fc2b9000-7f18fc2d0000 r-xp 00000000 08:12 13893655                   /lib/x86_64-linux-gnu/libgcc_s.so.1
7f18fc2d0000-7f18fc4cf000 ---p 00017000 08:12 13893655                   /lib/x86_64-linux-gnu/libgcc_s.so.1
7f18fc4cf000-7f18fc4d0000 r--p 00016000 08:12 13893655                   /lib/x86_64-linux-gnu/libgcc_s.so.1
7f18fc4d0000-7f18fc4d1000 rw-p 00017000 08:12 13893655                   /lib/x86_64-linux-gnu/libgcc_s.so.1
7f18fc4d1000-7f18fc66e000 r-xp 00000000 08:12 13898517                   /lib/x86_64-linux-gnu/libm-2.27.so
7f18fc66e000-7f18fc86d000 ---p 0019d000 08:12 13898517                   /lib/x86_64-linux-gnu/libm-2.27.so
7f18fc86d000-7f18fc86e000 r--p 0019c000 08:12 13898517                   /lib/x86_64-linux-gnu/libm-2.27.so
7f18fc86e000-7f18fc86f000 rw-p 0019d000 08:12 13898517                   /lib/x86_64-linux-gnu/libm-2.27.so
7f18fc86f000-7f18fc9e8000 r-xp 00000000 08:12 14683005                   /usr/lib/x86_64-linux-gnu/libstdc++.so.6.0.25
7f18fc9e8000-7f18fcbe8000 ---p 00179000 08:12 14683005                   /usr/lib/x86_64-linux-gnu/libstdc++.so.6.0.25
7f18fcbe8000-7f18fcbf2000 r--p 00179000 08:12 14683005                   /usr/lib/x86_64-linux-gnu/libstdc++.so.6.0.25
7f18fcbf2000-7f18fcbf4000 rw-p 00183000 08:12 14683005                   /usr/lib/x86_64-linux-gnu/libstdc++.so.6.0.25
7f18fcbf4000-7f18fcbf8000 rw-p 00000000 00:00 0 
7f18fcbf8000-7f18fd897000 r-xp 00000000 08:12 14684065                   /usr/lib/jvm/java-8-openjdk-amd64/jre/lib/amd64/server/libjvm.so
7f18fd897000-7f18fda97000 ---p 00c9f000 08:12 14684065                   /usr/lib/jvm/java-8-openjdk-amd64/jre/lib/amd64/server/libjvm.so
7f18fda97000-7f18fdb2b000 r--p 00c9f000 08:12 14684065                   /usr/lib/jvm/java-8-openjdk-amd64/jre/lib/amd64/server/libjvm.so
7f18fdb2b000-7f18fdb54000 rw-p 00d33000 08:12 14684065                   /usr/lib/jvm/java-8-openjdk-amd64/jre/lib/amd64/server/libjvm.so
7f18fdb54000-7f18fdb84000 rw-p 00000000 00:00 0 
7f18fdb84000-7f18fdb9e000 r-xp 00000000 08:12 13898587                   /lib/x86_64-linux-gnu/libpthread-2.27.so
7f18fdb9e000-7f18fdd9d000 ---p 0001a000 08:12 13898587                   /lib/x86_64-linux-gnu/libpthread-2.27.so
7f18fdd9d000-7f18fdd9e000 r--p 00019000 08:12 13898587                   /lib/x86_64-linux-gnu/libpthread-2.27.so
7f18fdd9e000-7f18fdd9f000 rw-p 0001a000 08:12 13898587                   /lib/x86_64-linux-gnu/libpthread-2.27.so
7f18fdd9f000-7f18fdda3000 rw-p 00000000 00:00 0 
7f18fdda3000-7f18fdda6000 r-xp 00000000 08:12 13898477                   /lib/x86_64-linux-gnu/libdl-2.27.so
7f18fdda6000-7f18fdfa5000 ---p 00003000 08:12 13898477                   /lib/x86_64-linux-gnu/libdl-2.27.so
7f18fdfa5000-7f18fdfa6000 r--p 00002000 08:12 13898477                   /lib/x86_64-linux-gnu/libdl-2.27.so
7f18fdfa6000-7f18fdfa7000 rw-p 00003000 08:12 13898477                   /lib/x86_64-linux-gnu/libdl-2.27.so
7f18fdfa7000-7f18fdfc3000 r-xp 00000000 08:12 13898626                   /lib/x86_64-linux-gnu/libz.so.1.2.11
7f18fdfc3000-7f18fe1c2000 ---p 0001c000 08:12 13898626                   /lib/x86_64-linux-gnu/libz.so.1.2.11
7f18fe1c2000-7f18fe1c3000 r--p 0001b000 08:12 13898626                   /lib/x86_64-linux-gnu/libz.so.1.2.11
7f18fe1c3000-7f18fe1c4000 rw-p 0001c000 08:12 13898626                   /lib/x86_64-linux-gnu/libz.so.1.2.11
7f18fe1c4000-7f18fe3ab000 r-xp 00000000 08:12 13898454                   /lib/x86_64-linux-gnu/libc-2.27.so
7f18fe3ab000-7f18fe5ab000 ---p 001e7000 08:12 13898454                   /lib/x86_64-linux-gnu/libc-2.27.so
7f18fe5ab000-7f18fe5af000 r--p 001e7000 08:12 13898454                   /lib/x86_64-linux-gnu/libc-2.27.so
7f18fe5af000-7f18fe5b1000 rw-p 001eb000 08:12 13898454                   /lib/x86_64-linux-gnu/libc-2.27.so
7f18fe5b1000-7f18fe5b5000 rw-p 00000000 00:00 0 
7f18fe5b5000-7f18fe5c3000 r-xp 00000000 08:12 14684025                   /usr/lib/jvm/java-8-openjdk-amd64/jre/lib/amd64/jli/libjli.so
7f18fe5c3000-7f18fe7c2000 ---p 0000e000 08:12 14684025                   /usr/lib/jvm/java-8-openjdk-amd64/jre/lib/amd64/jli/libjli.so
7f18fe7c2000-7f18fe7c3000 r--p 0000d000 08:12 14684025                   /usr/lib/jvm/java-8-openjdk-amd64/jre/lib/amd64/jli/libjli.so
7f18fe7c3000-7f18fe7c4000 rw-p 0000e000 08:12 14684025                   /usr/lib/jvm/java-8-openjdk-amd64/jre/lib/amd64/jli/libjli.so
7f18fe7c4000-7f18fe7eb000 r-xp 00000000 08:12 13898426                   /lib/x86_64-linux-gnu/ld-2.27.so
7f18fe7eb000-7f18fe7ec000 r--s 00003000 08:12 6166432                    /home/silvio/.m2/repository/xmlenc/xmlenc/0.52/xmlenc-0.52.jar
7f18fe7ec000-7f18fe7ee000 r--s 00007000 08:12 5768611                    /home/silvio/.m2/repository/org/apache/maven/surefire/surefire-booter/2.12.4/surefire-booter-2.12.4.jar
7f18fe7ee000-7f18fe7ef000 r--s 00002000 08:12 5767711                    /home/silvio/NetBeansProjects/pageramk/target/surefire/surefirebooter5815849634006235308.jar
7f18fe7ef000-7f18fe7f0000 r--s 0000d000 08:12 14684080                   /usr/lib/jvm/java-8-openjdk-amd64/jre/lib/ext/sunec.jar
7f18fe7f0000-7f18fe7f3000 r--s 00039000 08:12 14684082                   /usr/lib/jvm/java-8-openjdk-amd64/jre/lib/ext/sunpkcs11.jar
7f18fe7f3000-7f18fe7f6000 r--s 0000f000 08:12 14684076                   /usr/lib/jvm/java-8-openjdk-amd64/jre/lib/ext/icedtea-sound.jar
7f18fe7f6000-7f18fe7fb000 r--s 0003c000 08:12 14684081                   /usr/lib/jvm/java-8-openjdk-amd64/jre/lib/ext/sunjce_provider.jar
7f18fe7fb000-7f18fe8cc000 rw-p 00000000 00:00 0 
7f18fe8cc000-7f18fe8cd000 ---p 00000000 00:00 0 
7f18fe8cd000-7f18fe8d0000 ---p 00000000 00:00 0 
7f18fe8d0000-7f18fe9cf000 rw-p 00000000 00:00 0 
7f18fe9cf000-7f18fe9d0000 r--s 00010000 08:12 14684083                   /usr/lib/jvm/java-8-openjdk-amd64/jre/lib/ext/zipfs.jar
7f18fe9d0000-7f18fe9d1000 r--s 0000a000 08:12 14684077                   /usr/lib/jvm/java-8-openjdk-amd64/jre/lib/ext/jaccess.jar
7f18fe9d1000-7f18fe9d3000 r--s 00007000 08:12 15075574                   /usr/share/java/java-atk-wrapper.jar
7f18fe9d3000-7f18fe9d5000 r--s 00001000 08:12 14684075                   /usr/lib/jvm/java-8-openjdk-amd64/jre/lib/ext/dnsns.jar
7f18fe9d5000-7f18fe9df000 r--s 00116000 08:12 14684078                   /usr/lib/jvm/java-8-openjdk-amd64/jre/lib/ext/localedata.jar
7f18fe9df000-7f18fe9e7000 rw-s 00000000 08:12 2622272                    /tmp/hsperfdata_silvio/18746
7f18fe9e7000-7f18fe9e8000 rw-p 00000000 00:00 0 
7f18fe9e8000-7f18fe9e9000 ---p 00000000 00:00 0 
7f18fe9e9000-7f18fe9eb000 rw-p 00000000 00:00 0 
7f18fe9eb000-7f18fe9ec000 r--p 00027000 08:12 13898426                   /lib/x86_64-linux-gnu/ld-2.27.so
7f18fe9ec000-7f18fe9ed000 rw-p 00028000 08:12 13898426                   /lib/x86_64-linux-gnu/ld-2.27.so
7f18fe9ed000-7f18fe9ee000 rw-p 00000000 00:00 0 
7ffd655b7000-7ffd655d8000 rw-p 00000000 00:00 0                          [stack]
7ffd655f2000-7ffd655f5000 r--p 00000000 00:00 0                          [vvar]
7ffd655f5000-7ffd655f6000 r-xp 00000000 00:00 0                          [vdso]
ffffffffff600000-ffffffffff601000 r-xp 00000000 00:00 0                  [vsyscall]

VM Arguments:
jvm_args: -Xmx14000m 
java_command: /home/silvio/NetBeansProjects/pageramk/target/surefire/surefirebooter5815849634006235308.jar /home/silvio/NetBeansProjects/pageramk/target/surefire/surefire3998844635021736415tmp /home/silvio/NetBeansProjects/pageramk/target/surefire/surefire_01298005155979166136tmp
java_class_path (initial): /home/silvio/NetBeansProjects/pageramk/target/surefire/surefirebooter5815849634006235308.jar
Launcher Type: SUN_STANDARD

Environment Variables:
JAVA_HOME=/usr/lib/jvm/java-8-openjdk-amd64
_JAVA_OPTIONS=-Xmx14000m
PATH=/home/silvio/.local/bin:/usr/local/sbin:/usr/local/bin:/usr/sbin:/usr/bin:/sbin:/bin:/usr/games:/usr/local/games:/snap/bin:/home/silvio/bin:/usr/lib/jvm/java-8-openjdk-amd64/bin:/home/silvio/Scrivania/Cloud/hadoop-3.1.2/hadoop-3.1.2/bin:/home/silvio/Scrivania/Cloud/hama-dist-0.7.1/hama-0.7.1/bin
USERNAME=silvio
SHELL=/bin/bash
DISPLAY=:0

Signal Handlers:
SIGSEGV: [libjvm.so+0xab92f0], sa_mask[0]=11111111011111111101111111111110, sa_flags=SA_RESTART|SA_SIGINFO
SIGBUS: [libjvm.so+0xab92f0], sa_mask[0]=11111111011111111101111111111110, sa_flags=SA_RESTART|SA_SIGINFO
SIGFPE: [libjvm.so+0x8ee560], sa_mask[0]=11111111011111111101111111111110, sa_flags=SA_RESTART|SA_SIGINFO
SIGPIPE: [libjvm.so+0x8ee560], sa_mask[0]=11111111011111111101111111111110, sa_flags=SA_RESTART|SA_SIGINFO
SIGXFSZ: [libjvm.so+0x8ee560], sa_mask[0]=11111111011111111101111111111110, sa_flags=SA_RESTART|SA_SIGINFO
SIGILL: [libjvm.so+0x8ee560], sa_mask[0]=11111111011111111101111111111110, sa_flags=SA_RESTART|SA_SIGINFO
SIGUSR1: SIG_DFL, sa_mask[0]=00000000000000000000000000000000, sa_flags=none
SIGUSR2: [libjvm.so+0x8ee410], sa_mask[0]=00100000000000000000000000000000, sa_flags=SA_RESTART|SA_SIGINFO
SIGHUP: [libjvm.so+0x8eea80], sa_mask[0]=11111111011111111101111111111110, sa_flags=SA_RESTART|SA_SIGINFO
SIGINT: SIG_IGN, sa_mask[0]=00000000000000000000000000000000, sa_flags=none
SIGTERM: [libjvm.so+0x8eea80], sa_mask[0]=11111111011111111101111111111110, sa_flags=SA_RESTART|SA_SIGINFO
SIGQUIT: [libjvm.so+0x8eea80], sa_mask[0]=11111111011111111101111111111110, sa_flags=SA_RESTART|SA_SIGINFO


---------------  S Y S T E M  ---------------

OS:DISTRIB_ID=Ubuntu
DISTRIB_RELEASE=18.04
DISTRIB_CODENAME=bionic
DISTRIB_DESCRIPTION="Ubuntu 18.04.2 LTS"

uname:Linux 5.0.0-29-generic #31~18.04.1-Ubuntu SMP Thu Sep 12 18:29:21 UTC 2019 x86_64
libc:glibc 2.27 NPTL 2.27 
rlimit: STACK 8192k, CORE 0k, NPROC 63366, NOFILE 1048576, AS infinity
load average:2,04 2,25 2,20

/proc/meminfo:
MemTotal:       16269588 kB
MemFree:          179944 kB
MemAvailable:     155240 kB
Buffers:           10108 kB
Cached:           334404 kB
SwapCached:       138408 kB
Active:         14126680 kB
Inactive:        1380040 kB
Active(anon):   14033432 kB
Inactive(anon):  1275516 kB
Active(file):      93248 kB
Inactive(file):   104524 kB
Unevictable:         276 kB
Mlocked:              16 kB
SwapTotal:       2097148 kB
SwapFree:         879868 kB
Dirty:                48 kB
Writeback:             0 kB
AnonPages:      15025376 kB
Mapped:           443440 kB
Shmem:            146296 kB
KReclaimable:      70412 kB
Slab:             183856 kB
SReclaimable:      70412 kB
SUnreclaim:       113444 kB
KernelStack:       21324 kB
PageTables:        91892 kB
NFS_Unstable:          0 kB
Bounce:                0 kB
WritebackTmp:          0 kB
CommitLimit:    10231940 kB
Committed_AS:   26290156 kB
VmallocTotal:   34359738367 kB
VmallocUsed:           0 kB
VmallocChunk:          0 kB
Percpu:             5824 kB
HardwareCorrupted:     0 kB
AnonHugePages:         0 kB
ShmemHugePages:        0 kB
ShmemPmdMapped:        0 kB
CmaTotal:              0 kB
CmaFree:               0 kB
HugePages_Total:       0
HugePages_Free:        0
HugePages_Rsvd:        0
HugePages_Surp:        0
Hugepagesize:       2048 kB
Hugetlb:               0 kB
DirectMap4k:      540288 kB
DirectMap2M:    16084992 kB
DirectMap1G:           0 kB

container (cgroup) information:
container_type: cgroupv1
cpu_cpuset_cpus: 0-11
cpu_memory_nodes: 0
active_processor_count: 12
cpu_quota: -1
cpu_period: 100000
cpu_shares: -1
memory_limit_in_bytes: -1
memory_and_swap_limit_in_bytes: -2
memory_soft_limit_in_bytes: -1
memory_usage_in_bytes: 15790931968
memory_max_usage_in_bytes: 66183168


CPU:total 12 (initial active 12) (6 cores per cpu, 2 threads per core) family 6 model 158 stepping 10, cmov, cx8, fxsr, mmx, sse, sse2, sse3, ssse3, sse4.1, sse4.2, popcnt, avx, avx2, aes, clmul, erms, 3dnowpref, lzcnt, ht, tsc, tscinvbit, bmi1, bmi2, adx

/proc/cpuinfo:
processor	: 0
vendor_id	: GenuineIntel
cpu family	: 6
model		: 158
model name	: Intel(R) Core(TM) i7-8750H CPU @ 2.20GHz
stepping	: 10
microcode	: 0xb4
cpu MHz		: 3985.085
cache size	: 9216 KB
physical id	: 0
siblings	: 12
core id		: 0
cpu cores	: 6
apicid		: 0
initial apicid	: 0
fpu		: yes
fpu_exception	: yes
cpuid level	: 22
wp		: yes
flags		: fpu vme de pse tsc msr pae mce cx8 apic sep mtrr pge mca cmov pat pse36 clflush dts acpi mmx fxsr sse sse2 ss ht tm pbe syscall nx pdpe1gb rdtscp lm constant_tsc art arch_perfmon pebs bts rep_good nopl xtopology nonstop_tsc cpuid aperfmperf tsc_known_freq pni pclmulqdq dtes64 monitor ds_cpl vmx est tm2 ssse3 sdbg fma cx16 xtpr pdcm pcid sse4_1 sse4_2 x2apic movbe popcnt tsc_deadline_timer aes xsave avx f16c rdrand lahf_lm abm 3dnowprefetch cpuid_fault epb invpcid_single pti ssbd ibrs ibpb stibp tpr_shadow vnmi flexpriority ept vpid ept_ad fsgsbase tsc_adjust bmi1 avx2 smep bmi2 erms invpcid mpx rdseed adx smap clflushopt intel_pt xsaveopt xsavec xgetbv1 xsaves dtherm ida arat pln pts hwp hwp_notify hwp_act_window hwp_epp md_clear flush_l1d
bugs		: cpu_meltdown spectre_v1 spectre_v2 spec_store_bypass l1tf mds swapgs
bogomips	: 4416.00
clflush size	: 64
cache_alignment	: 64
address sizes	: 39 bits physical, 48 bits virtual
power management:

processor	: 1
vendor_id	: GenuineIntel
cpu family	: 6
model		: 158
model name	: Intel(R) Core(TM) i7-8750H CPU @ 2.20GHz
stepping	: 10
microcode	: 0xb4
cpu MHz		: 3859.509
cache size	: 9216 KB
physical id	: 0
siblings	: 12
core id		: 1
cpu cores	: 6
apicid		: 2
initial apicid	: 2
fpu		: yes
fpu_exception	: yes
cpuid level	: 22
wp		: yes
flags		: fpu vme de pse tsc msr pae mce cx8 apic sep mtrr pge mca cmov pat pse36 clflush dts acpi mmx fxsr sse sse2 ss ht tm pbe syscall nx pdpe1gb rdtscp lm constant_tsc art arch_perfmon pebs bts rep_good nopl xtopology nonstop_tsc cpuid aperfmperf tsc_known_freq pni pclmulqdq dtes64 monitor ds_cpl vmx est tm2 ssse3 sdbg fma cx16 xtpr pdcm pcid sse4_1 sse4_2 x2apic movbe popcnt tsc_deadline_timer aes xsave avx f16c rdrand lahf_lm abm 3dnowprefetch cpuid_fault epb invpcid_single pti ssbd ibrs ibpb stibp tpr_shadow vnmi flexpriority ept vpid ept_ad fsgsbase tsc_adjust bmi1 avx2 smep bmi2 erms invpcid mpx rdseed adx smap clflushopt intel_pt xsaveopt xsavec xgetbv1 xsaves dtherm ida arat pln pts hwp hwp_notify hwp_act_window hwp_epp flush_l1d
bugs		: cpu_meltdown spectre_v1 spectre_v2 spec_store_bypass l1tf mds swapgs
bogomips	: 4416.00
clflush size	: 64
cache_alignment	: 64
address sizes	: 39 bits physical, 48 bits virtual
power management:

processor	: 2
vendor_id	: GenuineIntel
cpu family	: 6
model		: 158
model name	: Intel(R) Core(TM) i7-8750H CPU @ 2.20GHz
stepping	: 10
microcode	: 0xb4
cpu MHz		: 3981.487
cache size	: 9216 KB
physical id	: 0
siblings	: 12
core id		: 2
cpu cores	: 6
apicid		: 4
initial apicid	: 4
fpu		: yes
fpu_exception	: yes
cpuid level	: 22
wp		: yes
flags		: fpu vme de pse tsc msr pae mce cx8 apic sep mtrr pge mca cmov pat pse36 clflush dts acpi mmx fxsr sse sse2 ss ht tm pbe syscall nx pdpe1gb rdtscp lm constant_tsc art arch_perfmon pebs bts rep_good nopl xtopology nonstop_tsc cpuid aperfmperf tsc_known_freq pni pclmulqdq dtes64 monitor ds_cpl vmx est tm2 ssse3 sdbg fma cx16 xtpr pdcm pcid sse4_1 sse4_2 x2apic movbe popcnt tsc_deadline_timer aes xsave avx f16c rdrand lahf_lm abm 3dnowprefetch cpuid_fault epb invpcid_single pti ssbd ibrs ibpb stibp tpr_shadow vnmi flexpriority ept vpid ept_ad fsgsbase tsc_adjust bmi1 avx2 smep bmi2 erms invpcid mpx rdseed adx smap clflushopt intel_pt xsaveopt xsavec xgetbv1 xsaves dtherm ida arat pln pts hwp hwp_notify hwp_act_window hwp_epp flush_l1d
bugs		: cpu_meltdown spectre_v1 spectre_v2 spec_store_bypass l1tf mds swapgs
bogomips	: 4416.00
clflush size	: 64
cache_alignment	: 64
address sizes	: 39 bits physical, 48 bits virtual
power management:

processor	: 3
vendor_id	: GenuineIntel
cpu family	: 6
model		: 158
model name	: Intel(R) Core(TM) i7-8750H CPU @ 2.20GHz
stepping	: 10
microcode	: 0xb4
cpu MHz		: 3990.979
cache size	: 9216 KB
physical id	: 0
siblings	: 12
core id		: 3
cpu cores	: 6
apicid		: 6
initial apicid	: 6
fpu		: yes
fpu_exception	: yes
cpuid level	: 22
wp		: yes
flags		: fpu vme de pse tsc msr pae mce cx8 apic sep mtrr pge mca cmov pat pse36 clflush dts acpi mmx fxsr sse sse2 ss ht tm pbe syscall nx pdpe1gb rdtscp lm constant_tsc art arch_perfmon pebs bts rep_good nopl xtopology nonstop_tsc cpuid aperfmperf tsc_known_freq pni pclmulqdq dtes64 monitor ds_cpl vmx est tm2 ssse3 sdbg fma cx16 xtpr pdcm pcid sse4_1 sse4_2 x2apic movbe popcnt tsc_deadline_timer aes xsave avx f16c rdrand lahf_lm abm 3dnowprefetch cpuid_fault epb invpcid_single pti ssbd ibrs ibpb stibp tpr_shadow vnmi flexpriority ept vpid ept_ad fsgsbase tsc_adjust bmi1 avx2 smep bmi2 erms invpcid mpx rdseed adx smap clflushopt intel_pt xsaveopt xsavec xgetbv1 xsaves dtherm ida arat pln pts hwp hwp_notify hwp_act_window hwp_epp flush_l1d
bugs		: cpu_meltdown spectre_v1 spectre_v2 spec_store_bypass l1tf mds swapgs
bogomips	: 4416.00
clflush size	: 64
cache_alignment	: 64
address sizes	: 39 bits physical, 48 bits virtual
power management:

processor	: 4
vendor_id	: GenuineIntel
cpu family	: 6
model		: 158
model name	: Intel(R) Core(TM) i7-8750H CPU @ 2.20GHz
stepping	: 10
microcode	: 0xb4
cpu MHz		: 3960.445
cache size	: 9216 KB
physical id	: 0
siblings	: 12
core id		: 4
cpu cores	: 6
apicid		: 8
initial apicid	: 8
fpu		: yes
fpu_exception	: yes
cpuid level	: 22
wp		: yes
flags		: fpu vme de pse tsc msr pae mce cx8 apic sep mtrr pge mca cmov pat pse36 clflush dts acpi mmx fxsr sse sse2 ss ht tm pbe syscall nx pdpe1gb rdtscp lm constant_tsc art arch_perfmon pebs bts rep_good nopl xtopology nonstop_tsc cpuid aperfmperf tsc_known_freq pni pclmulqdq dtes64 monitor ds_cpl vmx est tm2 ssse3 sdbg fma cx16 xtpr pdcm pcid sse4_1 sse4_2 x2apic movbe popcnt tsc_deadline_timer aes xsave avx f16c rdrand lahf_lm abm 3dnowprefetch cpuid_fault epb invpcid_single pti ssbd ibrs ibpb stibp tpr_shadow vnmi flexpriority ept vpid ept_ad fsgsbase tsc_adjust bmi1 avx2 smep bmi2 erms invpcid mpx rdseed adx smap clflushopt intel_pt xsaveopt xsavec xgetbv1 xsaves dtherm ida arat pln pts hwp hwp_notify hwp_act_window hwp_epp flush_l1d
bugs		: cpu_meltdown spectre_v1 spectre_v2 spec_store_bypass l1tf mds swapgs
bogomips	: 4416.00
clflush size	: 64
cache_alignment	: 64
address sizes	: 39 bits physical, 48 bits virtual
power management:

processor	: 5
vendor_id	: GenuineIntel
cpu family	: 6
model		: 158
model name	: Intel(R) Core(TM) i7-8750H CPU @ 2.20GHz
stepping	: 10
microcode	: 0xb4
cpu MHz		: 3996.643
cache size	: 9216 KB
physical id	: 0
siblings	: 12
core id		: 5
cpu cores	: 6
apicid		: 10
initial apicid	: 10
fpu		: yes
fpu_exception	: yes
cpuid level	: 22
wp		: yes
flags		: fpu vme de pse tsc msr pae mce cx8 apic sep mtrr pge mca cmov pat pse36 clflush dts acpi mmx fxsr sse sse2 ss ht tm pbe syscall nx pdpe1gb rdtscp lm constant_tsc art arch_perfmon pebs bts rep_good nopl xtopology nonstop_tsc cpuid aperfmperf tsc_known_freq pni pclmulqdq dtes64 monitor ds_cpl vmx est tm2 ssse3 sdbg fma cx16 xtpr pdcm pcid sse4_1 sse4_2 x2apic movbe popcnt tsc_deadline_timer aes xsave avx f16c rdrand lahf_lm abm 3dnowprefetch cpuid_fault epb invpcid_single pti ssbd ibrs ibpb stibp tpr_shadow vnmi flexpriority ept vpid ept_ad fsgsbase tsc_adjust bmi1 avx2 smep bmi2 erms invpcid mpx rdseed adx smap clflushopt intel_pt xsaveopt xsavec xgetbv1 xsaves dtherm ida arat pln pts hwp hwp_notify hwp_act_window hwp_epp flush_l1d
bugs		: cpu_meltdown spectre_v1 spectre_v2 spec_store_bypass l1tf mds swapgs
bogomips	: 4416.00
clflush size	: 64
cache_alignment	: 64
address sizes	: 39 bits physical, 48 bits virtual
power management:

processor	: 6
vendor_id	: GenuineIntel
cpu family	: 6
model		: 158
model name	: Intel(R) Core(TM) i7-8750H CPU @ 2.20GHz
stepping	: 10
microcode	: 0xb4
cpu MHz		: 3997.173
cache size	: 9216 KB
physical id	: 0
siblings	: 12
core id		: 0
cpu cores	: 6
apicid		: 1
initial apicid	: 1
fpu		: yes
fpu_exception	: yes
cpuid level	: 22
wp		: yes
flags		: fpu vme de pse tsc msr pae mce cx8 apic sep mtrr pge mca cmov pat pse36 clflush dts acpi mmx fxsr sse sse2 ss ht tm pbe syscall nx pdpe1gb rdtscp lm constant_tsc art arch_perfmon pebs bts rep_good nopl xtopology nonstop_tsc cpuid aperfmperf tsc_known_freq pni pclmulqdq dtes64 monitor ds_cpl vmx est tm2 ssse3 sdbg fma cx16 xtpr pdcm pcid sse4_1 sse4_2 x2apic movbe popcnt tsc_deadline_timer aes xsave avx f16c rdrand lahf_lm abm 3dnowprefetch cpuid_fault epb invpcid_single pti ssbd ibrs ibpb stibp tpr_shadow vnmi flexpriority ept vpid ept_ad fsgsbase tsc_adjust bmi1 avx2 smep bmi2 erms invpcid mpx rdseed adx smap clflushopt intel_pt xsaveopt xsavec xgetbv1 xsaves dtherm ida arat pln pts hwp hwp_notify hwp_act_window hwp_epp md_clear flush_l1d
bugs		: cpu_meltdown spectre_v1 spectre_v2 spec_store_bypass l1tf mds swapgs
bogomips	: 4416.00
clflush size	: 64
cache_alignment	: 64
address sizes	: 39 bits physical, 48 bits virtual
power management:

processor	: 7
vendor_id	: GenuineIntel
cpu family	: 6
model		: 158
model name	: Intel(R) Core(TM) i7-8750H CPU @ 2.20GHz
stepping	: 10
microcode	: 0xb4
cpu MHz		: 3992.887
cache size	: 9216 KB
physical id	: 0
siblings	: 12
core id		: 1
cpu cores	: 6
apicid		: 3
initial apicid	: 3
fpu		: yes
fpu_exception	: yes
cpuid level	: 22
wp		: yes
flags		: fpu vme de pse tsc msr pae mce cx8 apic sep mtrr pge mca cmov pat pse36 clflush dts acpi mmx fxsr sse sse2 ss ht tm pbe syscall nx pdpe1gb rdtscp lm constant_tsc art arch_perfmon pebs bts rep_good nopl xtopology nonstop_tsc cpuid aperfmperf tsc_known_freq pni pclmulqdq dtes64 monitor ds_cpl vmx est tm2 ssse3 sdbg fma cx16 xtpr pdcm pcid sse4_1 sse4_2 x2apic movbe popcnt tsc_deadline_timer aes xsave avx f16c rdrand lahf_lm abm 3dnowprefetch cpuid_fault epb invpcid_single pti ssbd ibrs ibpb stibp tpr_shadow vnmi flexpriority ept vpid ept_ad fsgsbase tsc_adjust bmi1 avx2 smep bmi2 erms invpcid mpx rdseed adx smap clflushopt intel_pt xsaveopt xsavec xgetbv1 xsaves dtherm ida arat pln pts hwp hwp_notify hwp_act_window hwp_epp md_clear flush_l1d
bugs		: cpu_meltdown spectre_v1 spectre_v2 spec_store_bypass l1tf mds swapgs
bogomips	: 4416.00
clflush size	: 64
cache_alignment	: 64
address sizes	: 39 bits physical, 48 bits virtual
power management:

processor	: 8
vendor_id	: GenuineIntel
cpu family	: 6
model		: 158
model name	: Intel(R) Core(TM) i7-8750H CPU @ 2.20GHz
stepping	: 10
microcode	: 0xb4
cpu MHz		: 3971.493
cache size	: 9216 KB
physical id	: 0
siblings	: 12
core id		: 2
cpu cores	: 6
apicid		: 5
initial apicid	: 5
fpu		: yes
fpu_exception	: yes
cpuid level	: 22
wp		: yes
flags		: fpu vme de pse tsc msr pae mce cx8 apic sep mtrr pge mca cmov pat pse36 clflush dts acpi mmx fxsr sse sse2 ss ht tm pbe syscall nx pdpe1gb rdtscp lm constant_tsc art arch_perfmon pebs bts rep_good nopl xtopology nonstop_tsc cpuid aperfmperf tsc_known_freq pni pclmulqdq dtes64 monitor ds_cpl vmx est tm2 ssse3 sdbg fma cx16 xtpr pdcm pcid sse4_1 sse4_2 x2apic movbe popcnt tsc_deadline_timer aes xsave avx f16c rdrand lahf_lm abm 3dnowprefetch cpuid_fault epb invpcid_single pti ssbd ibrs ibpb stibp tpr_shadow vnmi flexpriority ept vpid ept_ad fsgsbase tsc_adjust bmi1 avx2 smep bmi2 erms invpcid mpx rdseed adx smap clflushopt intel_pt xsaveopt xsavec xgetbv1 xsaves dtherm ida arat pln pts hwp hwp_notify hwp_act_window hwp_epp md_clear flush_l1d
bugs		: cpu_meltdown spectre_v1 spectre_v2 spec_store_bypass l1tf mds swapgs
bogomips	: 4416.00
clflush size	: 64
cache_alignment	: 64
address sizes	: 39 bits physical, 48 bits virtual
power management:

processor	: 9
vendor_id	: GenuineIntel
cpu family	: 6
model		: 158
model name	: Intel(R) Core(TM) i7-8750H CPU @ 2.20GHz
stepping	: 10
microcode	: 0xb4
cpu MHz		: 3860.340
cache size	: 9216 KB
physical id	: 0
siblings	: 12
core id		: 3
cpu cores	: 6
apicid		: 7
initial apicid	: 7
fpu		: yes
fpu_exception	: yes
cpuid level	: 22
wp		: yes
flags		: fpu vme de pse tsc msr pae mce cx8 apic sep mtrr pge mca cmov pat pse36 clflush dts acpi mmx fxsr sse sse2 ss ht tm pbe syscall nx pdpe1gb rdtscp lm constant_tsc art arch_perfmon pebs bts rep_good nopl xtopology nonstop_tsc cpuid aperfmperf tsc_known_freq pni pclmulqdq dtes64 monitor ds_cpl vmx est tm2 ssse3 sdbg fma cx16 xtpr pdcm pcid sse4_1 sse4_2 x2apic movbe popcnt tsc_deadline_timer aes xsave avx f16c rdrand lahf_lm abm 3dnowprefetch cpuid_fault epb invpcid_single pti ssbd ibrs ibpb stibp tpr_shadow vnmi flexpriority ept vpid ept_ad fsgsbase tsc_adjust bmi1 avx2 smep bmi2 erms invpcid mpx rdseed adx smap clflushopt intel_pt xsaveopt xsavec xgetbv1 xsaves dtherm ida arat pln pts hwp hwp_notify hwp_act_window hwp_epp md_clear flush_l1d
bugs		: cpu_meltdown spectre_v1 spectre_v2 spec_store_bypass l1tf mds swapgs
bogomips	: 4416.00
clflush size	: 64
cache_alignment	: 64
address sizes	: 39 bits physical, 48 bits virtual
power management:

processor	: 10
vendor_id	: GenuineIntel
cpu family	: 6
model		: 158
model name	: Intel(R) Core(TM) i7-8750H CPU @ 2.20GHz
stepping	: 10
microcode	: 0xb4
cpu MHz		: 3983.457
cache size	: 9216 KB
physical id	: 0
siblings	: 12
core id		: 4
cpu cores	: 6
apicid		: 9
initial apicid	: 9
fpu		: yes
fpu_exception	: yes
cpuid level	: 22
wp		: yes
flags		: fpu vme de pse tsc msr pae mce cx8 apic sep mtrr pge mca cmov pat pse36 clflush dts acpi mmx fxsr sse sse2 ss ht tm pbe syscall nx pdpe1gb rdtscp lm constant_tsc art arch_perfmon pebs bts rep_good nopl xtopology nonstop_tsc cpuid aperfmperf tsc_known_freq pni pclmulqdq dtes64 monitor ds_cpl vmx est tm2 ssse3 sdbg fma cx16 xtpr pdcm pcid sse4_1 sse4_2 x2apic movbe popcnt tsc_deadline_timer aes xsave avx f16c rdrand lahf_lm abm 3dnowprefetch cpuid_fault epb invpcid_single pti ssbd ibrs ibpb stibp tpr_shadow vnmi flexpriority ept vpid ept_ad fsgsbase tsc_adjust bmi1 avx2 smep bmi2 erms invpcid mpx rdseed adx smap clflushopt intel_pt xsaveopt xsavec xgetbv1 xsaves dtherm ida arat pln pts hwp hwp_notify hwp_act_window hwp_epp md_clear flush_l1d
bugs		: cpu_meltdown spectre_v1 spectre_v2 spec_store_bypass l1tf mds swapgs
bogomips	: 4416.00
clflush size	: 64
cache_alignment	: 64
address sizes	: 39 bits physical, 48 bits virtual
power management:

processor	: 11
vendor_id	: GenuineIntel
cpu family	: 6
model		: 158
model name	: Intel(R) Core(TM) i7-8750H CPU @ 2.20GHz
stepping	: 10
microcode	: 0xb4
cpu MHz		: 3960.717
cache size	: 9216 KB
physical id	: 0
siblings	: 12
core id		: 5
cpu cores	: 6
apicid		: 11
initial apicid	: 11
fpu		: yes
fpu_exception	: yes
cpuid level	: 22
wp		: yes
flags		: fpu vme de pse tsc msr pae mce cx8 apic sep mtrr pge mca cmov pat pse36 clflush dts acpi mmx fxsr sse sse2 ss ht tm pbe syscall nx pdpe1gb rdtscp lm constant_tsc art arch_perfmon pebs bts rep_good nopl xtopology nonstop_tsc cpuid aperfmperf tsc_known_freq pni pclmulqdq dtes64 monitor ds_cpl vmx est tm2 ssse3 sdbg fma cx16 xtpr pdcm pcid sse4_1 sse4_2 x2apic movbe popcnt tsc_deadline_timer aes xsave avx f16c rdrand lahf_lm abm 3dnowprefetch cpuid_fault epb invpcid_single pti ssbd ibrs ibpb stibp tpr_shadow vnmi flexpriority ept vpid ept_ad fsgsbase tsc_adjust bmi1 avx2 smep bmi2 erms invpcid mpx rdseed adx smap clflushopt intel_pt xsaveopt xsavec xgetbv1 xsaves dtherm ida arat pln pts hwp hwp_notify hwp_act_window hwp_epp md_clear flush_l1d
bugs		: cpu_meltdown spectre_v1 spectre_v2 spec_store_bypass l1tf mds swapgs
bogomips	: 4416.00
clflush size	: 64
cache_alignment	: 64
address sizes	: 39 bits physical, 48 bits virtual
power management:



Memory: 4k page, physical 16269588k(186732k free), swap 2097148k(879868k free)

vm_info: OpenJDK 64-Bit Server VM (25.222-b10) for linux-amd64 JRE (1.8.0_222-8u222-b10-1ubuntu1~18.04.1-b10), built on Jul 18 2019 18:52:48 by "buildd" with gcc 7.4.0

time: Sun Mar  1 15:33:25 2020
timezone: CET
elapsed time: 7 seconds (0d 0h 0m 7s)

