#
# There is insufficient memory for the Java Runtime Environment to continue.
# Native memory allocation (mmap) failed to map 1379401728 bytes for committing reserved memory.
# Possible reasons:
#   The system is out of physical RAM or swap space
#   The process is running with CompressedOops enabled, and the Java Heap may be blocking the growth of the native heap
# Possible solutions:
#   Reduce memory load on the system
#   Increase physical memory or swap space
#   Check if swap backing store is full
#   Decrease Java heap size (-Xmx/-Xms)
#   Decrease number of Java threads
#   Decrease Java thread stack sizes (-Xss)
#   Set larger code cache with -XX:ReservedCodeCacheSize=
#   JVM is running with Zero Based Compressed Oops mode in which the Java heap is
#     placed in the first 32GB address space. The Java Heap base address is the
#     maximum limit for the native heap growth. Please use -XX:HeapBaseMinAddress
#     to set the Java Heap base and to place the Java Heap above 32GB virtual address.
# This output file may be truncated or incomplete.
#
#  Out of Memory Error (os_linux.cpp:2757), pid=28760, tid=0x00007fdf126e6700
#
# JRE version: OpenJDK Runtime Environment (8.0_222-b10) (build 1.8.0_222-8u222-b10-1ubuntu1~18.04.1-b10)
# Java VM: OpenJDK 64-Bit Server VM (25.222-b10 mixed mode linux-amd64 compressed oops)
# Failed to write core dump. Core dumps have been disabled. To enable core dumping, try "ulimit -c unlimited" before starting Java again
#

---------------  T H R E A D  ---------------

Current thread (0x00007fdf3c20c800):  VMThread [stack: 0x00007fdf125e7000,0x00007fdf126e7000] [id=28775]

Stack: [0x00007fdf125e7000,0x00007fdf126e7000],  sp=0x00007fdf126e54a0,  free space=1017k
Native frames: (J=compiled Java code, j=interpreted, Vv=VM code, C=native code)
V  [libjvm.so+0xab8992]
V  [libjvm.so+0x4dbfd7]
V  [libjvm.so+0x8f33a0]
V  [libjvm.so+0x8ea46e]
V  [libjvm.so+0x96e106]
V  [libjvm.so+0x96f478]
V  [libjvm.so+0x96ba76]
V  [libjvm.so+0x96be0c]
V  [libjvm.so+0x91a5a8]
V  [libjvm.so+0xaba662]
V  [libjvm.so+0xabf1d6]
V  [libjvm.so+0xabd4d5]
V  [libjvm.so+0xabddad]
V  [libjvm.so+0xabe1b8]
V  [libjvm.so+0x8f0732]

VM_Operation (0x00007fdf10e11fb0): ParallelGCFailedAllocation, mode: safepoint, requested by thread 0x00007fdf3cc5e800


---------------  P R O C E S S  ---------------

Java Threads: ( => current thread )
  0x00007fdf3cc71000 JavaThread "Thread-12" [_thread_blocked, id=28807, stack(0x00007fdf08efe000,0x00007fdf08fff000)]
  0x00007fdf3cc5e800 JavaThread "pool-1-thread-1" [_thread_blocked, id=28806, stack(0x00007fdf10d13000,0x00007fdf10e14000)]
  0x00007fdf3ca59800 JavaThread "process reaper" daemon [_thread_blocked, id=28786, stack(0x00007fdf10e14000,0x00007fdf10e4d000)]
  0x00007fdf3c25e800 JavaThread "Service Thread" daemon [_thread_blocked, id=28783, stack(0x00007fdf1140f000,0x00007fdf11510000)]
  0x00007fdf3c253800 JavaThread "C1 CompilerThread3" daemon [_thread_blocked, id=28782, stack(0x00007fdf11511000,0x00007fdf11611000)]
  0x00007fdf3c251800 JavaThread "C2 CompilerThread2" daemon [_thread_blocked, id=28781, stack(0x00007fdf11612000,0x00007fdf11712000)]
  0x00007fdf3c24f800 JavaThread "C2 CompilerThread1" daemon [_thread_blocked, id=28780, stack(0x00007fdf11713000,0x00007fdf11813000)]
  0x00007fdf3c24c800 JavaThread "C2 CompilerThread0" daemon [_thread_blocked, id=28779, stack(0x00007fdf11814000,0x00007fdf11914000)]
  0x00007fdf3c24b000 JavaThread "Signal Dispatcher" daemon [_thread_blocked, id=28778, stack(0x00007fdf11914000,0x00007fdf11a15000)]
  0x00007fdf3c218800 JavaThread "Finalizer" daemon [_thread_blocked, id=28777, stack(0x00007fdf123e4000,0x00007fdf124e5000)]
  0x00007fdf3c216000 JavaThread "Reference Handler" daemon [_thread_blocked, id=28776, stack(0x00007fdf124e5000,0x00007fdf125e6000)]
  0x00007fdf3c00b800 JavaThread "main" [_thread_blocked, id=28763, stack(0x00007fdf45175000,0x00007fdf45275000)]

Other Threads:
=>0x00007fdf3c20c800 VMThread [stack: 0x00007fdf125e7000,0x00007fdf126e7000] [id=28775]
  0x00007fdf3c261000 WatcherThread [stack: 0x00007fdf1130f000,0x00007fdf1140f000] [id=28784]

VM state:at safepoint (normal execution)

VM Mutex/Monitor currently owned by a thread:  ([mutex/lock_event])
[0x00007fdf3c007c60] Threads_lock - owner thread: 0x00007fdf3c20c800
[0x00007fdf3c008160] Heap_lock - owner thread: 0x00007fdf3cc5e800

heap address: 0x0000000455000000, size: 14000 MB, Compressed Oops mode: Zero based, Oop shift amount: 3
Narrow klass base: 0x0000000000000000, Narrow klass shift: 3
Compressed class space size: 1073741824 Address: 0x00000007c0000000

Heap:
 PSYoungGen      total 3388416K, used 23704K [0x000000069c580000, 0x000000076d080000, 0x00000007c0000000)
  eden space 3361280K, 0% used [0x000000069c580000,0x000000069c580000,0x0000000769800000)
  from space 27136K, 87% used [0x0000000769800000,0x000000076af26318,0x000000076b280000)
  to   space 23552K, 0% used [0x000000076b280000,0x000000076b280000,0x000000076c980000)
 ParOldGen       total 171008K, used 46094K [0x0000000455000000, 0x000000045f700000, 0x000000069c580000)
  object space 171008K, 26% used [0x0000000455000000,0x0000000457d03a08,0x000000045f700000)
 Metaspace       used 13371K, capacity 13660K, committed 13952K, reserved 1060864K
  class space    used 1546K, capacity 1622K, committed 1664K, reserved 1048576K

Card table byte_map: [0x00007fdf2b4a7000,0x00007fdf2d000000] byte_map_base: 0x00007fdf291ff000

Marking Bits: (ParMarkBitMap*) 0x00007fdf4440f360
 Begin Bits: [0x00007fded0a80000, 0x00007fdede540000)
 End Bits:   [0x00007fdede540000, 0x00007fdeec000000)

Polling page: 0x00007fdf45290000

CodeCache: size=245760Kb used=6174Kb max_used=8347Kb free=239585Kb
 bounds [0x00007fdf2d000000, 0x00007fdf2d850000, 0x00007fdf3c000000]
 total_blobs=2080 nmethods=1706 adapters=288
 compilation: enabled

Compilation events (10 events):
Event: 8,575 Thread 0x00007fdf3c253800 2251       3       java.util.WeakHashMap::get (77 bytes)
Event: 8,575 Thread 0x00007fdf3c253800 nmethod 2251 0x00007fdf2d508c90 code [0x00007fdf2d508e80, 0x00007fdf2d509728]
Event: 9,078 Thread 0x00007fdf3c24c800 2252       4       org.apache.hama.graph.GraphJobMessage::isVertexMessage (14 bytes)
Event: 9,078 Thread 0x00007fdf3c24c800 nmethod 2252 0x00007fdf2d57e890 code [0x00007fdf2d57e9e0, 0x00007fdf2d57ea58]
Event: 10,300 Thread 0x00007fdf3c253800 2253       3       com.mycompany.pageramk.IndependentCascade$IndependentCascadeVertex::compute (549 bytes)
Event: 10,303 Thread 0x00007fdf3c253800 nmethod 2253 0x00007fdf2d50aad0 code [0x00007fdf2d50b5a0, 0x00007fdf2d514d08]
Event: 10,303 Thread 0x00007fdf3c253800 2254       3       org.apache.hama.graph.Vertex::voteToHalt (6 bytes)
Event: 10,303 Thread 0x00007fdf3c253800 nmethod 2254 0x00007fdf2d59d6d0 code [0x00007fdf2d59d820, 0x00007fdf2d59d970]
Event: 10,336 Thread 0x00007fdf3c251800 2255       4       com.mycompany.pageramk.IndependentCascade$IndependentCascadeVertex::compute (549 bytes)
Event: 10,513 Thread 0x00007fdf3c251800 nmethod 2255 0x00007fdf2d339710 code [0x00007fdf2d339fe0, 0x00007fdf2d33f428]

GC Heap History (10 events):
Event: 2,952 GC heap after
Heap after GC invocations=12 (full 0):
 PSYoungGen      total 1328128K, used 3712K [0x000000069c580000, 0x00000006ee180000, 0x00000007c0000000)
  eden space 1318400K, 0% used [0x000000069c580000,0x000000069c580000,0x00000006ecd00000)
  from space 9728K, 38% used [0x00000006ed700000,0x00000006edaa0000,0x00000006ee080000)
  to   space 10240K, 0% used [0x00000006ecd00000,0x00000006ecd00000,0x00000006ed700000)
 ParOldGen       total 171008K, used 22967K [0x0000000455000000, 0x000000045f700000, 0x000000069c580000)
  object space 171008K, 13% used [0x0000000455000000,0x000000045666dd50,0x000000045f700000)
 Metaspace       used 13147K, capacity 13438K, committed 13696K, reserved 1060864K
  class space    used 1528K, capacity 1617K, committed 1664K, reserved 1048576K
}
Event: 3,335 GC heap before
{Heap before GC invocations=13 (full 0):
 PSYoungGen      total 1328128K, used 1322112K [0x000000069c580000, 0x00000006ee180000, 0x00000007c0000000)
  eden space 1318400K, 100% used [0x000000069c580000,0x00000006ecd00000,0x00000006ecd00000)
  from space 9728K, 38% used [0x00000006ed700000,0x00000006edaa0000,0x00000006ee080000)
  to   space 10240K, 0% used [0x00000006ecd00000,0x00000006ecd00000,0x00000006ed700000)
 ParOldGen       total 171008K, used 22967K [0x0000000455000000, 0x000000045f700000, 0x000000069c580000)
  object space 171008K, 13% used [0x0000000455000000,0x000000045666dd50,0x000000045f700000)
 Metaspace       used 13147K, capacity 13438K, committed 13696K, reserved 1060864K
  class space    used 1528K, capacity 1617K, committed 1664K, reserved 1048576K
Event: 3,373 GC heap after
Heap after GC invocations=13 (full 0):
 PSYoungGen      total 1328640K, used 10208K [0x000000069c580000, 0x000000071e980000, 0x00000007c0000000)
  eden space 1318400K, 0% used [0x000000069c580000,0x000000069c580000,0x00000006ecd00000)
  from space 10240K, 99% used [0x00000006ecd00000,0x00000006ed6f8040,0x00000006ed700000)
  to   space 12288K, 0% used [0x000000071dd80000,0x000000071dd80000,0x000000071e980000)
 ParOldGen       total 171008K, used 26903K [0x0000000455000000, 0x000000045f700000, 0x000000069c580000)
  object space 171008K, 15% used [0x0000000455000000,0x0000000456a45d50,0x000000045f700000)
 Metaspace       used 13147K, capacity 13438K, committed 13696K, reserved 1060864K
  class space    used 1528K, capacity 1617K, committed 1664K, reserved 1048576K
}
Event: 4,197 GC heap before
{Heap before GC invocations=14 (full 0):
 PSYoungGen      total 1328640K, used 1328608K [0x000000069c580000, 0x000000071e980000, 0x00000007c0000000)
  eden space 1318400K, 100% used [0x000000069c580000,0x00000006ecd00000,0x00000006ecd00000)
  from space 10240K, 99% used [0x00000006ecd00000,0x00000006ed6f8040,0x00000006ed700000)
  to   space 12288K, 0% used [0x000000071dd80000,0x000000071dd80000,0x000000071e980000)
 ParOldGen       total 171008K, used 26903K [0x0000000455000000, 0x000000045f700000, 0x000000069c580000)
  object space 171008K, 15% used [0x0000000455000000,0x0000000456a45d50,0x000000045f700000)
 Metaspace       used 13312K, capacity 13648K, committed 13952K, reserved 1060864K
  class space    used 1543K, capacity 1620K, committed 1664K, reserved 1048576K
Event: 4,245 GC heap after
Heap after GC invocations=14 (full 0):
 PSYoungGen      total 2115072K, used 12284K [0x000000069c580000, 0x000000071f680000, 0x00000007c0000000)
  eden space 2102784K, 0% used [0x000000069c580000,0x000000069c580000,0x000000071cb00000)
  from space 12288K, 99% used [0x000000071dd80000,0x000000071e97f148,0x000000071e980000)
  to   space 18944K, 0% used [0x000000071cb00000,0x000000071cb00000,0x000000071dd80000)
 ParOldGen       total 171008K, used 40642K [0x0000000455000000, 0x000000045f700000, 0x000000069c580000)
  object space 171008K, 23% used [0x0000000455000000,0x00000004577b09a8,0x000000045f700000)
 Metaspace       used 13312K, capacity 13648K, committed 13952K, reserved 1060864K
  class space    used 1543K, capacity 1620K, committed 1664K, reserved 1048576K
}
Event: 6,235 GC heap before
{Heap before GC invocations=15 (full 0):
 PSYoungGen      total 2115072K, used 2115068K [0x000000069c580000, 0x000000071f680000, 0x00000007c0000000)
  eden space 2102784K, 100% used [0x000000069c580000,0x000000071cb00000,0x000000071cb00000)
  from space 12288K, 99% used [0x000000071dd80000,0x000000071e97f148,0x000000071e980000)
  to   space 18944K, 0% used [0x000000071cb00000,0x000000071cb00000,0x000000071dd80000)
 ParOldGen       total 171008K, used 40642K [0x0000000455000000, 0x000000045f700000, 0x000000069c580000)
  object space 171008K, 23% used [0x0000000455000000,0x00000004577b09a8,0x000000045f700000)
 Metaspace       used 13361K, capacity 13648K, committed 13952K, reserved 1060864K
  class space    used 1545K, capacity 1620K, committed 1664K, reserved 1048576K
Event: 6,249 GC heap after
Heap after GC invocations=15 (full 0):
 PSYoungGen      total 2121728K, used 18929K [0x000000069c580000, 0x000000076c980000, 0x00000007c0000000)
  eden space 2102784K, 0% used [0x000000069c580000,0x000000069c580000,0x000000071cb00000)
  from space 18944K, 99% used [0x000000071cb00000,0x000000071dd7c540,0x000000071dd80000)
  to   space 23552K, 0% used [0x000000076b280000,0x000000076b280000,0x000000076c980000)
 ParOldGen       total 171008K, used 45894K [0x0000000455000000, 0x000000045f700000, 0x000000069c580000)
  object space 171008K, 26% used [0x0000000455000000,0x0000000457cd19e8,0x000000045f700000)
 Metaspace       used 13361K, capacity 13648K, committed 13952K, reserved 1060864K
  class space    used 1545K, capacity 1620K, committed 1664K, reserved 1048576K
}
Event: 7,839 GC heap before
{Heap before GC invocations=16 (full 0):
 PSYoungGen      total 2121728K, used 2121713K [0x000000069c580000, 0x000000076c980000, 0x00000007c0000000)
  eden space 2102784K, 100% used [0x000000069c580000,0x000000071cb00000,0x000000071cb00000)
  from space 18944K, 99% used [0x000000071cb00000,0x000000071dd7c540,0x000000071dd80000)
  to   space 23552K, 0% used [0x000000076b280000,0x000000076b280000,0x000000076c980000)
 ParOldGen       total 171008K, used 45894K [0x0000000455000000, 0x000000045f700000, 0x000000069c580000)
  object space 171008K, 26% used [0x0000000455000000,0x0000000457cd19e8,0x000000045f700000)
 Metaspace       used 13366K, capacity 13654K, committed 13952K, reserved 1060864K
  class space    used 1545K, capacity 1621K, committed 1664K, reserved 1048576K
Event: 7,851 GC heap after
Heap after GC invocations=16 (full 0):
 PSYoungGen      total 3384832K, used 23529K [0x000000069c580000, 0x000000076d080000, 0x00000007c0000000)
  eden space 3361280K, 0% used [0x000000069c580000,0x000000069c580000,0x0000000769800000)
  from space 23552K, 99% used [0x000000076b280000,0x000000076c97a568,0x000000076c980000)
  to   space 27136K, 0% used [0x0000000769800000,0x0000000769800000,0x000000076b280000)
 ParOldGen       total 171008K, used 46014K [0x0000000455000000, 0x000000045f700000, 0x000000069c580000)
  object space 171008K, 26% used [0x0000000455000000,0x0000000457cef9f8,0x000000045f700000)
 Metaspace       used 13366K, capacity 13654K, committed 13952K, reserved 1060864K
  class space    used 1545K, capacity 1621K, committed 1664K, reserved 1048576K
}
Event: 10,787 GC heap before
{Heap before GC invocations=17 (full 0):
 PSYoungGen      total 3384832K, used 3384809K [0x000000069c580000, 0x000000076d080000, 0x00000007c0000000)
  eden space 3361280K, 100% used [0x000000069c580000,0x0000000769800000,0x0000000769800000)
  from space 23552K, 99% used [0x000000076b280000,0x000000076c97a568,0x000000076c980000)
  to   space 27136K, 0% used [0x0000000769800000,0x0000000769800000,0x000000076b280000)
 ParOldGen       total 171008K, used 46014K [0x0000000455000000, 0x000000045f700000, 0x000000069c580000)
  object space 171008K, 26% used [0x0000000455000000,0x0000000457cef9f8,0x000000045f700000)
 Metaspace       used 13371K, capacity 13660K, committed 13952K, reserved 1060864K
  class space    used 1546K, capacity 1622K, committed 1664K, reserved 1048576K

Deoptimization events (10 events):
Event: 4,910 Thread 0x00007fdf3cc5e800 Uncommon trap: reason=bimorphic action=maybe_recompile pc=0x00007fdf2d83c948 method=com.mycompany.pageramk.IndependentCascade$IndependentCascadeVertex.compute(Ljava/lang/Iterable;)V @ 8
Event: 4,910 Thread 0x00007fdf3cc5e800 Uncommon trap: reason=bimorphic action=maybe_recompile pc=0x00007fdf2d83c948 method=com.mycompany.pageramk.IndependentCascade$IndependentCascadeVertex.compute(Ljava/lang/Iterable;)V @ 8
Event: 4,910 Thread 0x00007fdf3cc5e800 Uncommon trap: reason=bimorphic action=maybe_recompile pc=0x00007fdf2d83c948 method=com.mycompany.pageramk.IndependentCascade$IndependentCascadeVertex.compute(Ljava/lang/Iterable;)V @ 8
Event: 4,910 Thread 0x00007fdf3cc5e800 Uncommon trap: reason=bimorphic action=maybe_recompile pc=0x00007fdf2d83c948 method=com.mycompany.pageramk.IndependentCascade$IndependentCascadeVertex.compute(Ljava/lang/Iterable;)V @ 8
Event: 5,215 Thread 0x00007fdf3cc5e800 Uncommon trap: reason=unstable_if action=reinterpret pc=0x00007fdf2d1a65e4 method=org.apache.hama.graph.GraphJobRunner.doSuperstep(Lorg/apache/hama/graph/GraphJobMessage;Lorg/apache/hama/bsp/BSPPeer;)V @ 241
Event: 5,218 Thread 0x00007fdf3cc5e800 Uncommon trap: reason=unstable_if action=reinterpret pc=0x00007fdf2d2963b8 method=java.util.concurrent.ConcurrentLinkedQueue.first()Ljava/util/concurrent/ConcurrentLinkedQueue$Node; @ 32
Event: 7,055 Thread 0x00007fdf3cc5e800 Uncommon trap: reason=unstable_if action=reinterpret pc=0x00007fdf2d6ec224 method=java.util.concurrent.locks.AbstractQueuedSynchronizer.release(I)Z @ 14
Event: 8,575 Thread 0x00007fdea8070000 Uncommon trap: reason=unstable_if action=reinterpret pc=0x00007fdf2d7b59b4 method=java.util.concurrent.ThreadPoolExecutor.runWorker(Ljava/util/concurrent/ThreadPoolExecutor$Worker;)V @ 56
Event: 8,575 Thread 0x00007fdea806e000 Uncommon trap: reason=unstable_if action=reinterpret pc=0x00007fdf2d7b59b4 method=java.util.concurrent.ThreadPoolExecutor.runWorker(Ljava/util/concurrent/ThreadPoolExecutor$Worker;)V @ 56
Event: 10,298 Thread 0x00007fdf3cc5e800 Uncommon trap: reason=unstable_if action=reinterpret pc=0x00007fdf2d60ca10 method=com.mycompany.pageramk.IndependentCascade$IndependentCascadeVertex.compute(Ljava/lang/Iterable;)V @ 541

Classes redefined (0 events):
No events

Internal exceptions (10 events):
Event: 3,495 Thread 0x00007fdea804b800 Implicit null exception at 0x00007fdf2d6e4b4c to 0x00007fdf2d6e4c75
Event: 3,495 Thread 0x00007fdea803f000 Implicit null exception at 0x00007fdf2d6e4b4c to 0x00007fdf2d6e4c75
Event: 3,495 Thread 0x00007fdea8055800 Implicit null exception at 0x00007fdf2d6e4b4c to 0x00007fdf2d6e4c75
Event: 3,499 Thread 0x00007fdf3cc5e800 Implicit null exception at 0x00007fdf2d6e5255 to 0x00007fdf2d6e5425
Event: 3,560 Thread 0x00007fdea8069000 Implicit null exception at 0x00007fdf2d6e8bd5 to 0x00007fdf2d6e8c01
Event: 3,560 Thread 0x00007fdea806a800 Implicit null exception at 0x00007fdf2d6e8bd5 to 0x00007fdf2d6e8c01
Event: 3,560 Thread 0x00007fdea8065000 Implicit null exception at 0x00007fdf2d6e8bd5 to 0x00007fdf2d6e8c01
Event: 3,561 Thread 0x00007fdea8067800 Implicit null exception at 0x00007fdf2d74d8a5 to 0x00007fdf2d74df69
Event: 3,561 Thread 0x00007fdea8060000 Implicit null exception at 0x00007fdf2d74d8a5 to 0x00007fdf2d74df69
Event: 4,519 Thread 0x00007fdf3cc5e800 Implicit null exception at 0x00007fdf2d7bbd28 to 0x00007fdf2d7bc1f9

Events (10 events):
Event: 8,575 Executing VM operation: RevokeBias
Event: 8,575 Executing VM operation: RevokeBias done
Event: 8,575 Thread 0x00007fdea8070000 Thread exited: 0x00007fdea8070000
Event: 8,575 Thread 0x00007fdea806e000 Thread exited: 0x00007fdea806e000
Event: 9,078 Thread 0x00007fdea804b800 Thread added: 0x00007fdea804b800
Event: 9,078 Thread 0x00007fdea804b800 Thread exited: 0x00007fdea804b800
Event: 10,298 Thread 0x00007fdf3cc5e800 Uncommon trap: trap_request=0xffffff65 fr.pc=0x00007fdf2d60ca10
Event: 10,298 Thread 0x00007fdf3cc5e800 DEOPT PACKING pc=0x00007fdf2d60ca10 sp=0x00007fdf10e12380
Event: 10,298 Thread 0x00007fdf3cc5e800 DEOPT UNPACKING pc=0x00007fdf2d04547a sp=0x00007fdf10e12388 mode 2
Event: 10,787 Executing VM operation: ParallelGCFailedAllocation


Dynamic libraries:
455000000-45f700000 rw-p 00000000 00:00 0 
45f700000-69c580000 ---p 00000000 00:00 0 
69c580000-76d080000 rw-p 00000000 00:00 0 
7bf400000-7c0000000 ---p 00000000 00:00 0 
7c0000000-7c01a0000 rw-p 00000000 00:00 0 
7c01a0000-800000000 ---p 00000000 00:00 0 
5566d9427000-5566d9428000 r-xp 00000000 08:12 14684004                   /usr/lib/jvm/java-8-openjdk-amd64/jre/bin/java
5566d9627000-5566d9628000 r--p 00000000 08:12 14684004                   /usr/lib/jvm/java-8-openjdk-amd64/jre/bin/java
5566d9628000-5566d9629000 rw-p 00001000 08:12 14684004                   /usr/lib/jvm/java-8-openjdk-amd64/jre/bin/java
5566d9cb4000-5566d9cd5000 rw-p 00000000 00:00 0                          [heap]
7fde4c000000-7fde4c021000 rw-p 00000000 00:00 0 
7fde4c021000-7fde50000000 ---p 00000000 00:00 0 
7fde54000000-7fde54021000 rw-p 00000000 00:00 0 
7fde54021000-7fde58000000 ---p 00000000 00:00 0 
7fde58000000-7fde58021000 rw-p 00000000 00:00 0 
7fde58021000-7fde5c000000 ---p 00000000 00:00 0 
7fde5c000000-7fde5c021000 rw-p 00000000 00:00 0 
7fde5c021000-7fde60000000 ---p 00000000 00:00 0 
7fde60000000-7fde60021000 rw-p 00000000 00:00 0 
7fde60021000-7fde64000000 ---p 00000000 00:00 0 
7fde64000000-7fde64021000 rw-p 00000000 00:00 0 
7fde64021000-7fde68000000 ---p 00000000 00:00 0 
7fde68000000-7fde68021000 rw-p 00000000 00:00 0 
7fde68021000-7fde6c000000 ---p 00000000 00:00 0 
7fde6c000000-7fde6c021000 rw-p 00000000 00:00 0 
7fde6c021000-7fde70000000 ---p 00000000 00:00 0 
7fde70000000-7fde70021000 rw-p 00000000 00:00 0 
7fde70021000-7fde74000000 ---p 00000000 00:00 0 
7fde74000000-7fde74021000 rw-p 00000000 00:00 0 
7fde74021000-7fde78000000 ---p 00000000 00:00 0 
7fde78000000-7fde78021000 rw-p 00000000 00:00 0 
7fde78021000-7fde7c000000 ---p 00000000 00:00 0 
7fde7c000000-7fde7c021000 rw-p 00000000 00:00 0 
7fde7c021000-7fde80000000 ---p 00000000 00:00 0 
7fde80000000-7fde80021000 rw-p 00000000 00:00 0 
7fde80021000-7fde84000000 ---p 00000000 00:00 0 
7fde84000000-7fde84021000 rw-p 00000000 00:00 0 
7fde84021000-7fde88000000 ---p 00000000 00:00 0 
7fde88000000-7fde88021000 rw-p 00000000 00:00 0 
7fde88021000-7fde8c000000 ---p 00000000 00:00 0 
7fde8c000000-7fde8c021000 rw-p 00000000 00:00 0 
7fde8c021000-7fde90000000 ---p 00000000 00:00 0 
7fde90000000-7fde90021000 rw-p 00000000 00:00 0 
7fde90021000-7fde94000000 ---p 00000000 00:00 0 
7fde94000000-7fde94021000 rw-p 00000000 00:00 0 
7fde94021000-7fde98000000 ---p 00000000 00:00 0 
7fde98000000-7fde98021000 rw-p 00000000 00:00 0 
7fde98021000-7fde9c000000 ---p 00000000 00:00 0 
7fde9c000000-7fde9c021000 rw-p 00000000 00:00 0 
7fde9c021000-7fdea0000000 ---p 00000000 00:00 0 
7fdea0000000-7fdea0021000 rw-p 00000000 00:00 0 
7fdea0021000-7fdea4000000 ---p 00000000 00:00 0 
7fdea4000000-7fdea4021000 rw-p 00000000 00:00 0 
7fdea4021000-7fdea8000000 ---p 00000000 00:00 0 
7fdea8000000-7fdea8094000 rw-p 00000000 00:00 0 
7fdea8094000-7fdeac000000 ---p 00000000 00:00 0 
7fdeac000000-7fdeac021000 rw-p 00000000 00:00 0 
7fdeac021000-7fdeb0000000 ---p 00000000 00:00 0 
7fdeb0000000-7fdeb0021000 rw-p 00000000 00:00 0 
7fdeb0021000-7fdeb4000000 ---p 00000000 00:00 0 
7fdeb4000000-7fdeb4d10000 rw-p 00000000 00:00 0 
7fdeb4d10000-7fdeb8000000 ---p 00000000 00:00 0 
7fdeb8000000-7fdeb84b9000 rw-p 00000000 00:00 0 
7fdeb84b9000-7fdebc000000 ---p 00000000 00:00 0 
7fdebc000000-7fdebcc91000 rw-p 00000000 00:00 0 
7fdebcc91000-7fdec0000000 ---p 00000000 00:00 0 
7fdec0000000-7fdec0b0a000 rw-p 00000000 00:00 0 
7fdec0b0a000-7fdec4000000 ---p 00000000 00:00 0 
7fdec4000000-7fdec4021000 rw-p 00000000 00:00 0 
7fdec4021000-7fdec8000000 ---p 00000000 00:00 0 
7fdec8000000-7fdec8021000 rw-p 00000000 00:00 0 
7fdec8021000-7fdecc000000 ---p 00000000 00:00 0 
7fdecc000000-7fdecc021000 rw-p 00000000 00:00 0 
7fdecc021000-7fded0000000 ---p 00000000 00:00 0 
7fded0a80000-7fdeec000000 rw-p 00000000 00:00 0 
7fdeec000000-7fdeec021000 rw-p 00000000 00:00 0 
7fdeec021000-7fdef0000000 ---p 00000000 00:00 0 
7fdef0000000-7fdef0021000 rw-p 00000000 00:00 0 
7fdef0021000-7fdef4000000 ---p 00000000 00:00 0 
7fdef4000000-7fdef4021000 rw-p 00000000 00:00 0 
7fdef4021000-7fdef8000000 ---p 00000000 00:00 0 
7fdef8000000-7fdef8021000 rw-p 00000000 00:00 0 
7fdef8021000-7fdefc000000 ---p 00000000 00:00 0 
7fdefc000000-7fdefc021000 rw-p 00000000 00:00 0 
7fdefc021000-7fdf00000000 ---p 00000000 00:00 0 
7fdf030f1000-7fdf030f4000 ---p 00000000 00:00 0 
7fdf030f4000-7fdf031f2000 rw-p 00000000 00:00 0 
7fdf031f2000-7fdf031f5000 ---p 00000000 00:00 0 
7fdf031f5000-7fdf032f3000 rw-p 00000000 00:00 0 
7fdf032f3000-7fdf032f6000 ---p 00000000 00:00 0 
7fdf032f6000-7fdf033f4000 rw-p 00000000 00:00 0 
7fdf033f4000-7fdf033f7000 ---p 00000000 00:00 0 
7fdf033f7000-7fdf034f5000 rw-p 00000000 00:00 0 
7fdf034f5000-7fdf034f8000 ---p 00000000 00:00 0 
7fdf034f8000-7fdf035f6000 rw-p 00000000 00:00 0 
7fdf035f6000-7fdf035f9000 ---p 00000000 00:00 0 
7fdf035f9000-7fdf036f7000 rw-p 00000000 00:00 0 
7fdf036f7000-7fdf036fa000 ---p 00000000 00:00 0 
7fdf036fa000-7fdf037f8000 rw-p 00000000 00:00 0 
7fdf037f8000-7fdf037fb000 ---p 00000000 00:00 0 
7fdf037fb000-7fdf038f9000 rw-p 00000000 00:00 0 
7fdf038f9000-7fdf038fc000 ---p 00000000 00:00 0 
7fdf038fc000-7fdf039fa000 rw-p 00000000 00:00 0 
7fdf039fa000-7fdf039fd000 ---p 00000000 00:00 0 
7fdf039fd000-7fdf03afb000 rw-p 00000000 00:00 0 
7fdf03afb000-7fdf03afe000 ---p 00000000 00:00 0 
7fdf03afe000-7fdf03bfc000 rw-p 00000000 00:00 0 
7fdf03bfc000-7fdf03bff000 ---p 00000000 00:00 0 
7fdf03bff000-7fdf03cfd000 rw-p 00000000 00:00 0 
7fdf03cfd000-7fdf03d00000 ---p 00000000 00:00 0 
7fdf03d00000-7fdf03dfe000 rw-p 00000000 00:00 0 
7fdf03dfe000-7fdf03e01000 ---p 00000000 00:00 0 
7fdf03e01000-7fdf03eff000 rw-p 00000000 00:00 0 
7fdf03eff000-7fdf03f02000 ---p 00000000 00:00 0 
7fdf03f02000-7fdf04000000 rw-p 00000000 00:00 0 
7fdf04000000-7fdf04021000 rw-p 00000000 00:00 0 
7fdf04021000-7fdf08000000 ---p 00000000 00:00 0 
7fdf080c0000-7fdf080c3000 ---p 00000000 00:00 0 
7fdf080c3000-7fdf081c1000 rw-p 00000000 00:00 0 
7fdf081c1000-7fdf081c4000 ---p 00000000 00:00 0 
7fdf081c4000-7fdf082c2000 rw-p 00000000 00:00 0 
7fdf082c2000-7fdf082c5000 ---p 00000000 00:00 0 
7fdf082c5000-7fdf083c3000 rw-p 00000000 00:00 0 
7fdf083c3000-7fdf083c6000 ---p 00000000 00:00 0 
7fdf083c6000-7fdf084c4000 rw-p 00000000 00:00 0 
7fdf084c4000-7fdf084c7000 ---p 00000000 00:00 0 
7fdf084c7000-7fdf085c5000 rw-p 00000000 00:00 0 
7fdf085c5000-7fdf085c8000 ---p 00000000 00:00 0 
7fdf085c8000-7fdf086c6000 rw-p 00000000 00:00 0 
7fdf086c6000-7fdf086d5000 r-xp 00000000 08:12 13893924                   /lib/x86_64-linux-gnu/libnss_myhostname.so.2
7fdf086d5000-7fdf088d5000 ---p 0000f000 08:12 13893924                   /lib/x86_64-linux-gnu/libnss_myhostname.so.2
7fdf088d5000-7fdf088d8000 r--p 0000f000 08:12 13893924                   /lib/x86_64-linux-gnu/libnss_myhostname.so.2
7fdf088d8000-7fdf088d9000 rw-p 00012000 08:12 13893924                   /lib/x86_64-linux-gnu/libnss_myhostname.so.2
7fdf088d9000-7fdf088f0000 r-xp 00000000 08:12 13898593                   /lib/x86_64-linux-gnu/libresolv-2.27.so
7fdf088f0000-7fdf08af0000 ---p 00017000 08:12 13898593                   /lib/x86_64-linux-gnu/libresolv-2.27.so
7fdf08af0000-7fdf08af1000 r--p 00017000 08:12 13898593                   /lib/x86_64-linux-gnu/libresolv-2.27.so
7fdf08af1000-7fdf08af2000 rw-p 00018000 08:12 13898593                   /lib/x86_64-linux-gnu/libresolv-2.27.so
7fdf08af2000-7fdf08af4000 rw-p 00000000 00:00 0 
7fdf08af4000-7fdf08af9000 r-xp 00000000 08:12 13898542                   /lib/x86_64-linux-gnu/libnss_dns-2.27.so
7fdf08af9000-7fdf08cf9000 ---p 00005000 08:12 13898542                   /lib/x86_64-linux-gnu/libnss_dns-2.27.so
7fdf08cf9000-7fdf08cfa000 r--p 00005000 08:12 13898542                   /lib/x86_64-linux-gnu/libnss_dns-2.27.so
7fdf08cfa000-7fdf08cfb000 rw-p 00006000 08:12 13898542                   /lib/x86_64-linux-gnu/libnss_dns-2.27.so
7fdf08cfb000-7fdf08cfd000 r-xp 00000000 08:12 13898550                   /lib/x86_64-linux-gnu/libnss_mdns4_minimal.so.2
7fdf08cfd000-7fdf08efc000 ---p 00002000 08:12 13898550                   /lib/x86_64-linux-gnu/libnss_mdns4_minimal.so.2
7fdf08efc000-7fdf08efd000 r--p 00001000 08:12 13898550                   /lib/x86_64-linux-gnu/libnss_mdns4_minimal.so.2
7fdf08efd000-7fdf08efe000 rw-p 00002000 08:12 13898550                   /lib/x86_64-linux-gnu/libnss_mdns4_minimal.so.2
7fdf08efe000-7fdf08f01000 ---p 00000000 00:00 0 
7fdf08f01000-7fdf0c000000 rw-p 00000000 00:00 0 
7fdf0c000000-7fdf0c021000 rw-p 00000000 00:00 0 
7fdf0c021000-7fdf10000000 ---p 00000000 00:00 0 
7fdf10096000-7fdf100a7000 r-xp 00000000 08:12 14684056                   /usr/lib/jvm/java-8-openjdk-amd64/jre/lib/amd64/libnio.so
7fdf100a7000-7fdf102a6000 ---p 00011000 08:12 14684056                   /usr/lib/jvm/java-8-openjdk-amd64/jre/lib/amd64/libnio.so
7fdf102a6000-7fdf102a7000 r--p 00010000 08:12 14684056                   /usr/lib/jvm/java-8-openjdk-amd64/jre/lib/amd64/libnio.so
7fdf102a7000-7fdf102a8000 rw-p 00011000 08:12 14684056                   /usr/lib/jvm/java-8-openjdk-amd64/jre/lib/amd64/libnio.so
7fdf102a8000-7fdf102be000 r-xp 00000000 08:12 14684055                   /usr/lib/jvm/java-8-openjdk-amd64/jre/lib/amd64/libnet.so
7fdf102be000-7fdf104bd000 ---p 00016000 08:12 14684055                   /usr/lib/jvm/java-8-openjdk-amd64/jre/lib/amd64/libnet.so
7fdf104bd000-7fdf104be000 r--p 00015000 08:12 14684055                   /usr/lib/jvm/java-8-openjdk-amd64/jre/lib/amd64/libnet.so
7fdf104be000-7fdf104bf000 rw-p 00016000 08:12 14684055                   /usr/lib/jvm/java-8-openjdk-amd64/jre/lib/amd64/libnet.so
7fdf104bf000-7fdf104c4000 r--s 002f9000 08:12 14684066                   /usr/lib/jvm/java-8-openjdk-amd64/jre/lib/charsets.jar
7fdf104c4000-7fdf104d7000 r--s 00346000 08:12 14684099                   /usr/lib/jvm/java-8-openjdk-amd64/jre/lib/resources.jar
7fdf104d7000-7fdf106d7000 rw-p 00000000 00:00 0 
7fdf106d7000-7fdf106d8000 r--p 00000000 00:00 0 
7fdf106d8000-7fdf106da000 r--s 00016000 08:12 14684093                   /usr/lib/jvm/java-8-openjdk-amd64/jre/lib/jce.jar
7fdf106da000-7fdf106df000 r--s 000a3000 08:12 14684095                   /usr/lib/jvm/java-8-openjdk-amd64/jre/lib/jsse.jar
7fdf106df000-7fdf106e0000 r-xp 00000000 08:12 14684039                   /usr/lib/jvm/java-8-openjdk-amd64/jre/lib/amd64/libjaas_unix.so
7fdf106e0000-7fdf108df000 ---p 00001000 08:12 14684039                   /usr/lib/jvm/java-8-openjdk-amd64/jre/lib/amd64/libjaas_unix.so
7fdf108df000-7fdf108e0000 r--p 00000000 08:12 14684039                   /usr/lib/jvm/java-8-openjdk-amd64/jre/lib/amd64/libjaas_unix.so
7fdf108e0000-7fdf108e1000 rw-p 00001000 08:12 14684039                   /usr/lib/jvm/java-8-openjdk-amd64/jre/lib/amd64/libjaas_unix.so
7fdf108e1000-7fdf10ae1000 rw-p 00000000 00:00 0 
7fdf10ae1000-7fdf10ae8000 r--s 00000000 08:12 14945123                   /usr/lib/x86_64-linux-gnu/gconv/gconv-modules.cache
7fdf10ae8000-7fdf10b09000 r--p 00000000 08:12 531564                     /usr/share/locale-langpack/it/LC_MESSAGES/libc.mo
7fdf10b09000-7fdf10b12000 r-xp 00000000 08:12 14684053                   /usr/lib/jvm/java-8-openjdk-amd64/jre/lib/amd64/libmanagement.so
7fdf10b12000-7fdf10d11000 ---p 00009000 08:12 14684053                   /usr/lib/jvm/java-8-openjdk-amd64/jre/lib/amd64/libmanagement.so
7fdf10d11000-7fdf10d12000 r--p 00008000 08:12 14684053                   /usr/lib/jvm/java-8-openjdk-amd64/jre/lib/amd64/libmanagement.so
7fdf10d12000-7fdf10d13000 rw-p 00009000 08:12 14684053                   /usr/lib/jvm/java-8-openjdk-amd64/jre/lib/amd64/libmanagement.so
7fdf10d13000-7fdf10d16000 ---p 00000000 00:00 0 
7fdf10d16000-7fdf10e14000 rw-p 00000000 00:00 0 
7fdf10e14000-7fdf10e17000 ---p 00000000 00:00 0 
7fdf10e17000-7fdf10e4d000 rw-p 00000000 00:00 0 
7fdf10e4d000-7fdf10e50000 r--s 00007000 08:12 6554245                    /home/silvio/.m2/repository/org/apache/maven/surefire/surefire-junit4/2.12.4/surefire-junit4-2.12.4.jar
7fdf10e50000-7fdf10e53000 r--s 00014000 08:12 6292101                    /home/silvio/.m2/repository/org/apache/hama/hama-ml/0.7.2-SNAPSHOT/hama-ml-0.7.2-SNAPSHOT.jar
7fdf10e53000-7fdf10e55000 r--s 0000e000 08:12 6292097                    /home/silvio/.m2/repository/org/apache/hama/hama-graph/0.7.2-SNAPSHOT/hama-graph-0.7.2-SNAPSHOT.jar
7fdf10e55000-7fdf10e58000 r--s 00014000 08:12 6422829                    /home/silvio/.m2/repository/org/apache/hama/hama-examples/0.7.2-SNAPSHOT/hama-examples-0.7.2-SNAPSHOT.jar
7fdf10e58000-7fdf10e90000 r--s 004ca000 08:12 6947462                    /home/silvio/.m2/repository/org/scala-lang/scala-library/2.12.4/scala-library-2.12.4.jar
7fdf10e90000-7fdf10eac000 r--s 0018b000 08:12 6292138                    /home/silvio/.m2/repository/io/netty/netty-all/4.0.21.Final/netty-all-4.0.21.Final.jar
7fdf10eac000-7fdf10ebb000 r--s 000b1000 08:12 6292135                    /home/silvio/.m2/repository/org/jboss/netty/netty/3.2.2.Final/netty-3.2.2.Final.jar
7fdf10ebb000-7fdf10ebd000 r--s 00014000 08:12 6292133                    /home/silvio/.m2/repository/jline/jline/0.9.94/jline-0.9.94.jar
7fdf10ebd000-7fdf10ec9000 r--s 000b3000 08:12 6292129                    /home/silvio/.m2/repository/org/apache/zookeeper/zookeeper/3.4.5/zookeeper-3.4.5.jar
7fdf10ec9000-7fdf10eca000 r--s 00002000 08:12 6166426                    /home/silvio/.m2/repository/org/slf4j/slf4j-log4j12/1.5.8/slf4j-log4j12-1.5.8.jar
7fdf10eca000-7fdf10ecb000 r--s 00005000 08:12 6166424                    /home/silvio/.m2/repository/org/slf4j/slf4j-api/1.5.8/slf4j-api-1.5.8.jar
7fdf10ecb000-7fdf10ed9000 r--s 000ad000 08:12 6166422                    /home/silvio/.m2/repository/org/codehaus/jackson/jackson-mapper-asl/1.9.2/jackson-mapper-asl-1.9.2.jar
7fdf10ed9000-7fdf10edd000 r--s 00034000 08:12 6166420                    /home/silvio/.m2/repository/org/codehaus/jackson/jackson-core-asl/1.9.2/jackson-core-asl-1.9.2.jar
7fdf10edd000-7fdf10eec000 r--s 000ee000 08:12 6292130                    /home/silvio/.m2/repository/ant/ant/1.6.5/ant-1.6.5.jar
7fdf10eec000-7fdf10f0f000 r--s 00344000 08:12 6292128                    /home/silvio/.m2/repository/org/eclipse/jdt/core/3.1.1/core-3.1.1.jar
7fdf10f0f000-7fdf10f20000 r--s 000ea000 08:12 6292127                    /home/silvio/.m2/repository/org/mortbay/jetty/jsp-2.1/6.1.14/jsp-2.1-6.1.14.jar
7fdf10f20000-7fdf10f23000 r--s 0001e000 08:12 6292126                    /home/silvio/.m2/repository/org/mortbay/jetty/jsp-api-2.1/6.1.14/jsp-api-2.1-6.1.14.jar
7fdf10f23000-7fdf10f26000 r--s 00025000 08:12 6166418                    /home/silvio/.m2/repository/org/mortbay/jetty/jetty-util/6.1.14/jetty-util-6.1.14.jar
7fdf10f26000-7fdf10f27000 r--s 00002000 08:12 6292123                    /home/silvio/.m2/repository/org/apache/geronimo/specs/geronimo-annotation_1.0_spec/1.0/geronimo-annotation_1.0_spec-1.0.jar
7fdf10f27000-7fdf10f29000 r--s 00002000 08:12 6292119                    /home/silvio/.m2/repository/geronimo-spec/geronimo-spec-jta/1.0.1B-rc4/geronimo-spec-jta-1.0.1B-rc4.jar
7fdf10f29000-7fdf10f2b000 r--s 0000e000 08:12 6292117                    /home/silvio/.m2/repository/org/mortbay/jetty/jetty-plus/6.1.14/jetty-plus-6.1.14.jar
7fdf10f2b000-7fdf10f2d000 r--s 00002000 08:12 6292116                    /home/silvio/.m2/repository/org/mortbay/jetty/jetty-annotations/6.1.14/jetty-annotations-6.1.14.jar
7fdf10f2d000-7fdf10f2f000 r--s 00014000 08:12 6292113                    /home/silvio/.m2/repository/org/apache/tomcat/servlet-api/6.0.32/servlet-api-6.0.32.jar
7fdf10f2f000-7fdf10f32000 r--s 0001e000 08:12 6166416                    /home/silvio/.m2/repository/org/mortbay/jetty/servlet-api-2.5/6.1.14/servlet-api-2.5-6.1.14.jar
7fdf10f32000-7fdf10f39000 r--s 00078000 08:12 6166404                    /home/silvio/.m2/repository/org/mortbay/jetty/jetty/6.1.14/jetty-6.1.14.jar
7fdf10f39000-7fdf10f3a000 r--s 00002000 08:12 6292111                    /home/silvio/.m2/repository/org/apache/ant/ant-launcher/1.7.1/ant-launcher-1.7.1.jar
7fdf10f3a000-7fdf10f4e000 r--s 0012f000 08:12 6292110                    /home/silvio/.m2/repository/org/apache/ant/ant/1.7.1/ant-1.7.1.jar
7fdf10f4e000-7fdf10f52000 r--s 0002a000 08:12 6166414                    /home/silvio/.m2/repository/commons-io/commons-io/2.4/commons-io-2.4.jar
7fdf10f52000-7fdf10f57000 r--s 00040000 08:12 6166408                    /home/silvio/.m2/repository/commons-httpclient/commons-httpclient/3.0.1/commons-httpclient-3.0.1.jar
7fdf10f57000-7fdf10f6e000 r--s 00123000 08:12 6292107                    /home/silvio/.m2/repository/org/apache/commons/commons-math3/3.0/commons-math3-3.0.jar
7fdf10f6e000-7fdf10f73000 r--s 00041000 08:12 6166406                    /home/silvio/.m2/repository/commons-lang/commons-lang/2.6/commons-lang-2.6.jar
7fdf10f73000-7fdf10f81000 r--s 0007f000 08:12 6166405                    /home/silvio/.m2/repository/commons-collections/commons-collections/3.2.1/commons-collections-3.2.1.jar
7fdf10f81000-7fdf10f86000 r--s 00034000 08:12 6166402                    /home/silvio/.m2/repository/commons-beanutils/commons-beanutils/1.8.3/commons-beanutils-1.8.3.jar
7fdf10f86000-7fdf10f8a000 r--s 00020000 08:12 6166400                    /home/silvio/.m2/repository/commons-digester/commons-digester/1.8.1/commons-digester-1.8.1.jar
7fdf10f8a000-7fdf10f91000 r--s 0004f000 08:12 6166398                    /home/silvio/.m2/repository/commons-configuration/commons-configuration/1.7/commons-configuration-1.7.jar
7fdf10f91000-7fdf10f98000 r--s 00056000 08:12 6292105                    /home/silvio/.m2/repository/org/apache/commons/commons-compress/1.9/commons-compress-1.9.jar
7fdf10f98000-7fdf10f9a000 r--s 00009000 08:12 5768848                    /home/silvio/.m2/repository/commons-cli/commons-cli/1.2/commons-cli-1.2.jar
7fdf10f9a000-7fdf10f9c000 r--s 0000d000 08:12 6166396                    /home/silvio/.m2/repository/commons-logging/commons-logging/1.1.1/commons-logging-1.1.1.jar
7fdf10f9c000-7fdf10f9e000 r--s 00130000 08:12 6292103                    /home/silvio/.m2/repository/org/xerial/snappy/snappy-java/1.0.5/snappy-java-1.0.5.jar
7fdf10f9e000-7fdf10faa000 r--s 000ab000 08:12 6292093                    /home/silvio/.m2/repository/org/apache/hama/hama-core/0.7.2-SNAPSHOT/hama-core-0.7.2-SNAPSHOT.jar
7fdf10faa000-7fdf10fab000 r--s 00003000 08:12 6292139                    /home/silvio/.m2/repository/com/googlecode/json-simple/json-simple/1.1/json-simple-1.1.jar
7fdf10fab000-7fdf10fc7000 r--s 001d0000 08:12 6292210                    /home/silvio/.m2/repository/org/apache/hadoop/hadoop-yarn-api/2.7.0/hadoop-yarn-api-2.7.0.jar
7fdf10fc7000-7fdf10fca000 r--s 00020000 08:12 6292207                    /home/silvio/.m2/repository/org/apache/hadoop/hadoop-yarn-client/2.7.0/hadoop-yarn-client-2.7.0.jar
7fdf10fca000-7fdf10fd2000 r--s 0007b000 08:12 6292206                    /home/silvio/.m2/repository/com/google/protobuf/protobuf-java/2.5.0/protobuf-java-2.5.0.jar
7fdf10fd2000-7fdf10fe2000 r--s 0008d000 08:12 6423592                    /home/silvio/.m2/repository/joda-time/joda-time/2.10.5/joda-time-2.10.5.jar
7fdf10fe2000-7fdf110eb000 r--s 00a5d000 08:12 6292201                    /home/silvio/.m2/repository/com/amazonaws/aws-java-sdk/1.7.4/aws-java-sdk-1.7.4.jar
7fdf110eb000-7fdf110ee000 r--s 00006000 08:12 6292200                    /home/silvio/.m2/repository/com/fasterxml/jackson/core/jackson-annotations/2.2.3/jackson-annotations-2.2.3.jar
7fdf110ee000-7fdf110f2000 r--s 0002c000 08:12 6292197                    /home/silvio/.m2/repository/com/fasterxml/jackson/core/jackson-core/2.2.3/jackson-core-2.2.3.jar
7fdf110f2000-7fdf11103000 r--s 000c3000 08:12 6292195                    /home/silvio/.m2/repository/com/fasterxml/jackson/core/jackson-databind/2.2.3/jackson-databind-2.2.3.jar
7fdf11103000-7fdf11106000 r--s 00017000 08:12 6292194                    /home/silvio/.m2/repository/org/apache/hadoop/hadoop-aws/2.7.0/hadoop-aws-2.7.0.jar
7fdf11106000-7fdf1111d000 r--s 0010e000 08:12 6292193                    /home/silvio/.m2/repository/io/netty/netty/3.6.2.Final/netty-3.6.2.Final.jar
7fdf1111d000-7fdf1111f000 r--s 0000e000 08:12 6292190                    /home/silvio/.m2/repository/com/google/inject/extensions/guice-servlet/3.0/guice-servlet-3.0.jar
7fdf1111f000-7fdf11120000 r--s 00003000 08:12 6292189                    /home/silvio/.m2/repository/com/sun/jersey/contribs/jersey-guice/1.9/jersey-guice-1.9.jar
7fdf11120000-7fdf11122000 r--s 00000000 08:12 6292186                    /home/silvio/.m2/repository/aopalliance/aopalliance/1.0/aopalliance-1.0.jar
7fdf11122000-7fdf11123000 r--s 00000000 08:12 6292185                    /home/silvio/.m2/repository/javax/inject/javax.inject/1/javax.inject-1.jar
7fdf11123000-7fdf11132000 r--s 0009f000 08:12 6292181                    /home/silvio/.m2/repository/com/google/inject/guice/3.0/guice-3.0.jar
7fdf11132000-7fdf11135000 r--s 0001d000 08:12 6292179                    /home/silvio/.m2/repository/com/sun/jersey/jersey-client/1.9/jersey-client-1.9.jar
7fdf11135000-7fdf11137000 r--s 0000e000 08:12 6166476                    /home/silvio/.m2/repository/javax/activation/activation/1.1/activation-1.1.jar
7fdf11137000-7fdf11139000 r--s 00004000 08:12 6166475                    /home/silvio/.m2/repository/javax/xml/stream/stax-api/1.0-2/stax-api-1.0-2.jar
7fdf11139000-7fdf1113c000 r--s 00017000 08:12 6166463                    /home/silvio/.m2/repository/javax/xml/bind/jaxb-api/2.2.2/jaxb-api-2.2.2.jar
7fdf1113c000-7fdf11153000 r--s 0017d000 08:12 6292177                    /home/silvio/.m2/repository/org/apache/hadoop/hadoop-yarn-common/2.7.0/hadoop-yarn-common-2.7.0.jar
7fdf11153000-7fdf1116c000 r--s 0015d000 08:12 6292175                    /home/silvio/.m2/repository/org/apache/hadoop/hadoop-mapreduce-client-core/2.7.0/hadoop-mapreduce-client-core-2.7.0.jar
7fdf1116c000-7fdf1118f000 r--s 002f7000 08:12 6292174                    /home/silvio/.m2/repository/org/apache/hadoop/hadoop-hdfs/2.7.0/hadoop-hdfs-2.7.0-tests.jar
7fdf1118f000-7fdf11192000 r--s 000fd000 08:12 6292171                    /home/silvio/.m2/repository/org/fusesource/leveldbjni/leveldbjni-all/1.8/leveldbjni-all-1.8.jar
7fdf11192000-7fdf1119a000 r--s 00028000 08:12 6292170                    /home/silvio/.m2/repository/xml-apis/xml-apis/1.3.04/xml-apis-1.3.04.jar
7fdf1119a000-7fdf111b2000 r--s 00115000 08:12 6292167                    /home/silvio/.m2/repository/xerces/xercesImpl/2.9.1/xercesImpl-2.9.1.jar
7fdf111b2000-7fdf111b3000 r--s 00005000 08:12 6292165                    /home/silvio/.m2/repository/commons-daemon/commons-daemon/1.0.13/commons-daemon-1.0.13.jar
7fdf111b3000-7fdf1121d000 r--s 00771000 08:12 6292163                    /home/silvio/.m2/repository/org/apache/hadoop/hadoop-hdfs/2.7.0/hadoop-hdfs-2.7.0.jar
7fdf1121d000-7fdf11236000 r--s 00150000 08:12 6292146                    /home/silvio/.m2/repository/org/apache/htrace/htrace-core/3.1.0-incubating/htrace-core-3.1.0-incubating.jar
7fdf11236000-7fdf11239000 r--s 00006000 08:12 5768661                    /home/silvio/.m2/repository/com/google/code/findbugs/jsr305/3.0.0/jsr305-3.0.0.jar
7fdf11239000-7fdf11241000 r--s 0003b000 08:12 6292159                    /home/silvio/.m2/repository/org/apache/curator/curator-recipes/2.7.1/curator-recipes-2.7.1.jar
7fdf11241000-7fdf11243000 r--s 0000f000 08:12 6292157                    /home/silvio/.m2/repository/org/apache/curator/curator-client/2.7.1/curator-client-2.7.1.jar
7fdf11243000-7fdf11246000 r--s 0002b000 08:12 6292156                    /home/silvio/.m2/repository/com/jcraft/jsch/0.1.42/jsch-0.1.42.jar
7fdf11246000-7fdf1124c000 r--s 00028000 08:12 6292154                    /home/silvio/.m2/repository/org/apache/curator/curator-framework/2.7.1/curator-framework-2.7.1.jar
7fdf1124c000-7fdf1124e000 r--s 00012000 08:12 6292152                    /home/silvio/.m2/repository/org/apache/directory/api/api-util/1.0.0-M20/api-util-1.0.0-M20.jar
7fdf1124e000-7fdf11250000 r--s 00003000 08:12 6292150                    /home/silvio/.m2/repository/org/apache/directory/api/api-asn1-api/1.0.0-M20/api-asn1-api-1.0.0-M20.jar
7fdf11250000-7fdf11251000 r--s 0000a000 08:12 6292147                    /home/silvio/.m2/repository/org/apache/directory/server/apacheds-i18n/2.0.0-M15/apacheds-i18n-2.0.0-M15.jar
7fdf11251000-7fdf11263000 r--s 00097000 08:12 6292145                    /home/silvio/.m2/repository/org/apache/directory/server/apacheds-kerberos-codec/2.0.0-M15/apacheds-kerberos-codec-2.0.0-M15.jar
7fdf11263000-7fdf11266000 r--s 0000f000 08:12 6292144                    /home/silvio/.m2/repository/org/apache/hadoop/hadoop-auth/2.7.0/hadoop-auth-2.7.0.jar
7fdf11266000-7fdf1126b000 r--s 0002a000 08:12 6292137                    /home/silvio/.m2/repository/com/google/code/gson/gson/2.2.4/gson-2.2.4.jar
7fdf1126b000-7fdf1126d000 r--s 00006000 08:12 6166471                    /home/silvio/.m2/repository/com/thoughtworks/paranamer/paranamer/2.3/paranamer-2.3.jar
7fdf1126d000-7fdf11274000 r--s 00044000 08:12 6166468                    /home/silvio/.m2/repository/org/apache/avro/avro/1.7.4/avro-1.7.4.jar
7fdf11274000-7fdf11275000 r--s 00004000 08:12 6166467                    /home/silvio/.m2/repository/com/jamesmurty/utils/java-xmlbuilder/0.4/java-xmlbuilder-0.4.jar
7fdf11275000-7fdf1127a000 r--s 00028000 08:12 6166464                    /home/silvio/.m2/repository/org/apache/httpcomponents/httpcore/4.1.2/httpcore-4.1.2.jar
7fdf1127a000-7fdf11282000 r--s 0004e000 08:12 6166462                    /home/silvio/.m2/repository/org/apache/httpcomponents/httpclient/4.1.2/httpclient-4.1.2.jar
7fdf11282000-7fdf1128b000 r--s 0007b000 08:12 6166460                    /home/silvio/.m2/repository/net/java/dev/jets3t/jets3t/0.9.0/jets3t-0.9.0.jar
7fdf1128b000-7fdf11294000 r--s 0006f000 08:12 6554783                    /home/silvio/.m2/repository/log4j/log4j/1.2.17/log4j-1.2.17.jar
7fdf11294000-7fdf11295000 r--s 0000a000 08:12 6166456                    /home/silvio/.m2/repository/asm/asm/3.1/asm-3.1.jar
7fdf11295000-7fdf1130e000 r--s 01104000 08:12 14690074                   /usr/lib/jvm/java-8-openjdk-amd64/lib/tools.jar
7fdf1130e000-7fdf1130f000 ---p 00000000 00:00 0 
7fdf1130f000-7fdf1140f000 rw-p 00000000 00:00 0 
7fdf1140f000-7fdf11412000 ---p 00000000 00:00 0 
7fdf11412000-7fdf11510000 rw-p 00000000 00:00 0 
7fdf11510000-7fdf11511000 ---p 00000000 00:00 0 
7fdf11511000-7fdf11514000 ---p 00000000 00:00 0 
7fdf11514000-7fdf11611000 rw-p 00000000 00:00 0 
7fdf11611000-7fdf11612000 ---p 00000000 00:00 0 
7fdf11612000-7fdf11615000 ---p 00000000 00:00 0 
7fdf11615000-7fdf11712000 rw-p 00000000 00:00 0 
7fdf11712000-7fdf11713000 ---p 00000000 00:00 0 
7fdf11713000-7fdf11716000 ---p 00000000 00:00 0 
7fdf11716000-7fdf11813000 rw-p 00000000 00:00 0 
7fdf11813000-7fdf11814000 ---p 00000000 00:00 0 
7fdf11814000-7fdf11817000 ---p 00000000 00:00 0 
7fdf11817000-7fdf11914000 rw-p 00000000 00:00 0 
7fdf11914000-7fdf11917000 ---p 00000000 00:00 0 
7fdf11917000-7fdf11a15000 rw-p 00000000 00:00 0 
7fdf11a15000-7fdf123e4000 r--p 00000000 08:12 14686883                   /usr/lib/locale/locale-archive
7fdf123e4000-7fdf123e7000 ---p 00000000 00:00 0 
7fdf123e7000-7fdf124e5000 rw-p 00000000 00:00 0 
7fdf124e5000-7fdf124e8000 ---p 00000000 00:00 0 
7fdf124e8000-7fdf125e6000 rw-p 00000000 00:00 0 
7fdf125e6000-7fdf125e7000 ---p 00000000 00:00 0 
7fdf125e7000-7fdf14000000 rw-p 00000000 00:00 0 
7fdf14000000-7fdf14021000 rw-p 00000000 00:00 0 
7fdf14021000-7fdf18000000 ---p 00000000 00:00 0 
7fdf18000000-7fdf18021000 rw-p 00000000 00:00 0 
7fdf18021000-7fdf1c000000 ---p 00000000 00:00 0 
7fdf1c000000-7fdf1c021000 rw-p 00000000 00:00 0 
7fdf1c021000-7fdf20000000 ---p 00000000 00:00 0 
7fdf20000000-7fdf20021000 rw-p 00000000 00:00 0 
7fdf20021000-7fdf24000000 ---p 00000000 00:00 0 
7fdf24000000-7fdf24021000 rw-p 00000000 00:00 0 
7fdf24021000-7fdf28000000 ---p 00000000 00:00 0 
7fdf28000000-7fdf28012000 r--s 0009d000 08:12 6166455                    /home/silvio/.m2/repository/com/sun/jersey/jersey-server/1.9/jersey-server-1.9.jar
7fdf28012000-7fdf28013000 r--s 00007000 08:12 6166452                    /home/silvio/.m2/repository/org/codehaus/jackson/jackson-xc/1.8.3/jackson-xc-1.8.3.jar
7fdf28013000-7fdf28014000 r--s 00004000 08:12 6166451                    /home/silvio/.m2/repository/org/codehaus/jackson/jackson-jaxrs/1.8.3/jackson-jaxrs-1.8.3.jar
7fdf28014000-7fdf28027000 r--s 000c7000 08:12 6166450                    /home/silvio/.m2/repository/com/sun/xml/bind/jaxb-impl/2.2.3-1/jaxb-impl-2.2.3-1.jar
7fdf28027000-7fdf28029000 r--s 0000f000 08:12 6166446                    /home/silvio/.m2/repository/org/codehaus/jettison/jettison/1.1/jettison-1.1.jar
7fdf28029000-7fdf2805f000 r--s 0030f000 08:12 6166421                    /home/silvio/.m2/repository/org/apache/hadoop/hadoop-common/2.7.0/hadoop-common-2.7.0.jar
7fdf2805f000-7fdf28867000 rw-p 00000000 00:00 0 
7fdf28867000-7fdf28a37000 r--s 03c5c000 08:12 14684100                   /usr/lib/jvm/java-8-openjdk-amd64/jre/lib/rt.jar
7fdf28a37000-7fdf2aea1000 rw-p 00000000 00:00 0 
7fdf2aea1000-7fdf2aea2000 ---p 00000000 00:00 0 
7fdf2aea2000-7fdf2afa2000 rw-p 00000000 00:00 0 
7fdf2afa2000-7fdf2afa3000 ---p 00000000 00:00 0 
7fdf2afa3000-7fdf2b0a3000 rw-p 00000000 00:00 0 
7fdf2b0a3000-7fdf2b0a4000 ---p 00000000 00:00 0 
7fdf2b0a4000-7fdf2b1a4000 rw-p 00000000 00:00 0 
7fdf2b1a4000-7fdf2b1a5000 ---p 00000000 00:00 0 
7fdf2b1a5000-7fdf2b2a5000 rw-p 00000000 00:00 0 
7fdf2b2a5000-7fdf2b2a6000 ---p 00000000 00:00 0 
7fdf2b2a6000-7fdf2b3a6000 rw-p 00000000 00:00 0 
7fdf2b3a6000-7fdf2b3a7000 ---p 00000000 00:00 0 
7fdf2b3a7000-7fdf2b4fb000 rw-p 00000000 00:00 0 
7fdf2b4fb000-7fdf2c6e1000 ---p 00000000 00:00 0 
7fdf2c6e1000-7fdf2cd68000 rw-p 00000000 00:00 0 
7fdf2cd68000-7fdf2cfff000 ---p 00000000 00:00 0 
7fdf2cfff000-7fdf2d000000 rw-p 00000000 00:00 0 
7fdf2d000000-7fdf2d850000 rwxp 00000000 00:00 0 
7fdf2d850000-7fdf3c000000 ---p 00000000 00:00 0 
7fdf3c000000-7fdf3cc73000 rw-p 00000000 00:00 0 
7fdf3cc73000-7fdf40000000 ---p 00000000 00:00 0 
7fdf40000000-7fdf40004000 r--s 00021000 08:12 6166445                    /home/silvio/.m2/repository/com/sun/jersey/jersey-json/1.9/jersey-json-1.9.jar
7fdf40004000-7fdf4000e000 r--s 00066000 08:12 6166442                    /home/silvio/.m2/repository/com/sun/jersey/jersey-core/1.9/jersey-core-1.9.jar
7fdf4000e000-7fdf40011000 r--s 00016000 08:12 6166441                    /home/silvio/.m2/repository/javax/servlet/jsp/jsp-api/2.1/jsp-api-2.1.jar
7fdf40011000-7fdf40013000 r--s 00018000 08:12 6166440                    /home/silvio/.m2/repository/javax/servlet/servlet-api/2.5/servlet-api-2.5.jar
7fdf40013000-7fdf40018000 r--s 0003e000 08:12 6166436                    /home/silvio/.m2/repository/commons-net/commons-net/3.1/commons-net-3.1.jar
7fdf40018000-7fdf4001a000 r--s 0000d000 08:12 6166435                    /home/silvio/.m2/repository/commons-codec/commons-codec/1.4/commons-codec-1.4.jar
7fdf4001a000-7fdf4001c000 r--s 00003000 08:12 6166430                    /home/silvio/.m2/repository/org/apache/hadoop/hadoop-annotations/2.7.0/hadoop-annotations-2.7.0.jar
7fdf4001c000-7fdf40022000 r--s 00034000 08:12 6166410                    /home/silvio/.m2/repository/junit/junit/4.8.1/junit-4.8.1.jar
7fdf40022000-7fdf40046000 r--s 001aa000 08:12 6166394                    /home/silvio/.m2/repository/com/google/guava/guava/13.0.1/guava-13.0.1.jar
7fdf40046000-7fdf40049000 r--s 00013000 08:12 6166390                    /home/silvio/.m2/repository/org/apache/hama/hama-commons/0.7.2-SNAPSHOT/hama-commons-0.7.2-SNAPSHOT.jar
7fdf40049000-7fdf4004d000 r--s 00019000 08:12 5768613                    /home/silvio/.m2/repository/org/apache/maven/surefire/surefire-api/2.12.4/surefire-api-2.12.4.jar
7fdf4004d000-7fdf40068000 r--s 00394000 08:12 14684074                   /usr/lib/jvm/java-8-openjdk-amd64/jre/lib/ext/cldrdata.jar
7fdf40068000-7fdf40083000 r--s 001d6000 08:12 14684079                   /usr/lib/jvm/java-8-openjdk-amd64/jre/lib/ext/nashorn.jar
7fdf40083000-7fdf400d1000 rw-p 00000000 00:00 0 
7fdf400d1000-7fdf400d2000 ---p 00000000 00:00 0 
7fdf400d2000-7fdf401d2000 rw-p 00000000 00:00 0 
7fdf401d2000-7fdf401d3000 ---p 00000000 00:00 0 
7fdf401d3000-7fdf402d3000 rw-p 00000000 00:00 0 
7fdf402d3000-7fdf402d4000 ---p 00000000 00:00 0 
7fdf402d4000-7fdf403d4000 rw-p 00000000 00:00 0 
7fdf403d4000-7fdf403d5000 ---p 00000000 00:00 0 
7fdf403d5000-7fdf40529000 rw-p 00000000 00:00 0 
7fdf40529000-7fdf41710000 ---p 00000000 00:00 0 
7fdf41710000-7fdf41732000 rw-p 00000000 00:00 0 
7fdf41732000-7fdf41ad0000 ---p 00000000 00:00 0 
7fdf41ad0000-7fdf41ad8000 r-xp 00000000 08:12 14684063                   /usr/lib/jvm/java-8-openjdk-amd64/jre/lib/amd64/libzip.so
7fdf41ad8000-7fdf41cd7000 ---p 00008000 08:12 14684063                   /usr/lib/jvm/java-8-openjdk-amd64/jre/lib/amd64/libzip.so
7fdf41cd7000-7fdf41cd8000 r--p 00007000 08:12 14684063                   /usr/lib/jvm/java-8-openjdk-amd64/jre/lib/amd64/libzip.so
7fdf41cd8000-7fdf41cd9000 rw-p 00008000 08:12 14684063                   /usr/lib/jvm/java-8-openjdk-amd64/jre/lib/amd64/libzip.so
7fdf41cd9000-7fdf41ce4000 r-xp 00000000 08:12 13898544                   /lib/x86_64-linux-gnu/libnss_files-2.27.so
7fdf41ce4000-7fdf41ee3000 ---p 0000b000 08:12 13898544                   /lib/x86_64-linux-gnu/libnss_files-2.27.so
7fdf41ee3000-7fdf41ee4000 r--p 0000a000 08:12 13898544                   /lib/x86_64-linux-gnu/libnss_files-2.27.so
7fdf41ee4000-7fdf41ee5000 rw-p 0000b000 08:12 13898544                   /lib/x86_64-linux-gnu/libnss_files-2.27.so
7fdf41ee5000-7fdf41eeb000 rw-p 00000000 00:00 0 
7fdf41eeb000-7fdf41f02000 r-xp 00000000 08:12 13898538                   /lib/x86_64-linux-gnu/libnsl-2.27.so
7fdf41f02000-7fdf42101000 ---p 00017000 08:12 13898538                   /lib/x86_64-linux-gnu/libnsl-2.27.so
7fdf42101000-7fdf42102000 r--p 00016000 08:12 13898538                   /lib/x86_64-linux-gnu/libnsl-2.27.so
7fdf42102000-7fdf42103000 rw-p 00017000 08:12 13898538                   /lib/x86_64-linux-gnu/libnsl-2.27.so
7fdf42103000-7fdf42105000 rw-p 00000000 00:00 0 
7fdf42105000-7fdf42110000 r-xp 00000000 08:12 13898555                   /lib/x86_64-linux-gnu/libnss_nis-2.27.so
7fdf42110000-7fdf4230f000 ---p 0000b000 08:12 13898555                   /lib/x86_64-linux-gnu/libnss_nis-2.27.so
7fdf4230f000-7fdf42310000 r--p 0000a000 08:12 13898555                   /lib/x86_64-linux-gnu/libnss_nis-2.27.so
7fdf42310000-7fdf42311000 rw-p 0000b000 08:12 13898555                   /lib/x86_64-linux-gnu/libnss_nis-2.27.so
7fdf42311000-7fdf42319000 r-xp 00000000 08:12 13898540                   /lib/x86_64-linux-gnu/libnss_compat-2.27.so
7fdf42319000-7fdf42519000 ---p 00008000 08:12 13898540                   /lib/x86_64-linux-gnu/libnss_compat-2.27.so
7fdf42519000-7fdf4251a000 r--p 00008000 08:12 13898540                   /lib/x86_64-linux-gnu/libnss_compat-2.27.so
7fdf4251a000-7fdf4251b000 rw-p 00009000 08:12 13898540                   /lib/x86_64-linux-gnu/libnss_compat-2.27.so
7fdf4251b000-7fdf42545000 r-xp 00000000 08:12 14684040                   /usr/lib/jvm/java-8-openjdk-amd64/jre/lib/amd64/libjava.so
7fdf42545000-7fdf42744000 ---p 0002a000 08:12 14684040                   /usr/lib/jvm/java-8-openjdk-amd64/jre/lib/amd64/libjava.so
7fdf42744000-7fdf42745000 r--p 00029000 08:12 14684040                   /usr/lib/jvm/java-8-openjdk-amd64/jre/lib/amd64/libjava.so
7fdf42745000-7fdf42747000 rw-p 0002a000 08:12 14684040                   /usr/lib/jvm/java-8-openjdk-amd64/jre/lib/amd64/libjava.so
7fdf42747000-7fdf42757000 r-xp 00000000 08:12 14684062                   /usr/lib/jvm/java-8-openjdk-amd64/jre/lib/amd64/libverify.so
7fdf42757000-7fdf42956000 ---p 00010000 08:12 14684062                   /usr/lib/jvm/java-8-openjdk-amd64/jre/lib/amd64/libverify.so
7fdf42956000-7fdf42958000 r--p 0000f000 08:12 14684062                   /usr/lib/jvm/java-8-openjdk-amd64/jre/lib/amd64/libverify.so
7fdf42958000-7fdf42959000 rw-p 00011000 08:12 14684062                   /usr/lib/jvm/java-8-openjdk-amd64/jre/lib/amd64/libverify.so
7fdf42959000-7fdf42960000 r-xp 00000000 08:12 13898595                   /lib/x86_64-linux-gnu/librt-2.27.so
7fdf42960000-7fdf42b5f000 ---p 00007000 08:12 13898595                   /lib/x86_64-linux-gnu/librt-2.27.so
7fdf42b5f000-7fdf42b60000 r--p 00006000 08:12 13898595                   /lib/x86_64-linux-gnu/librt-2.27.so
7fdf42b60000-7fdf42b61000 rw-p 00007000 08:12 13898595                   /lib/x86_64-linux-gnu/librt-2.27.so
7fdf42b61000-7fdf42b78000 r-xp 00000000 08:12 13893655                   /lib/x86_64-linux-gnu/libgcc_s.so.1
7fdf42b78000-7fdf42d77000 ---p 00017000 08:12 13893655                   /lib/x86_64-linux-gnu/libgcc_s.so.1
7fdf42d77000-7fdf42d78000 r--p 00016000 08:12 13893655                   /lib/x86_64-linux-gnu/libgcc_s.so.1
7fdf42d78000-7fdf42d79000 rw-p 00017000 08:12 13893655                   /lib/x86_64-linux-gnu/libgcc_s.so.1
7fdf42d79000-7fdf42f16000 r-xp 00000000 08:12 13898517                   /lib/x86_64-linux-gnu/libm-2.27.so
7fdf42f16000-7fdf43115000 ---p 0019d000 08:12 13898517                   /lib/x86_64-linux-gnu/libm-2.27.so
7fdf43115000-7fdf43116000 r--p 0019c000 08:12 13898517                   /lib/x86_64-linux-gnu/libm-2.27.so
7fdf43116000-7fdf43117000 rw-p 0019d000 08:12 13898517                   /lib/x86_64-linux-gnu/libm-2.27.so
7fdf43117000-7fdf43290000 r-xp 00000000 08:12 14683005                   /usr/lib/x86_64-linux-gnu/libstdc++.so.6.0.25
7fdf43290000-7fdf43490000 ---p 00179000 08:12 14683005                   /usr/lib/x86_64-linux-gnu/libstdc++.so.6.0.25
7fdf43490000-7fdf4349a000 r--p 00179000 08:12 14683005                   /usr/lib/x86_64-linux-gnu/libstdc++.so.6.0.25
7fdf4349a000-7fdf4349c000 rw-p 00183000 08:12 14683005                   /usr/lib/x86_64-linux-gnu/libstdc++.so.6.0.25
7fdf4349c000-7fdf434a0000 rw-p 00000000 00:00 0 
7fdf434a0000-7fdf4413f000 r-xp 00000000 08:12 14684065                   /usr/lib/jvm/java-8-openjdk-amd64/jre/lib/amd64/server/libjvm.so
7fdf4413f000-7fdf4433f000 ---p 00c9f000 08:12 14684065                   /usr/lib/jvm/java-8-openjdk-amd64/jre/lib/amd64/server/libjvm.so
7fdf4433f000-7fdf443d3000 r--p 00c9f000 08:12 14684065                   /usr/lib/jvm/java-8-openjdk-amd64/jre/lib/amd64/server/libjvm.so
7fdf443d3000-7fdf443fc000 rw-p 00d33000 08:12 14684065                   /usr/lib/jvm/java-8-openjdk-amd64/jre/lib/amd64/server/libjvm.so
7fdf443fc000-7fdf4442c000 rw-p 00000000 00:00 0 
7fdf4442c000-7fdf44446000 r-xp 00000000 08:12 13898587                   /lib/x86_64-linux-gnu/libpthread-2.27.so
7fdf44446000-7fdf44645000 ---p 0001a000 08:12 13898587                   /lib/x86_64-linux-gnu/libpthread-2.27.so
7fdf44645000-7fdf44646000 r--p 00019000 08:12 13898587                   /lib/x86_64-linux-gnu/libpthread-2.27.so
7fdf44646000-7fdf44647000 rw-p 0001a000 08:12 13898587                   /lib/x86_64-linux-gnu/libpthread-2.27.so
7fdf44647000-7fdf4464b000 rw-p 00000000 00:00 0 
7fdf4464b000-7fdf4464e000 r-xp 00000000 08:12 13898477                   /lib/x86_64-linux-gnu/libdl-2.27.so
7fdf4464e000-7fdf4484d000 ---p 00003000 08:12 13898477                   /lib/x86_64-linux-gnu/libdl-2.27.so
7fdf4484d000-7fdf4484e000 r--p 00002000 08:12 13898477                   /lib/x86_64-linux-gnu/libdl-2.27.so
7fdf4484e000-7fdf4484f000 rw-p 00003000 08:12 13898477                   /lib/x86_64-linux-gnu/libdl-2.27.so
7fdf4484f000-7fdf4486b000 r-xp 00000000 08:12 13898626                   /lib/x86_64-linux-gnu/libz.so.1.2.11
7fdf4486b000-7fdf44a6a000 ---p 0001c000 08:12 13898626                   /lib/x86_64-linux-gnu/libz.so.1.2.11
7fdf44a6a000-7fdf44a6b000 r--p 0001b000 08:12 13898626                   /lib/x86_64-linux-gnu/libz.so.1.2.11
7fdf44a6b000-7fdf44a6c000 rw-p 0001c000 08:12 13898626                   /lib/x86_64-linux-gnu/libz.so.1.2.11
7fdf44a6c000-7fdf44c53000 r-xp 00000000 08:12 13898454                   /lib/x86_64-linux-gnu/libc-2.27.so
7fdf44c53000-7fdf44e53000 ---p 001e7000 08:12 13898454                   /lib/x86_64-linux-gnu/libc-2.27.so
7fdf44e53000-7fdf44e57000 r--p 001e7000 08:12 13898454                   /lib/x86_64-linux-gnu/libc-2.27.so
7fdf44e57000-7fdf44e59000 rw-p 001eb000 08:12 13898454                   /lib/x86_64-linux-gnu/libc-2.27.so
7fdf44e59000-7fdf44e5d000 rw-p 00000000 00:00 0 
7fdf44e5d000-7fdf44e6b000 r-xp 00000000 08:12 14684025                   /usr/lib/jvm/java-8-openjdk-amd64/jre/lib/amd64/jli/libjli.so
7fdf44e6b000-7fdf4506a000 ---p 0000e000 08:12 14684025                   /usr/lib/jvm/java-8-openjdk-amd64/jre/lib/amd64/jli/libjli.so
7fdf4506a000-7fdf4506b000 r--p 0000d000 08:12 14684025                   /usr/lib/jvm/java-8-openjdk-amd64/jre/lib/amd64/jli/libjli.so
7fdf4506b000-7fdf4506c000 rw-p 0000e000 08:12 14684025                   /usr/lib/jvm/java-8-openjdk-amd64/jre/lib/amd64/jli/libjli.so
7fdf4506c000-7fdf45093000 r-xp 00000000 08:12 13898426                   /lib/x86_64-linux-gnu/ld-2.27.so
7fdf45093000-7fdf45094000 r--s 00003000 08:12 6166432                    /home/silvio/.m2/repository/xmlenc/xmlenc/0.52/xmlenc-0.52.jar
7fdf45094000-7fdf45096000 r--s 00007000 08:12 5768611                    /home/silvio/.m2/repository/org/apache/maven/surefire/surefire-booter/2.12.4/surefire-booter-2.12.4.jar
7fdf45096000-7fdf45097000 r--s 00002000 08:12 5767711                    /home/silvio/NetBeansProjects/pageramk/target/surefire/surefirebooter5518557741177597042.jar
7fdf45097000-7fdf45098000 r--s 0000d000 08:12 14684080                   /usr/lib/jvm/java-8-openjdk-amd64/jre/lib/ext/sunec.jar
7fdf45098000-7fdf4509b000 r--s 00039000 08:12 14684082                   /usr/lib/jvm/java-8-openjdk-amd64/jre/lib/ext/sunpkcs11.jar
7fdf4509b000-7fdf4509e000 r--s 0000f000 08:12 14684076                   /usr/lib/jvm/java-8-openjdk-amd64/jre/lib/ext/icedtea-sound.jar
7fdf4509e000-7fdf450a3000 r--s 0003c000 08:12 14684081                   /usr/lib/jvm/java-8-openjdk-amd64/jre/lib/ext/sunjce_provider.jar
7fdf450a3000-7fdf45174000 rw-p 00000000 00:00 0 
7fdf45174000-7fdf45175000 ---p 00000000 00:00 0 
7fdf45175000-7fdf45178000 ---p 00000000 00:00 0 
7fdf45178000-7fdf45277000 rw-p 00000000 00:00 0 
7fdf45277000-7fdf45278000 r--s 00010000 08:12 14684083                   /usr/lib/jvm/java-8-openjdk-amd64/jre/lib/ext/zipfs.jar
7fdf45278000-7fdf45279000 r--s 0000a000 08:12 14684077                   /usr/lib/jvm/java-8-openjdk-amd64/jre/lib/ext/jaccess.jar
7fdf45279000-7fdf4527b000 r--s 00007000 08:12 15075574                   /usr/share/java/java-atk-wrapper.jar
7fdf4527b000-7fdf4527d000 r--s 00001000 08:12 14684075                   /usr/lib/jvm/java-8-openjdk-amd64/jre/lib/ext/dnsns.jar
7fdf4527d000-7fdf45287000 r--s 00116000 08:12 14684078                   /usr/lib/jvm/java-8-openjdk-amd64/jre/lib/ext/localedata.jar
7fdf45287000-7fdf4528f000 rw-s 00000000 08:12 2622376                    /tmp/hsperfdata_silvio/28760
7fdf4528f000-7fdf45290000 rw-p 00000000 00:00 0 
7fdf45290000-7fdf45291000 ---p 00000000 00:00 0 
7fdf45291000-7fdf45293000 rw-p 00000000 00:00 0 
7fdf45293000-7fdf45294000 r--p 00027000 08:12 13898426                   /lib/x86_64-linux-gnu/ld-2.27.so
7fdf45294000-7fdf45295000 rw-p 00028000 08:12 13898426                   /lib/x86_64-linux-gnu/ld-2.27.so
7fdf45295000-7fdf45296000 rw-p 00000000 00:00 0 
7ffe03cbe000-7ffe03cdf000 rw-p 00000000 00:00 0                          [stack]
7ffe03dbd000-7ffe03dc0000 r--p 00000000 00:00 0                          [vvar]
7ffe03dc0000-7ffe03dc1000 r-xp 00000000 00:00 0                          [vdso]
ffffffffff600000-ffffffffff601000 r-xp 00000000 00:00 0                  [vsyscall]

VM Arguments:
jvm_args: -Xmx14000m 
java_command: /home/silvio/NetBeansProjects/pageramk/target/surefire/surefirebooter5518557741177597042.jar /home/silvio/NetBeansProjects/pageramk/target/surefire/surefire4799304533515189119tmp /home/silvio/NetBeansProjects/pageramk/target/surefire/surefire_05131240410554061271tmp
java_class_path (initial): /home/silvio/NetBeansProjects/pageramk/target/surefire/surefirebooter5518557741177597042.jar
Launcher Type: SUN_STANDARD

Environment Variables:
JAVA_HOME=/usr/lib/jvm/java-8-openjdk-amd64
_JAVA_OPTIONS=-Xmx14000m
PATH=/home/silvio/.local/bin:/usr/local/sbin:/usr/local/bin:/usr/sbin:/usr/bin:/sbin:/bin:/usr/games:/usr/local/games:/snap/bin:/home/silvio/bin:/usr/lib/jvm/java-8-openjdk-amd64/bin:/home/silvio/Scrivania/Cloud/hadoop-3.1.2/hadoop-3.1.2/bin:/home/silvio/Scrivania/Cloud/hama-dist-0.7.1/hama-0.7.1/bin
USERNAME=silvio
SHELL=/bin/bash
DISPLAY=:0

Signal Handlers:
SIGSEGV: [libjvm.so+0xab92f0], sa_mask[0]=11111111011111111101111111111110, sa_flags=SA_RESTART|SA_SIGINFO
SIGBUS: [libjvm.so+0xab92f0], sa_mask[0]=11111111011111111101111111111110, sa_flags=SA_RESTART|SA_SIGINFO
SIGFPE: [libjvm.so+0x8ee560], sa_mask[0]=11111111011111111101111111111110, sa_flags=SA_RESTART|SA_SIGINFO
SIGPIPE: [libjvm.so+0x8ee560], sa_mask[0]=11111111011111111101111111111110, sa_flags=SA_RESTART|SA_SIGINFO
SIGXFSZ: [libjvm.so+0x8ee560], sa_mask[0]=11111111011111111101111111111110, sa_flags=SA_RESTART|SA_SIGINFO
SIGILL: [libjvm.so+0x8ee560], sa_mask[0]=11111111011111111101111111111110, sa_flags=SA_RESTART|SA_SIGINFO
SIGUSR1: SIG_DFL, sa_mask[0]=00000000000000000000000000000000, sa_flags=none
SIGUSR2: [libjvm.so+0x8ee410], sa_mask[0]=00100000000000000000000000000000, sa_flags=SA_RESTART|SA_SIGINFO
SIGHUP: [libjvm.so+0x8eea80], sa_mask[0]=11111111011111111101111111111110, sa_flags=SA_RESTART|SA_SIGINFO
SIGINT: SIG_IGN, sa_mask[0]=00000000000000000000000000000000, sa_flags=none
SIGTERM: [libjvm.so+0x8eea80], sa_mask[0]=11111111011111111101111111111110, sa_flags=SA_RESTART|SA_SIGINFO
SIGQUIT: [libjvm.so+0x8eea80], sa_mask[0]=11111111011111111101111111111110, sa_flags=SA_RESTART|SA_SIGINFO


---------------  S Y S T E M  ---------------

OS:DISTRIB_ID=Ubuntu
DISTRIB_RELEASE=18.04
DISTRIB_CODENAME=bionic
DISTRIB_DESCRIPTION="Ubuntu 18.04.2 LTS"

uname:Linux 5.0.0-29-generic #31~18.04.1-Ubuntu SMP Thu Sep 12 18:29:21 UTC 2019 x86_64
libc:glibc 2.27 NPTL 2.27 
rlimit: STACK 8192k, CORE 0k, NPROC 63366, NOFILE 1048576, AS infinity
load average:2,82 2,50 2,23

/proc/meminfo:
MemTotal:       16269588 kB
MemFree:          186472 kB
MemAvailable:     104152 kB
Buffers:           19944 kB
Cached:           206880 kB
SwapCached:        76356 kB
Active:         14231716 kB
Inactive:        1344196 kB
Active(anon):   14174816 kB
Inactive(anon):  1288260 kB
Active(file):      56900 kB
Inactive(file):    55936 kB
Unevictable:         276 kB
Mlocked:              16 kB
SwapTotal:       2097148 kB
SwapFree:         881572 kB
Dirty:              1484 kB
Writeback:             0 kB
AnonPages:      15274536 kB
Mapped:           281236 kB
Shmem:            113740 kB
KReclaimable:      68948 kB
Slab:             172296 kB
SReclaimable:      68948 kB
SUnreclaim:       103348 kB
KernelStack:       20096 kB
PageTables:        88936 kB
NFS_Unstable:          0 kB
Bounce:                0 kB
WritebackTmp:          0 kB
CommitLimit:    10231940 kB
Committed_AS:   26406092 kB
VmallocTotal:   34359738367 kB
VmallocUsed:           0 kB
VmallocChunk:          0 kB
Percpu:             6016 kB
HardwareCorrupted:     0 kB
AnonHugePages:         0 kB
ShmemHugePages:        0 kB
ShmemPmdMapped:        0 kB
CmaTotal:              0 kB
CmaFree:               0 kB
HugePages_Total:       0
HugePages_Free:        0
HugePages_Rsvd:        0
HugePages_Surp:        0
Hugepagesize:       2048 kB
Hugetlb:               0 kB
DirectMap4k:      544384 kB
DirectMap2M:    16080896 kB
DirectMap1G:           0 kB

container (cgroup) information:
container_type: cgroupv1
cpu_cpuset_cpus: 0-11
cpu_memory_nodes: 0
active_processor_count: 12
cpu_quota: -1
cpu_period: 100000
cpu_shares: -1
memory_limit_in_bytes: -1
memory_and_swap_limit_in_bytes: -2
memory_soft_limit_in_bytes: -1
memory_usage_in_bytes: 15905333248
memory_max_usage_in_bytes: 66314240


CPU:total 12 (initial active 12) (6 cores per cpu, 2 threads per core) family 6 model 158 stepping 10, cmov, cx8, fxsr, mmx, sse, sse2, sse3, ssse3, sse4.1, sse4.2, popcnt, avx, avx2, aes, clmul, erms, 3dnowpref, lzcnt, ht, tsc, tscinvbit, bmi1, bmi2, adx

/proc/cpuinfo:
processor	: 0
vendor_id	: GenuineIntel
cpu family	: 6
model		: 158
model name	: Intel(R) Core(TM) i7-8750H CPU @ 2.20GHz
stepping	: 10
microcode	: 0xb4
cpu MHz		: 903.067
cache size	: 9216 KB
physical id	: 0
siblings	: 12
core id		: 0
cpu cores	: 6
apicid		: 0
initial apicid	: 0
fpu		: yes
fpu_exception	: yes
cpuid level	: 22
wp		: yes
flags		: fpu vme de pse tsc msr pae mce cx8 apic sep mtrr pge mca cmov pat pse36 clflush dts acpi mmx fxsr sse sse2 ss ht tm pbe syscall nx pdpe1gb rdtscp lm constant_tsc art arch_perfmon pebs bts rep_good nopl xtopology nonstop_tsc cpuid aperfmperf tsc_known_freq pni pclmulqdq dtes64 monitor ds_cpl vmx est tm2 ssse3 sdbg fma cx16 xtpr pdcm pcid sse4_1 sse4_2 x2apic movbe popcnt tsc_deadline_timer aes xsave avx f16c rdrand lahf_lm abm 3dnowprefetch cpuid_fault epb invpcid_single pti ssbd ibrs ibpb stibp tpr_shadow vnmi flexpriority ept vpid ept_ad fsgsbase tsc_adjust bmi1 avx2 smep bmi2 erms invpcid mpx rdseed adx smap clflushopt intel_pt xsaveopt xsavec xgetbv1 xsaves dtherm ida arat pln pts hwp hwp_notify hwp_act_window hwp_epp md_clear flush_l1d
bugs		: cpu_meltdown spectre_v1 spectre_v2 spec_store_bypass l1tf mds swapgs
bogomips	: 4416.00
clflush size	: 64
cache_alignment	: 64
address sizes	: 39 bits physical, 48 bits virtual
power management:

processor	: 1
vendor_id	: GenuineIntel
cpu family	: 6
model		: 158
model name	: Intel(R) Core(TM) i7-8750H CPU @ 2.20GHz
stepping	: 10
microcode	: 0xb4
cpu MHz		: 998.761
cache size	: 9216 KB
physical id	: 0
siblings	: 12
core id		: 1
cpu cores	: 6
apicid		: 2
initial apicid	: 2
fpu		: yes
fpu_exception	: yes
cpuid level	: 22
wp		: yes
flags		: fpu vme de pse tsc msr pae mce cx8 apic sep mtrr pge mca cmov pat pse36 clflush dts acpi mmx fxsr sse sse2 ss ht tm pbe syscall nx pdpe1gb rdtscp lm constant_tsc art arch_perfmon pebs bts rep_good nopl xtopology nonstop_tsc cpuid aperfmperf tsc_known_freq pni pclmulqdq dtes64 monitor ds_cpl vmx est tm2 ssse3 sdbg fma cx16 xtpr pdcm pcid sse4_1 sse4_2 x2apic movbe popcnt tsc_deadline_timer aes xsave avx f16c rdrand lahf_lm abm 3dnowprefetch cpuid_fault epb invpcid_single pti ssbd ibrs ibpb stibp tpr_shadow vnmi flexpriority ept vpid ept_ad fsgsbase tsc_adjust bmi1 avx2 smep bmi2 erms invpcid mpx rdseed adx smap clflushopt intel_pt xsaveopt xsavec xgetbv1 xsaves dtherm ida arat pln pts hwp hwp_notify hwp_act_window hwp_epp flush_l1d
bugs		: cpu_meltdown spectre_v1 spectre_v2 spec_store_bypass l1tf mds swapgs
bogomips	: 4416.00
clflush size	: 64
cache_alignment	: 64
address sizes	: 39 bits physical, 48 bits virtual
power management:

processor	: 2
vendor_id	: GenuineIntel
cpu family	: 6
model		: 158
model name	: Intel(R) Core(TM) i7-8750H CPU @ 2.20GHz
stepping	: 10
microcode	: 0xb4
cpu MHz		: 909.858
cache size	: 9216 KB
physical id	: 0
siblings	: 12
core id		: 2
cpu cores	: 6
apicid		: 4
initial apicid	: 4
fpu		: yes
fpu_exception	: yes
cpuid level	: 22
wp		: yes
flags		: fpu vme de pse tsc msr pae mce cx8 apic sep mtrr pge mca cmov pat pse36 clflush dts acpi mmx fxsr sse sse2 ss ht tm pbe syscall nx pdpe1gb rdtscp lm constant_tsc art arch_perfmon pebs bts rep_good nopl xtopology nonstop_tsc cpuid aperfmperf tsc_known_freq pni pclmulqdq dtes64 monitor ds_cpl vmx est tm2 ssse3 sdbg fma cx16 xtpr pdcm pcid sse4_1 sse4_2 x2apic movbe popcnt tsc_deadline_timer aes xsave avx f16c rdrand lahf_lm abm 3dnowprefetch cpuid_fault epb invpcid_single pti ssbd ibrs ibpb stibp tpr_shadow vnmi flexpriority ept vpid ept_ad fsgsbase tsc_adjust bmi1 avx2 smep bmi2 erms invpcid mpx rdseed adx smap clflushopt intel_pt xsaveopt xsavec xgetbv1 xsaves dtherm ida arat pln pts hwp hwp_notify hwp_act_window hwp_epp flush_l1d
bugs		: cpu_meltdown spectre_v1 spectre_v2 spec_store_bypass l1tf mds swapgs
bogomips	: 4416.00
clflush size	: 64
cache_alignment	: 64
address sizes	: 39 bits physical, 48 bits virtual
power management:

processor	: 3
vendor_id	: GenuineIntel
cpu family	: 6
model		: 158
model name	: Intel(R) Core(TM) i7-8750H CPU @ 2.20GHz
stepping	: 10
microcode	: 0xb4
cpu MHz		: 1175.740
cache size	: 9216 KB
physical id	: 0
siblings	: 12
core id		: 3
cpu cores	: 6
apicid		: 6
initial apicid	: 6
fpu		: yes
fpu_exception	: yes
cpuid level	: 22
wp		: yes
flags		: fpu vme de pse tsc msr pae mce cx8 apic sep mtrr pge mca cmov pat pse36 clflush dts acpi mmx fxsr sse sse2 ss ht tm pbe syscall nx pdpe1gb rdtscp lm constant_tsc art arch_perfmon pebs bts rep_good nopl xtopology nonstop_tsc cpuid aperfmperf tsc_known_freq pni pclmulqdq dtes64 monitor ds_cpl vmx est tm2 ssse3 sdbg fma cx16 xtpr pdcm pcid sse4_1 sse4_2 x2apic movbe popcnt tsc_deadline_timer aes xsave avx f16c rdrand lahf_lm abm 3dnowprefetch cpuid_fault epb invpcid_single pti ssbd ibrs ibpb stibp tpr_shadow vnmi flexpriority ept vpid ept_ad fsgsbase tsc_adjust bmi1 avx2 smep bmi2 erms invpcid mpx rdseed adx smap clflushopt intel_pt xsaveopt xsavec xgetbv1 xsaves dtherm ida arat pln pts hwp hwp_notify hwp_act_window hwp_epp flush_l1d
bugs		: cpu_meltdown spectre_v1 spectre_v2 spec_store_bypass l1tf mds swapgs
bogomips	: 4416.00
clflush size	: 64
cache_alignment	: 64
address sizes	: 39 bits physical, 48 bits virtual
power management:

processor	: 4
vendor_id	: GenuineIntel
cpu family	: 6
model		: 158
model name	: Intel(R) Core(TM) i7-8750H CPU @ 2.20GHz
stepping	: 10
microcode	: 0xb4
cpu MHz		: 896.740
cache size	: 9216 KB
physical id	: 0
siblings	: 12
core id		: 4
cpu cores	: 6
apicid		: 8
initial apicid	: 8
fpu		: yes
fpu_exception	: yes
cpuid level	: 22
wp		: yes
flags		: fpu vme de pse tsc msr pae mce cx8 apic sep mtrr pge mca cmov pat pse36 clflush dts acpi mmx fxsr sse sse2 ss ht tm pbe syscall nx pdpe1gb rdtscp lm constant_tsc art arch_perfmon pebs bts rep_good nopl xtopology nonstop_tsc cpuid aperfmperf tsc_known_freq pni pclmulqdq dtes64 monitor ds_cpl vmx est tm2 ssse3 sdbg fma cx16 xtpr pdcm pcid sse4_1 sse4_2 x2apic movbe popcnt tsc_deadline_timer aes xsave avx f16c rdrand lahf_lm abm 3dnowprefetch cpuid_fault epb invpcid_single pti ssbd ibrs ibpb stibp tpr_shadow vnmi flexpriority ept vpid ept_ad fsgsbase tsc_adjust bmi1 avx2 smep bmi2 erms invpcid mpx rdseed adx smap clflushopt intel_pt xsaveopt xsavec xgetbv1 xsaves dtherm ida arat pln pts hwp hwp_notify hwp_act_window hwp_epp flush_l1d
bugs		: cpu_meltdown spectre_v1 spectre_v2 spec_store_bypass l1tf mds swapgs
bogomips	: 4416.00
clflush size	: 64
cache_alignment	: 64
address sizes	: 39 bits physical, 48 bits virtual
power management:

processor	: 5
vendor_id	: GenuineIntel
cpu family	: 6
model		: 158
model name	: Intel(R) Core(TM) i7-8750H CPU @ 2.20GHz
stepping	: 10
microcode	: 0xb4
cpu MHz		: 915.438
cache size	: 9216 KB
physical id	: 0
siblings	: 12
core id		: 5
cpu cores	: 6
apicid		: 10
initial apicid	: 10
fpu		: yes
fpu_exception	: yes
cpuid level	: 22
wp		: yes
flags		: fpu vme de pse tsc msr pae mce cx8 apic sep mtrr pge mca cmov pat pse36 clflush dts acpi mmx fxsr sse sse2 ss ht tm pbe syscall nx pdpe1gb rdtscp lm constant_tsc art arch_perfmon pebs bts rep_good nopl xtopology nonstop_tsc cpuid aperfmperf tsc_known_freq pni pclmulqdq dtes64 monitor ds_cpl vmx est tm2 ssse3 sdbg fma cx16 xtpr pdcm pcid sse4_1 sse4_2 x2apic movbe popcnt tsc_deadline_timer aes xsave avx f16c rdrand lahf_lm abm 3dnowprefetch cpuid_fault epb invpcid_single pti ssbd ibrs ibpb stibp tpr_shadow vnmi flexpriority ept vpid ept_ad fsgsbase tsc_adjust bmi1 avx2 smep bmi2 erms invpcid mpx rdseed adx smap clflushopt intel_pt xsaveopt xsavec xgetbv1 xsaves dtherm ida arat pln pts hwp hwp_notify hwp_act_window hwp_epp flush_l1d
bugs		: cpu_meltdown spectre_v1 spectre_v2 spec_store_bypass l1tf mds swapgs
bogomips	: 4416.00
clflush size	: 64
cache_alignment	: 64
address sizes	: 39 bits physical, 48 bits virtual
power management:

processor	: 6
vendor_id	: GenuineIntel
cpu family	: 6
model		: 158
model name	: Intel(R) Core(TM) i7-8750H CPU @ 2.20GHz
stepping	: 10
microcode	: 0xb4
cpu MHz		: 897.016
cache size	: 9216 KB
physical id	: 0
siblings	: 12
core id		: 0
cpu cores	: 6
apicid		: 1
initial apicid	: 1
fpu		: yes
fpu_exception	: yes
cpuid level	: 22
wp		: yes
flags		: fpu vme de pse tsc msr pae mce cx8 apic sep mtrr pge mca cmov pat pse36 clflush dts acpi mmx fxsr sse sse2 ss ht tm pbe syscall nx pdpe1gb rdtscp lm constant_tsc art arch_perfmon pebs bts rep_good nopl xtopology nonstop_tsc cpuid aperfmperf tsc_known_freq pni pclmulqdq dtes64 monitor ds_cpl vmx est tm2 ssse3 sdbg fma cx16 xtpr pdcm pcid sse4_1 sse4_2 x2apic movbe popcnt tsc_deadline_timer aes xsave avx f16c rdrand lahf_lm abm 3dnowprefetch cpuid_fault epb invpcid_single pti ssbd ibrs ibpb stibp tpr_shadow vnmi flexpriority ept vpid ept_ad fsgsbase tsc_adjust bmi1 avx2 smep bmi2 erms invpcid mpx rdseed adx smap clflushopt intel_pt xsaveopt xsavec xgetbv1 xsaves dtherm ida arat pln pts hwp hwp_notify hwp_act_window hwp_epp md_clear flush_l1d
bugs		: cpu_meltdown spectre_v1 spectre_v2 spec_store_bypass l1tf mds swapgs
bogomips	: 4416.00
clflush size	: 64
cache_alignment	: 64
address sizes	: 39 bits physical, 48 bits virtual
power management:

processor	: 7
vendor_id	: GenuineIntel
cpu family	: 6
model		: 158
model name	: Intel(R) Core(TM) i7-8750H CPU @ 2.20GHz
stepping	: 10
microcode	: 0xb4
cpu MHz		: 1995.139
cache size	: 9216 KB
physical id	: 0
siblings	: 12
core id		: 1
cpu cores	: 6
apicid		: 3
initial apicid	: 3
fpu		: yes
fpu_exception	: yes
cpuid level	: 22
wp		: yes
flags		: fpu vme de pse tsc msr pae mce cx8 apic sep mtrr pge mca cmov pat pse36 clflush dts acpi mmx fxsr sse sse2 ss ht tm pbe syscall nx pdpe1gb rdtscp lm constant_tsc art arch_perfmon pebs bts rep_good nopl xtopology nonstop_tsc cpuid aperfmperf tsc_known_freq pni pclmulqdq dtes64 monitor ds_cpl vmx est tm2 ssse3 sdbg fma cx16 xtpr pdcm pcid sse4_1 sse4_2 x2apic movbe popcnt tsc_deadline_timer aes xsave avx f16c rdrand lahf_lm abm 3dnowprefetch cpuid_fault epb invpcid_single pti ssbd ibrs ibpb stibp tpr_shadow vnmi flexpriority ept vpid ept_ad fsgsbase tsc_adjust bmi1 avx2 smep bmi2 erms invpcid mpx rdseed adx smap clflushopt intel_pt xsaveopt xsavec xgetbv1 xsaves dtherm ida arat pln pts hwp hwp_notify hwp_act_window hwp_epp md_clear flush_l1d
bugs		: cpu_meltdown spectre_v1 spectre_v2 spec_store_bypass l1tf mds swapgs
bogomips	: 4416.00
clflush size	: 64
cache_alignment	: 64
address sizes	: 39 bits physical, 48 bits virtual
power management:

processor	: 8
vendor_id	: GenuineIntel
cpu family	: 6
model		: 158
model name	: Intel(R) Core(TM) i7-8750H CPU @ 2.20GHz
stepping	: 10
microcode	: 0xb4
cpu MHz		: 946.709
cache size	: 9216 KB
physical id	: 0
siblings	: 12
core id		: 2
cpu cores	: 6
apicid		: 5
initial apicid	: 5
fpu		: yes
fpu_exception	: yes
cpuid level	: 22
wp		: yes
flags		: fpu vme de pse tsc msr pae mce cx8 apic sep mtrr pge mca cmov pat pse36 clflush dts acpi mmx fxsr sse sse2 ss ht tm pbe syscall nx pdpe1gb rdtscp lm constant_tsc art arch_perfmon pebs bts rep_good nopl xtopology nonstop_tsc cpuid aperfmperf tsc_known_freq pni pclmulqdq dtes64 monitor ds_cpl vmx est tm2 ssse3 sdbg fma cx16 xtpr pdcm pcid sse4_1 sse4_2 x2apic movbe popcnt tsc_deadline_timer aes xsave avx f16c rdrand lahf_lm abm 3dnowprefetch cpuid_fault epb invpcid_single pti ssbd ibrs ibpb stibp tpr_shadow vnmi flexpriority ept vpid ept_ad fsgsbase tsc_adjust bmi1 avx2 smep bmi2 erms invpcid mpx rdseed adx smap clflushopt intel_pt xsaveopt xsavec xgetbv1 xsaves dtherm ida arat pln pts hwp hwp_notify hwp_act_window hwp_epp md_clear flush_l1d
bugs		: cpu_meltdown spectre_v1 spectre_v2 spec_store_bypass l1tf mds swapgs
bogomips	: 4416.00
clflush size	: 64
cache_alignment	: 64
address sizes	: 39 bits physical, 48 bits virtual
power management:

processor	: 9
vendor_id	: GenuineIntel
cpu family	: 6
model		: 158
model name	: Intel(R) Core(TM) i7-8750H CPU @ 2.20GHz
stepping	: 10
microcode	: 0xb4
cpu MHz		: 971.787
cache size	: 9216 KB
physical id	: 0
siblings	: 12
core id		: 3
cpu cores	: 6
apicid		: 7
initial apicid	: 7
fpu		: yes
fpu_exception	: yes
cpuid level	: 22
wp		: yes
flags		: fpu vme de pse tsc msr pae mce cx8 apic sep mtrr pge mca cmov pat pse36 clflush dts acpi mmx fxsr sse sse2 ss ht tm pbe syscall nx pdpe1gb rdtscp lm constant_tsc art arch_perfmon pebs bts rep_good nopl xtopology nonstop_tsc cpuid aperfmperf tsc_known_freq pni pclmulqdq dtes64 monitor ds_cpl vmx est tm2 ssse3 sdbg fma cx16 xtpr pdcm pcid sse4_1 sse4_2 x2apic movbe popcnt tsc_deadline_timer aes xsave avx f16c rdrand lahf_lm abm 3dnowprefetch cpuid_fault epb invpcid_single pti ssbd ibrs ibpb stibp tpr_shadow vnmi flexpriority ept vpid ept_ad fsgsbase tsc_adjust bmi1 avx2 smep bmi2 erms invpcid mpx rdseed adx smap clflushopt intel_pt xsaveopt xsavec xgetbv1 xsaves dtherm ida arat pln pts hwp hwp_notify hwp_act_window hwp_epp md_clear flush_l1d
bugs		: cpu_meltdown spectre_v1 spectre_v2 spec_store_bypass l1tf mds swapgs
bogomips	: 4416.00
clflush size	: 64
cache_alignment	: 64
address sizes	: 39 bits physical, 48 bits virtual
power management:

processor	: 10
vendor_id	: GenuineIntel
cpu family	: 6
model		: 158
model name	: Intel(R) Core(TM) i7-8750H CPU @ 2.20GHz
stepping	: 10
microcode	: 0xb4
cpu MHz		: 853.888
cache size	: 9216 KB
physical id	: 0
siblings	: 12
core id		: 4
cpu cores	: 6
apicid		: 9
initial apicid	: 9
fpu		: yes
fpu_exception	: yes
cpuid level	: 22
wp		: yes
flags		: fpu vme de pse tsc msr pae mce cx8 apic sep mtrr pge mca cmov pat pse36 clflush dts acpi mmx fxsr sse sse2 ss ht tm pbe syscall nx pdpe1gb rdtscp lm constant_tsc art arch_perfmon pebs bts rep_good nopl xtopology nonstop_tsc cpuid aperfmperf tsc_known_freq pni pclmulqdq dtes64 monitor ds_cpl vmx est tm2 ssse3 sdbg fma cx16 xtpr pdcm pcid sse4_1 sse4_2 x2apic movbe popcnt tsc_deadline_timer aes xsave avx f16c rdrand lahf_lm abm 3dnowprefetch cpuid_fault epb invpcid_single pti ssbd ibrs ibpb stibp tpr_shadow vnmi flexpriority ept vpid ept_ad fsgsbase tsc_adjust bmi1 avx2 smep bmi2 erms invpcid mpx rdseed adx smap clflushopt intel_pt xsaveopt xsavec xgetbv1 xsaves dtherm ida arat pln pts hwp hwp_notify hwp_act_window hwp_epp md_clear flush_l1d
bugs		: cpu_meltdown spectre_v1 spectre_v2 spec_store_bypass l1tf mds swapgs
bogomips	: 4416.00
clflush size	: 64
cache_alignment	: 64
address sizes	: 39 bits physical, 48 bits virtual
power management:

processor	: 11
vendor_id	: GenuineIntel
cpu family	: 6
model		: 158
model name	: Intel(R) Core(TM) i7-8750H CPU @ 2.20GHz
stepping	: 10
microcode	: 0xb4
cpu MHz		: 954.104
cache size	: 9216 KB
physical id	: 0
siblings	: 12
core id		: 5
cpu cores	: 6
apicid		: 11
initial apicid	: 11
fpu		: yes
fpu_exception	: yes
cpuid level	: 22
wp		: yes
flags		: fpu vme de pse tsc msr pae mce cx8 apic sep mtrr pge mca cmov pat pse36 clflush dts acpi mmx fxsr sse sse2 ss ht tm pbe syscall nx pdpe1gb rdtscp lm constant_tsc art arch_perfmon pebs bts rep_good nopl xtopology nonstop_tsc cpuid aperfmperf tsc_known_freq pni pclmulqdq dtes64 monitor ds_cpl vmx est tm2 ssse3 sdbg fma cx16 xtpr pdcm pcid sse4_1 sse4_2 x2apic movbe popcnt tsc_deadline_timer aes xsave avx f16c rdrand lahf_lm abm 3dnowprefetch cpuid_fault epb invpcid_single pti ssbd ibrs ibpb stibp tpr_shadow vnmi flexpriority ept vpid ept_ad fsgsbase tsc_adjust bmi1 avx2 smep bmi2 erms invpcid mpx rdseed adx smap clflushopt intel_pt xsaveopt xsavec xgetbv1 xsaves dtherm ida arat pln pts hwp hwp_notify hwp_act_window hwp_epp md_clear flush_l1d
bugs		: cpu_meltdown spectre_v1 spectre_v2 spec_store_bypass l1tf mds swapgs
bogomips	: 4416.00
clflush size	: 64
cache_alignment	: 64
address sizes	: 39 bits physical, 48 bits virtual
power management:



Memory: 4k page, physical 16269588k(186244k free), swap 2097148k(881572k free)

vm_info: OpenJDK 64-Bit Server VM (25.222-b10) for linux-amd64 JRE (1.8.0_222-8u222-b10-1ubuntu1~18.04.1-b10), built on Jul 18 2019 18:52:48 by "buildd" with gcc 7.4.0

time: Sun Mar  1 17:52:10 2020
timezone: CET
elapsed time: 10 seconds (0d 0h 0m 10s)

